isNoise False
traindir ILSVRC/Data/CLS-LOC/train
valdir ILSVRC/Data/CLS-LOC/val
Epoch: [0][   0/6673]	Time  2.976 ( 2.976)	Data  1.788 ( 1.788)	Loss 6.9317e+00 (6.9317e+00)	Acc@1   0.00 (  0.00)	Acc@5   0.52 (  0.52)
 * Acc@1 25.451 Acc@5 49.432
Epoch: [1][   0/6673]	Time  2.076 ( 2.076)	Data  1.984 ( 1.984)	Loss 3.9548e+00 (3.9548e+00)	Acc@1  23.96 ( 23.96)	Acc@5  46.88 ( 46.88)
 * Acc@1 36.499 Acc@5 62.901
Epoch: [2][   0/6673]	Time  1.604 ( 1.604)	Data  1.509 ( 1.509)	Loss 3.1112e+00 (3.1112e+00)	Acc@1  36.46 ( 36.46)	Acc@5  60.94 ( 60.94)
 * Acc@1 40.159 Acc@5 66.723
Epoch: [3][   0/6673]	Time  1.603 ( 1.603)	Data  1.510 ( 1.510)	Loss 2.9312e+00 (2.9312e+00)	Acc@1  37.50 ( 37.50)	Acc@5  61.98 ( 61.98)
 * Acc@1 38.713 Acc@5 65.374
Epoch: [4][   0/6673]	Time  1.718 ( 1.718)	Data  1.628 ( 1.628)	Loss 2.5057e+00 (2.5057e+00)	Acc@1  48.44 ( 48.44)	Acc@5  71.88 ( 71.88)
 * Acc@1 44.214 Acc@5 70.376
Epoch: [5][   0/6673]	Time  1.664 ( 1.664)	Data  1.554 ( 1.554)	Loss 2.6238e+00 (2.6238e+00)	Acc@1  43.75 ( 43.75)	Acc@5  66.67 ( 66.67)
 * Acc@1 43.910 Acc@5 70.356
Epoch: [6][   0/6673]	Time  1.511 ( 1.511)	Data  1.424 ( 1.424)	Loss 2.5008e+00 (2.5008e+00)	Acc@1  47.40 ( 47.40)	Acc@5  67.71 ( 67.71)
 * Acc@1 46.056 Acc@5 72.577
Epoch: [7][   0/6673]	Time  1.376 ( 1.376)	Data  1.293 ( 1.293)	Loss 2.5230e+00 (2.5230e+00)	Acc@1  44.79 ( 44.79)	Acc@5  68.75 ( 68.75)
 * Acc@1 46.054 Acc@5 72.518
Epoch: [8][   0/6673]	Time  1.481 ( 1.481)	Data  1.388 ( 1.388)	Loss 2.5473e+00 (2.5473e+00)	Acc@1  45.31 ( 45.31)	Acc@5  67.71 ( 67.71)
 * Acc@1 46.288 Acc@5 72.669
Epoch: [9][   0/6673]	Time  1.469 ( 1.469)	Data  1.380 ( 1.380)	Loss 2.6062e+00 (2.6062e+00)	Acc@1  49.48 ( 49.48)	Acc@5  70.83 ( 70.83)
 * Acc@1 47.534 Acc@5 73.922
Epoch: [10][   0/6673]	Time  2.126 ( 2.126)	Data  2.035 ( 2.035)	Loss 2.7710e+00 (2.7710e+00)	Acc@1  34.90 ( 34.90)	Acc@5  65.62 ( 65.62)
 * Acc@1 46.767 Acc@5 73.173
Epoch: [11][   0/6673]	Time  1.572 ( 1.572)	Data  1.484 ( 1.484)	Loss 2.6061e+00 (2.6061e+00)	Acc@1  40.10 ( 40.10)	Acc@5  68.75 ( 68.75)
 * Acc@1 48.653 Acc@5 74.819
Epoch: [12][   0/6673]	Time  1.617 ( 1.617)	Data  1.525 ( 1.525)	Loss 2.5766e+00 (2.5766e+00)	Acc@1  43.75 ( 43.75)	Acc@5  70.31 ( 70.31)
 * Acc@1 49.030 Acc@5 75.332
Epoch: [13][   0/6673]	Time  1.507 ( 1.507)	Data  1.417 ( 1.417)	Loss 2.4961e+00 (2.4961e+00)	Acc@1  46.35 ( 46.35)	Acc@5  73.44 ( 73.44)
 * Acc@1 47.632 Acc@5 73.978
