isNoise True
traindir ILSVRC/Data/CLS-LOC/train
valdir ILSVRC/Data/CLS-LOC/val
Epoch: [0][   0/5005]	Time  4.620 ( 4.620)	Data  2.459 ( 2.459)	Loss 6.9166e+00 (6.9166e+00)	Acc@1   0.39 (  0.39)	Acc@5   0.78 (  0.78)
Epoch: [0][1001/5005]	Time  0.750 ( 0.588)	Data  0.000 ( 0.003)	Loss 5.4038e+00 (6.0870e+00)	Acc@1   7.03 (  2.74)	Acc@5  16.02 (  8.74)
Epoch: [0][2002/5005]	Time  0.509 ( 0.583)	Data  0.000 ( 0.002)	Loss 4.6136e+00 (5.5836e+00)	Acc@1  11.33 (  5.84)	Acc@5  28.52 ( 15.89)
Epoch: [0][3003/5005]	Time  0.525 ( 0.583)	Data  0.000 ( 0.001)	Loss 4.2724e+00 (5.2270e+00)	Acc@1  21.09 (  8.84)	Acc@5  38.67 ( 21.74)
Epoch: [0][4004/5005]	Time  0.869 ( 0.581)	Data  0.000 ( 0.001)	Loss 3.7863e+00 (4.9549e+00)	Acc@1  25.39 ( 11.51)	Acc@5  48.05 ( 26.41)
 * Acc@1 26.819 Acc@5 51.543
Epoch: [1][   0/5005]	Time  3.845 ( 3.845)	Data  2.153 ( 2.153)	Loss 3.5835e+00 (3.5835e+00)	Acc@1  27.73 ( 27.73)	Acc@5  47.66 ( 47.66)
Epoch: [1][1001/5005]	Time  0.661 ( 0.583)	Data  0.003 ( 0.002)	Loss 3.5008e+00 (3.6356e+00)	Acc@1  27.34 ( 26.37)	Acc@5  53.91 ( 49.84)
Epoch: [1][2002/5005]	Time  0.307 ( 0.584)	Data  0.000 ( 0.001)	Loss 3.3922e+00 (3.5652e+00)	Acc@1  32.03 ( 27.54)	Acc@5  53.52 ( 51.17)
Epoch: [1][3003/5005]	Time  0.509 ( 0.583)	Data  0.000 ( 0.001)	Loss 3.2991e+00 (3.4966e+00)	Acc@1  31.25 ( 28.57)	Acc@5  59.77 ( 52.43)
Epoch: [1][4004/5005]	Time  0.520 ( 0.584)	Data  0.000 ( 0.001)	Loss 3.1779e+00 (3.4411e+00)	Acc@1  33.59 ( 29.47)	Acc@5  57.81 ( 53.45)
 * Acc@1 35.289 Acc@5 61.443
Epoch: [2][   0/5005]	Time  2.985 ( 2.985)	Data  1.696 ( 1.696)	Loss 2.9400e+00 (2.9400e+00)	Acc@1  35.16 ( 35.16)	Acc@5  62.11 ( 62.11)
Epoch: [2][1001/5005]	Time  0.980 ( 0.585)	Data  0.000 ( 0.002)	Loss 3.1639e+00 (3.0762e+00)	Acc@1  32.03 ( 35.24)	Acc@5  55.08 ( 60.02)
Epoch: [2][2002/5005]	Time  0.668 ( 0.585)	Data  0.000 ( 0.001)	Loss 2.9754e+00 (3.0519e+00)	Acc@1  35.55 ( 35.64)	Acc@5  58.98 ( 60.44)
Epoch: [2][3003/5005]	Time  0.788 ( 0.586)	Data  0.000 ( 0.001)	Loss 3.0240e+00 (3.0308e+00)	Acc@1  36.72 ( 36.03)	Acc@5  62.50 ( 60.82)
Epoch: [2][4004/5005]	Time  0.613 ( 0.588)	Data  0.000 ( 0.001)	Loss 2.9584e+00 (3.0087e+00)	Acc@1  38.67 ( 36.43)	Acc@5  62.11 ( 61.23)
 * Acc@1 41.565 Acc@5 68.127
Epoch: [3][   0/5005]	Time  2.700 ( 2.700)	Data  1.910 ( 1.910)	Loss 2.7384e+00 (2.7384e+00)	Acc@1  39.84 ( 39.84)	Acc@5  65.23 ( 65.23)
Epoch: [3][1001/5005]	Time  0.723 ( 0.585)	Data  0.000 ( 0.002)	Loss 2.8804e+00 (2.8306e+00)	Acc@1  38.67 ( 39.43)	Acc@5  63.67 ( 64.39)
Epoch: [3][2002/5005]	Time  0.653 ( 0.585)	Data  0.000 ( 0.001)	Loss 2.6750e+00 (2.8264e+00)	Acc@1  41.41 ( 39.51)	Acc@5  69.53 ( 64.41)
Epoch: [3][3003/5005]	Time  0.622 ( 0.584)	Data  0.000 ( 0.001)	Loss 2.5446e+00 (2.8153e+00)	Acc@1  45.31 ( 39.72)	Acc@5  68.36 ( 64.61)
Epoch: [3][4004/5005]	Time  0.444 ( 0.581)	Data  0.000 ( 0.001)	Loss 2.8078e+00 (2.8066e+00)	Acc@1  39.06 ( 39.87)	Acc@5  63.67 ( 64.76)
 * Acc@1 44.572 Acc@5 70.688
Epoch: [4][   0/5005]	Time  2.464 ( 2.464)	Data  1.686 ( 1.686)	Loss 2.9458e+00 (2.9458e+00)	Acc@1  39.45 ( 39.45)	Acc@5  63.28 ( 63.28)
Epoch: [4][1001/5005]	Time  0.549 ( 0.586)	Data  0.000 ( 0.002)	Loss 2.7489e+00 (2.6997e+00)	Acc@1  40.23 ( 41.65)	Acc@5  64.06 ( 66.63)
Epoch: [4][2002/5005]	Time  0.522 ( 0.585)	Data  0.000 ( 0.001)	Loss 2.6696e+00 (2.6960e+00)	Acc@1  44.92 ( 41.71)	Acc@5  67.97 ( 66.60)
Epoch: [4][3003/5005]	Time  0.431 ( 0.584)	Data  0.000 ( 0.001)	Loss 2.6006e+00 (2.6933e+00)	Acc@1  40.62 ( 41.79)	Acc@5  71.88 ( 66.65)
Epoch: [4][4004/5005]	Time  0.487 ( 0.579)	Data  0.000 ( 0.001)	Loss 2.4675e+00 (2.6881e+00)	Acc@1  47.66 ( 41.90)	Acc@5  68.36 ( 66.71)
 * Acc@1 46.673 Acc@5 72.861
Epoch: [5][   0/5005]	Time  2.757 ( 2.757)	Data  1.889 ( 1.889)	Loss 2.5170e+00 (2.5170e+00)	Acc@1  45.31 ( 45.31)	Acc@5  68.75 ( 68.75)
Epoch: [5][1001/5005]	Time  0.703 ( 0.588)	Data  0.000 ( 0.002)	Loss 2.8322e+00 (2.6086e+00)	Acc@1  38.67 ( 43.25)	Acc@5  63.67 ( 68.07)
Epoch: [5][2002/5005]	Time  0.669 ( 0.583)	Data  0.000 ( 0.001)	Loss 2.5240e+00 (2.6112e+00)	Acc@1  42.19 ( 43.23)	Acc@5  69.14 ( 68.01)
Epoch: [5][3003/5005]	Time  0.546 ( 0.582)	Data  0.000 ( 0.001)	Loss 2.4497e+00 (2.6133e+00)	Acc@1  47.27 ( 43.21)	Acc@5  71.09 ( 67.98)
Epoch: [5][4004/5005]	Time  0.916 ( 0.582)	Data  0.000 ( 0.001)	Loss 2.3566e+00 (2.6090e+00)	Acc@1  46.88 ( 43.27)	Acc@5  71.48 ( 68.06)
 * Acc@1 47.043 Acc@5 73.059
Epoch: [6][   0/5005]	Time  2.313 ( 2.313)	Data  1.806 ( 1.806)	Loss 2.5431e+00 (2.5431e+00)	Acc@1  48.05 ( 48.05)	Acc@5  68.36 ( 68.36)
Epoch: [6][1001/5005]	Time  0.453 ( 0.624)	Data  0.000 ( 0.002)	Loss 2.6315e+00 (2.5448e+00)	Acc@1  41.41 ( 44.41)	Acc@5  65.23 ( 69.17)
Epoch: [6][2002/5005]	Time  0.782 ( 0.617)	Data  0.000 ( 0.001)	Loss 2.4965e+00 (2.5499e+00)	Acc@1  48.05 ( 44.35)	Acc@5  68.36 ( 69.06)
Epoch: [6][3003/5005]	Time  0.340 ( 0.607)	Data  0.000 ( 0.001)	Loss 2.5334e+00 (2.5507e+00)	Acc@1  44.92 ( 44.31)	Acc@5  67.58 ( 69.10)
Epoch: [6][4004/5005]	Time  0.505 ( 0.611)	Data  0.000 ( 0.001)	Loss 2.3307e+00 (2.5508e+00)	Acc@1  48.83 ( 44.30)	Acc@5  71.09 ( 69.08)
 * Acc@1 48.015 Acc@5 73.848
