beomgon@beomgon-B360-M-AORUS-PRO:~/pytorch/imagenet$ python main_dilate.py -a resnet18 ILSVRC/Data/CLS-LOC
Epoch: [0][   0/5005]   Time  5.611 ( 5.611)    Data  2.296 ( 2.296)    Loss 6.9995e+00 (6.9995e+00)    Acc@1   0.00 (  0.00)   Acc@5   0.39 (  0.39)
Epoch: [0][2000/5005]   Time  0.336 ( 0.338)    Data  0.000 ( 0.001)    Loss 4.8584e+00 (5.7059e+00)    Acc@1   8.20 (  4.62)   Acc@5  25.39 ( 13.44)
Epoch: [0][4000/5005]   Time  0.353 ( 0.340)    Data  0.000 ( 0.001)    Loss 4.4100e+00 (5.1055e+00)    Acc@1  14.06 (  9.51)   Acc@5  37.11 ( 23.23)
Test: [  0/196] Time  3.362 ( 3.362)    Loss 3.1149e+00 (3.1149e+00)    Acc@1  33.59 ( 33.59)   Acc@5  66.02 ( 66.02)
 *   Acc@1 21.943 Acc@5 44.795
Epoch: [1][   0/5005]   Time  2.705 ( 2.705)    Data  2.555 ( 2.555)    Loss 3.8570e+00 (3.8570e+00)    Acc@1  22.27 ( 22.27)   Acc@5  45.70 ( 45.70)
Epoch: [1][2000/5005]   Time  0.329 ( 0.342)    Data  0.000 ( 0.002)    Loss 3.6441e+00 (3.6898e+00)    Acc@1  24.22 ( 24.94)   Acc@5  50.78 ( 48.57)
Epoch: [1][4000/5005]   Time  0.338 ( 0.342)    Data  0.000 ( 0.001)    Loss 3.1344e+00 (3.5555e+00)    Acc@1  32.81 ( 27.06)   Acc@5  59.38 ( 51.12)
Test: [  0/196] Time  3.429 ( 3.429)    Loss 1.6443e+00 (1.6443e+00)    Acc@1  57.81 ( 57.81)   Acc@5  84.38 ( 84.38)
 *   Acc@1 33.419 Acc@5 60.268
Epoch: [2][   0/5005]   Time  2.558 ( 2.558)    Data  2.401 ( 2.401)    Loss 2.9680e+00 (2.9680e+00)    Acc@1  38.67 ( 38.67)   Acc@5  59.77 ( 59.77)
Epoch: [2][2000/5005]   Time  0.338 ( 0.342)    Data  0.000 ( 0.002)    Loss 3.2605e+00 (3.1398e+00)    Acc@1  32.03 ( 33.68)   Acc@5  55.86 ( 58.84)
Epoch: [2][4000/5005]   Time  0.337 ( 0.341)    Data  0.000 ( 0.001)    Loss 3.1005e+00 (3.0907e+00)    Acc@1  34.38 ( 34.55)   Acc@5  60.55 ( 59.72)
Test: [  0/196] Time  3.399 ( 3.399)    Loss 1.8447e+00 (1.8447e+00)    Acc@1  52.73 ( 52.73)   Acc@5  82.81 ( 82.81)
 *   Acc@1 35.954 Acc@5 62.656
Epoch: [3][   0/5005]   Time  3.127 ( 3.127)    Data  2.945 ( 2.945)    Loss 3.0895e+00 (3.0895e+00)    Acc@1  37.50 ( 37.50)   Acc@5  58.59 ( 58.59)
Epoch: [3][2000/5005]   Time  0.335 ( 0.342)    Data  0.000 ( 0.002)    Loss 3.0738e+00 (2.9044e+00)    Acc@1  36.72 ( 37.77)   Acc@5  61.33 ( 63.00)
Epoch: [3][4000/5005]   Time  0.337 ( 0.341)    Data  0.000 ( 0.001)    Loss 2.5409e+00 (2.8847e+00)    Acc@1  43.36 ( 38.11)   Acc@5  69.92 ( 63.37)
Test: [  0/196] Time  3.427 ( 3.427)    Loss 1.9951e+00 (1.9951e+00)    Acc@1  50.39 ( 50.39)   Acc@5  81.64 ( 81.64)
 *   Acc@1 40.501 Acc@5 67.268
Epoch: [4][   0/5005]   Time  3.377 ( 3.377)    Data  3.219 ( 3.219)    Loss 2.6322e+00 (2.6322e+00)    Acc@1  43.36 ( 43.36)   Acc@5  68.36 ( 68.36)
Epoch: [4][2000/5005]   Time  0.339 ( 0.342)    Data  0.000 ( 0.002)    Loss 2.7812e+00 (2.7752e+00)    Acc@1  38.28 ( 39.95)   Acc@5  64.06 ( 65.29)
Epoch: [4][4000/5005]   Time  0.337 ( 0.341)    Data  0.000 ( 0.001)    Loss 2.5690e+00 (2.7653e+00)    Acc@1  41.41 ( 40.13)   Acc@5  66.41 ( 65.45)
Test: [  0/196] Time  3.351 ( 3.351)    Loss 1.4705e+00 (1.4705e+00)    Acc@1  65.23 ( 65.23)   Acc@5  88.28 ( 88.28)
 *   Acc@1 43.369 Acc@5 70.166
Epoch: [5][   0/5005]   Time  2.977 ( 2.977)    Data  2.810 ( 2.810)    Loss 2.2842e+00 (2.2842e+00)    Acc@1  47.27 ( 47.27)   Acc@5  74.61 ( 74.61)
Epoch: [5][2000/5005]   Time  0.352 ( 0.341)    Data  0.000 ( 0.002)    Loss 2.7597e+00 (2.6920e+00)    Acc@1  36.33 ( 41.39)   Acc@5  66.02 ( 66.68)
Epoch: [5][4000/5005]   Time  0.335 ( 0.341)    Data  0.000 ( 0.001)    Loss 2.6552e+00 (2.6844e+00)    Acc@1  41.02 ( 41.50)   Acc@5  66.41 ( 66.81)
Test: [  0/196] Time  3.462 ( 3.462)    Loss 2.0725e+00 (2.0725e+00)    Acc@1  49.61 ( 49.61)   Acc@5  76.56 ( 76.56)
 *   Acc@1 40.702 Acc@5 67.376
Epoch: [6][   0/5005]   Time  2.335 ( 2.335)    Data  2.195 ( 2.195)    Loss 2.5759e+00 (2.5759e+00)    Acc@1  43.36 ( 43.36)   Acc@5  66.41 ( 66.41)
Epoch: [6][2000/5005]   Time  0.337 ( 0.341)    Data  0.000 ( 0.002)    Loss 2.8392e+00 (2.6324e+00)    Acc@1  40.62 ( 42.47)   Acc@5  65.23 ( 67.64)
Epoch: [6][4000/5005]   Time  0.352 ( 0.341)    Data  0.000 ( 0.001)    Loss 2.3080e+00 (2.6356e+00)    Acc@1  47.27 ( 42.44)   Acc@5  73.05 ( 67.64)
Test: [  0/196] Time  3.361 ( 3.361)    Loss 1.7401e+00 (1.7401e+00)    Acc@1  61.72 ( 61.72)   Acc@5  79.69 ( 79.69)
 *   Acc@1 45.303 Acc@5 71.798
Epoch: [7][   0/5005]   Time  2.882 ( 2.882)    Data  2.733 ( 2.733)    Loss 2.9761e+00 (2.9761e+00)    Acc@1  37.50 ( 37.50)   Acc@5  63.67 ( 63.67)
Epoch: [7][2000/5005]   Time  0.340 ( 0.342)    Data  0.000 ( 0.002)    Loss 2.6839e+00 (2.5923e+00)    Acc@1  42.58 ( 43.18)   Acc@5  69.14 ( 68.36)
Epoch: [7][4000/5005]   Time  0.332 ( 0.340)    Data  0.000 ( 0.001)    Loss 2.7730e+00 (2.5965e+00)    Acc@1  39.84 ( 43.17)   Acc@5  66.80 ( 68.29)
Test: [  0/196] Time  3.283 ( 3.283)    Loss 1.5160e+00 (1.5160e+00)    Acc@1  66.80 ( 66.80)   Acc@5  87.11 ( 87.11)
 *   Acc@1 45.073 Acc@5 71.285
Epoch: [8][   0/5005]   Time  2.393 ( 2.393)    Data  2.233 ( 2.233)    Loss 2.5241e+00 (2.5241e+00)    Acc@1  42.58 ( 42.58)   Acc@5  71.48 ( 71.48)
Epoch: [8][2000/5005]   Time  0.346 ( 0.341)    Data  0.000 ( 0.001)    Loss 2.9059e+00 (2.5593e+00)    Acc@1  38.28 ( 43.79)   Acc@5  62.11 ( 68.90)
Epoch: [8][4000/5005]   Time  0.337 ( 0.340)    Data  0.000 ( 0.001)    Loss 2.5912e+00 (2.5628e+00)    Acc@1  40.62 ( 43.71)   Acc@5  70.70 ( 68.89)
Test: [  0/196] Time  3.329 ( 3.329)    Loss 1.6987e+00 (1.6987e+00)    Acc@1  58.98 ( 58.98)   Acc@5  85.55 ( 85.55)
 *   Acc@1 44.654 Acc@5 71.327
Epoch: [9][   0/5005]   Time  3.415 ( 3.415)    Data  3.253 ( 3.253)    Loss 2.5129e+00 (2.5129e+00)    Acc@1  44.92 ( 44.92)   Acc@5  68.36 ( 68.36)
Epoch: [9][2000/5005]   Time  0.336 ( 0.342)    Data  0.000 ( 0.002)    Loss 2.4965e+00 (2.5291e+00)    Acc@1  44.14 ( 44.33)   Acc@5  68.75 ( 69.40)
Epoch: [9][4000/5005]   Time  0.338 ( 0.340)    Data  0.000 ( 0.001)    Loss 2.3607e+00 (2.5408e+00)    Acc@1  48.83 ( 44.15)   Acc@5  70.70 ( 69.24)
Test: [  0/196] Time  3.379 ( 3.379)    Loss 1.6232e+00 (1.6232e+00)    Acc@1  61.33 ( 61.33)   Acc@5  82.81 ( 82.81)
 *   Acc@1 47.146 Acc@5 73.450
Epoch: [10][   0/5005]  Time  2.407 ( 2.407)    Data  2.263 ( 2.263)    Loss 2.3612e+00 (2.3612e+00)    Acc@1  46.48 ( 46.48)   Acc@5  69.53 ( 69.53)
Epoch: [10][2000/5005]  Time  0.337 ( 0.341)    Data  0.000 ( 0.002)    Loss 2.7470e+00 (2.5136e+00)    Acc@1  40.62 ( 44.68)   Acc@5  69.53 ( 69.65)
Epoch: [10][4000/5005]  Time  0.336 ( 0.340)    Data  0.000 ( 0.001)    Loss 2.3232e+00 (2.5208e+00)    Acc@1  48.05 ( 44.54)   Acc@5  72.66 ( 69.57)
Test: [  0/196] Time  3.392 ( 3.392)    Loss 1.7235e+00 (1.7235e+00)    Acc@1  53.12 ( 53.12)   Acc@5  84.38 ( 84.38)
 *   Acc@1 47.101 Acc@5 73.229
Epoch: [11][   0/5005]  Time  2.905 ( 2.905)    Data  2.759 ( 2.759)    Loss 2.4849e+00 (2.4849e+00)    Acc@1  47.27 ( 47.27)   Acc@5  67.58 ( 67.58)
Epoch: [11][2000/5005]  Time  0.337 ( 0.341)    Data  0.000 ( 0.002)    Loss 2.8545e+00 (2.5023e+00)    Acc@1  40.23 ( 44.87)   Acc@5  67.19 ( 69.85)
Epoch: [11][4000/5005]  Time  0.350 ( 0.340)    Data  0.000 ( 0.001)    Loss 2.4455e+00 (2.5075e+00)    Acc@1  47.66 ( 44.77)   Acc@5  72.27 ( 69.80)
Test: [  0/196] Time  3.343 ( 3.343)    Loss 1.5025e+00 (1.5025e+00)    Acc@1  64.84 ( 64.84)   Acc@5  87.11 ( 87.11)
 *   Acc@1 47.618 Acc@5 74.064
Epoch: [12][   0/5005]  Time  2.890 ( 2.890)    Data  2.735 ( 2.735)    Loss 2.4240e+00 (2.4240e+00)    Acc@1  46.88 ( 46.88)   Acc@5  71.09 ( 71.09)
Epoch: [12][2000/5005]  Time  0.337 ( 0.341)    Data  0.000 ( 0.002)    Loss 2.5023e+00 (2.4839e+00)    Acc@1  44.92 ( 45.13)   Acc@5  67.19 ( 70.16)
Epoch: [12][4000/5005]  Time  0.337 ( 0.340)    Data  0.000 ( 0.001)    Loss 2.7168e+00 (2.4925e+00)    Acc@1  40.62 ( 45.00)   Acc@5  70.31 ( 70.07)
Test: [  0/196] Time  3.385 ( 3.385)    Loss 1.4111e+00 (1.4111e+00)    Acc@1  64.06 ( 64.06)   Acc@5  86.33 ( 86.33)
 *   Acc@1 48.103 Acc@5 74.130
Epoch: [13][   0/5005]  Time  3.261 ( 3.261)    Data  3.101 ( 3.101)    Loss 2.4235e+00 (2.4235e+00)    Acc@1  45.31 ( 45.31)   Acc@5  69.92 ( 69.92)
Epoch: [13][2000/5005]  Time  0.335 ( 0.341)    Data  0.000 ( 0.002)    Loss 2.7995e+00 (2.4704e+00)    Acc@1  40.23 ( 45.39)   Acc@5  63.28 ( 70.46)
Epoch: [13][4000/5005]  Time  0.335 ( 0.340)    Data  0.000 ( 0.001)    Loss 2.5073e+00 (2.4794e+00)    Acc@1  48.44 ( 45.22)   Acc@5  71.09 ( 70.30)
Test: [  0/196] Time  3.427 ( 3.427)    Loss 1.5982e+00 (1.5982e+00)    Acc@1  56.64 ( 56.64)   Acc@5  85.94 ( 85.94)
 *   Acc@1 42.698 Acc@5 68.888
Epoch: [14][   0/5005]  Time  2.800 ( 2.800)    Data  2.651 ( 2.651)    Loss 2.6097e+00 (2.6097e+00)    Acc@1  42.58 ( 42.58)   Acc@5  69.92 ( 69.92)
Epoch: [14][2000/5005]  Time  0.352 ( 0.341)    Data  0.000 ( 0.002)    Loss 2.3192e+00 (2.4603e+00)    Acc@1  46.88 ( 45.59)   Acc@5  69.14 ( 70.59)
Epoch: [14][4000/5005]  Time  0.339 ( 0.340)    Data  0.000 ( 0.001)    Loss 2.2391e+00 (2.4684e+00)    Acc@1  46.88 ( 45.47)   Acc@5  71.48 ( 70.44)
Test: [  0/196] Time  3.416 ( 3.416)    Loss 1.7150e+00 (1.7150e+00)    Acc@1  58.59 ( 58.59)   Acc@5  84.77 ( 84.77)
 *   Acc@1 48.215 Acc@5 74.207
Epoch: [15][   0/5005]  Time  3.302 ( 3.302)    Data  3.138 ( 3.138)    Loss 2.7382e+00 (2.7382e+00)    Acc@1  39.45 ( 39.45)   Acc@5  64.84 ( 64.84)
Epoch: [15][2000/5005]  Time  0.354 ( 0.341)    Data  0.000 ( 0.002)    Loss 2.5352e+00 (2.4516e+00)    Acc@1  44.14 ( 45.79)   Acc@5  68.36 ( 70.78)
Epoch: [15][4000/5005]  Time  0.346 ( 0.340)    Data  0.000 ( 0.001)    Loss 2.4045e+00 (2.4601e+00)    Acc@1  48.83 ( 45.60)   Acc@5  71.48 ( 70.64)
Test: [  0/196] Time  3.459 ( 3.459)    Loss 1.5492e+00 (1.5492e+00)    Acc@1  63.67 ( 63.67)   Acc@5  84.77 ( 84.77)
 *   Acc@1 47.880 Acc@5 73.904
Epoch: [16][   0/5005]  Time  3.329 ( 3.329)    Data  3.171 ( 3.171)    Loss 2.5244e+00 (2.5244e+00)    Acc@1  46.09 ( 46.09)   Acc@5  69.53 ( 69.53)
Epoch: [16][2000/5005]  Time  0.336 ( 0.341)    Data  0.000 ( 0.002)    Loss 2.8045e+00 (2.4440e+00)    Acc@1  39.45 ( 45.88)   Acc@5  64.45 ( 70.81)
Epoch: [16][4000/5005]  Time  0.335 ( 0.340)    Data  0.000 ( 0.001)    Loss 2.3619e+00 (2.4519e+00)    Acc@1  47.66 ( 45.78)   Acc@5  72.27 ( 70.70)
Test: [  0/196] Time  3.452 ( 3.452)    Loss 1.6972e+00 (1.6972e+00)    Acc@1  58.59 ( 58.59)   Acc@5  81.25 ( 81.25)
 *   Acc@1 46.805 Acc@5 73.227
Epoch: [17][   0/5005]  Time  2.746 ( 2.746)    Data  2.611 ( 2.611)    Loss 2.5156e+00 (2.5156e+00)    Acc@1  44.14 ( 44.14)   Acc@5  67.97 ( 67.97)
Epoch: [17][2000/5005]  Time  0.337 ( 0.341)    Data  0.000 ( 0.002)    Loss 2.5328e+00 (2.4367e+00)    Acc@1  39.84 ( 46.05)   Acc@5  69.53 ( 71.02)
Epoch: [17][4000/5005]  Time  0.338 ( 0.340)    Data  0.000 ( 0.001)    Loss 2.6463e+00 (2.4435e+00)    Acc@1  41.80 ( 45.93)   Acc@5  66.41 ( 70.90)
Test: [  0/196] Time  3.420 ( 3.420)    Loss 1.6182e+00 (1.6182e+00)    Acc@1  62.50 ( 62.50)   Acc@5  86.33 ( 86.33)
 *   Acc@1 47.512 Acc@5 73.698
Epoch: [18][   0/5005]  Time  2.981 ( 2.981)    Data  2.842 ( 2.842)    Loss 2.4593e+00 (2.4593e+00)    Acc@1  45.31 ( 45.31)   Acc@5  70.70 ( 70.70)
Epoch: [18][2000/5005]  Time  0.337 ( 0.341)    Data  0.000 ( 0.002)    Loss 2.6103e+00 (2.4249e+00)    Acc@1  45.31 ( 46.25)   Acc@5  67.97 ( 71.19)
Epoch: [18][4000/5005]  Time  0.349 ( 0.340)    Data  0.000 ( 0.001)    Loss 2.2898e+00 (2.4343e+00)    Acc@1  49.61 ( 46.09)   Acc@5  77.73 ( 71.02)
Test: [  0/196] Time  3.341 ( 3.341)    Loss 1.8176e+00 (1.8176e+00)    Acc@1  57.81 ( 57.81)   Acc@5  82.81 ( 82.81)
 *   Acc@1 43.595 Acc@5 69.621
Epoch: [19][   0/5005]  Time  2.819 ( 2.819)    Data  2.658 ( 2.658)    Loss 2.4435e+00 (2.4435e+00)    Acc@1  46.09 ( 46.09)   Acc@5  68.36 ( 68.36)
Epoch: [19][2000/5005]  Time  0.336 ( 0.341)    Data  0.000 ( 0.002)    Loss 2.4346e+00 (2.4233e+00)    Acc@1  43.75 ( 46.27)   Acc@5  71.09 ( 71.19)
Epoch: [19][4000/5005]  Time  0.327 ( 0.340)    Data  0.000 ( 0.001)    Loss 2.3659e+00 (2.4315e+00)    Acc@1  47.27 ( 46.10)   Acc@5  68.75 ( 71.08)
Test: [  0/196] Time  3.367 ( 3.367)    Loss 1.4948e+00 (1.4948e+00)    Acc@1  60.55 ( 60.55)   Acc@5  86.72 ( 86.72)
 *   Acc@1 49.490 Acc@5 75.486
Epoch: [20][   0/5005]  Time  3.160 ( 3.160)    Data  2.978 ( 2.978)    Loss 2.4494e+00 (2.4494e+00)    Acc@1  47.66 ( 47.66)   Acc@5  73.05 ( 73.05)
Epoch: [20][2000/5005]  Time  0.335 ( 0.341)    Data  0.000 ( 0.002)    Loss 2.4494e+00 (2.4159e+00)    Acc@1  43.75 ( 46.46)   Acc@5  72.66 ( 71.35)
Epoch: [20][4000/5005]  Time  0.336 ( 0.340)    Data  0.000 ( 0.001)    Loss 2.2178e+00 (2.4249e+00)    Acc@1  50.39 ( 46.27)   Acc@5  75.78 ( 71.20)
Test: [  0/196] Time  3.423 ( 3.423)    Loss 1.6221e+00 (1.6221e+00)    Acc@1  59.77 ( 59.77)   Acc@5  84.38 ( 84.38)
 *   Acc@1 47.450 Acc@5 74.142
Epoch: [21][   0/5005]  Time  2.829 ( 2.829)    Data  2.693 ( 2.693)    Loss 2.2870e+00 (2.2870e+00)    Acc@1  52.34 ( 52.34)   Acc@5  73.05 ( 73.05)
Epoch: [21][2000/5005]  Time  0.337 ( 0.341)    Data  0.000 ( 0.002)    Loss 2.6056e+00 (2.4099e+00)    Acc@1  41.80 ( 46.51)   Acc@5  65.62 ( 71.43)
Epoch: [21][4000/5005]  Time  0.339 ( 0.340)    Data  0.000 ( 0.001)    Loss 2.3328e+00 (2.4195e+00)    Acc@1  50.78 ( 46.35)   Acc@5  71.88 ( 71.28)
Test: [  0/196] Time  3.375 ( 3.375)    Loss 1.3057e+00 (1.3057e+00)    Acc@1  64.84 ( 64.84)   Acc@5  89.84 ( 89.84)
 *   Acc@1 48.990 Acc@5 75.510
Epoch: [22][   0/5005]  Time  3.102 ( 3.102)    Data  2.944 ( 2.944)    Loss 2.2839e+00 (2.2839e+00)    Acc@1  50.39 ( 50.39)   Acc@5  73.44 ( 73.44)
Epoch: [22][2000/5005]  Time  0.334 ( 0.341)    Data  0.000 ( 0.002)    Loss 2.4431e+00 (2.4049e+00)    Acc@1  45.70 ( 46.57)   Acc@5  68.36 ( 71.53)
Epoch: [22][4000/5005]  Time  0.335 ( 0.340)    Data  0.000 ( 0.001)    Loss 2.3561e+00 (2.4148e+00)    Acc@1  44.92 ( 46.48)   Acc@5  73.83 ( 71.37)
Test: [  0/196] Time  3.374 ( 3.374)    Loss 1.7963e+00 (1.7963e+00)    Acc@1  55.47 ( 55.47)   Acc@5  80.47 ( 80.47)
 *   Acc@1 47.079 Acc@5 73.568
Epoch: [23][   0/5005]  Time  3.268 ( 3.268)    Data  3.113 ( 3.113)    Loss 2.4674e+00 (2.4674e+00)    Acc@1  46.88 ( 46.88)   Acc@5  70.31 ( 70.31)
Epoch: [23][2000/5005]  Time  0.331 ( 0.341)    Data  0.000 ( 0.002)    Loss 2.3791e+00 (2.3979e+00)    Acc@1  44.92 ( 46.77)   Acc@5  69.14 ( 71.62)
Epoch: [23][4000/5005]  Time  0.339 ( 0.340)    Data  0.000 ( 0.001)    Loss 2.4969e+00 (2.4085e+00)    Acc@1  46.48 ( 46.62)   Acc@5  69.14 ( 71.45)
Test: [  0/196] Time  3.385 ( 3.385)    Loss 1.5253e+00 (1.5253e+00)    Acc@1  59.77 ( 59.77)   Acc@5  85.55 ( 85.55)
 *   Acc@1 49.008 Acc@5 75.484
Epoch: [24][   0/5005]  Time  2.630 ( 2.630)    Data  2.478 ( 2.478)    Loss 2.1116e+00 (2.1116e+00)    Acc@1  53.12 ( 53.12)   Acc@5  76.95 ( 76.95)
Epoch: [24][2000/5005]  Time  0.337 ( 0.341)    Data  0.000 ( 0.002)    Loss 2.1781e+00 (2.3995e+00)    Acc@1  54.69 ( 46.66)   Acc@5  73.83 ( 71.55)
Epoch: [24][4000/5005]  Time  0.344 ( 0.341)    Data  0.000 ( 0.001)    Loss 2.4327e+00 (2.4076e+00)    Acc@1  46.88 ( 46.57)   Acc@5  69.53 ( 71.44)




Test: [  0/196] Time  3.489 ( 3.489)    Loss 1.5501e+00 (1.5501e+00)    Acc@1  61.33 ( 61.33)   Acc@5  88.28 ( 88.28)
 *   Acc@1 48.780 Acc@5 74.823
Epoch: [25][   0/5005]  Time  3.370 ( 3.370)    Data  3.209 ( 3.209)    Loss 2.3457e+00 (2.3457e+00)    Acc@1  48.83 ( 48.83)   Acc@5  71.88 ( 71.88)
Epoch: [25][2000/5005]  Time  0.352 ( 0.346)    Data  0.000 ( 0.002)    Loss 2.3914e+00 (2.3928e+00)    Acc@1  44.53 ( 46.93)   Acc@5  72.66 ( 71.72)
Epoch: [25][4000/5005]  Time  0.360 ( 0.347)    Data  0.000 ( 0.001)    Loss 2.3829e+00 (2.4030e+00)    Acc@1  47.27 ( 46.69)   Acc@5  71.09 ( 71.55)
Test: [  0/196] Time  3.473 ( 3.473)    Loss 1.4622e+00 (1.4622e+00)    Acc@1  62.89 ( 62.89)   Acc@5  89.84 ( 89.84)
 *   Acc@1 48.045 Acc@5 74.016
Epoch: [26][   0/5005]  Time  2.856 ( 2.856)    Data  2.638 ( 2.638)    Loss 2.2168e+00 (2.2168e+00)    Acc@1  52.34 ( 52.34)   Acc@5  73.83 ( 73.83)
Epoch: [26][2000/5005]  Time  0.337 ( 0.350)    Data  0.000 ( 0.002)    Loss 2.5069e+00 (2.3822e+00)    Acc@1  44.92 ( 47.09)   Acc@5  71.88 ( 71.87)
Epoch: [26][4000/5005]  Time  0.362 ( 0.346)    Data  0.000 ( 0.001)    Loss 2.3854e+00 (2.3989e+00)    Acc@1  49.22 ( 46.80)   Acc@5  70.70 ( 71.58)
Test: [  0/196] Time  3.473 ( 3.473)    Loss 1.6070e+00 (1.6070e+00)    Acc@1  59.38 ( 59.38)   Acc@5  83.98 ( 83.98)
 *   Acc@1 48.605 Acc@5 74.801
Epoch: [27][   0/5005]  Time  3.519 ( 3.519)    Data  3.385 ( 3.385)    Loss 2.4277e+00 (2.4277e+00)    Acc@1  45.31 ( 45.31)   Acc@5  69.53 ( 69.53)
Epoch: [27][2000/5005]  Time  0.352 ( 0.351)    Data  0.000 ( 0.002)    Loss 2.3208e+00 (2.3892e+00)    Acc@1  45.31 ( 46.87)   Acc@5  71.88 ( 71.71)
Data  3.209 ( 3.209)    Loss 2.3457e+00 (2.3457e+00)    Acc@1  48.83 ( 48.83)   Acc@5  71.88 ( 71.88)
Epoch: [25][2000/5005]  Time  0.352 ( 0.346)    Data  0.000 ( 0.002)    Loss 2.3914e+00 (2.3928e+00)    Acc@1  44.53 ( 46.93)   Acc@5  72.66 ( 71.72)
Epoch: [25][4000/5005]  Time  0.360 ( 0.347)    Data  0.000 ( 0.001)    Loss 2.3829e+00 (2.4030e+00)    Acc@1  47.27 ( 46.69)   Acc@5  71.09 ( 71.55)
Test: [  0/196] Time  3.473 ( 3.473)    Loss 1.4622e+00 (1.4622e+00)    Acc@1  62.89 ( 62.89)   Acc@5  89.84 ( 89.84)
 *   Acc@1 48.045 Acc@5 74.016
Epoch: [26][   0/5005]  Time  2.856 ( 2.856)    Data  2.638 ( 2.638)    Loss 2.2168e+00 (2.2168e+00)    Acc@1  52.34 ( 52.34)   Acc@5  73.83 ( 73.83)
Epoch: [26][2000/5005]  Time  0.337 ( 0.350)    Data  0.000 ( 0.002)    Loss 2.5069e+00 (2.3822e+00)    Acc@1  44.92 ( 47.09)   Acc@5  71.88 ( 71.87)
Epoch: [26][4000/5005]  Time  0.362 ( 0.346)    Data  0.000 ( 0.001)    Loss 2.3854e+00 (2.3989e+00)    Acc@1  49.22 ( 46.80)   Acc@5  70.70 ( 71.58)
Test: [  0/196] Time  3.473 ( 3.473)    Loss 1.6070e+00 (1.6070e+00)    Acc@1  59.38 ( 59.38)   Acc@5  83.98 ( 83.98)
 *   Acc@1 48.605 Acc@5 74.801
Epoch: [27][   0/5005]  Time  3.519 ( 3.519)    Data  3.385 ( 3.385)    Loss 2.4277e+00 (2.4277e+00)    Acc@1  45.31 ( 45.31)   Acc@5  69.53 ( 69.53)
Epoch: [27][2000/5005]  Time  0.352 ( 0.351)    Data  0.000 ( 0.002)    Loss 2.3208e+00 (2.3892e+00)    Acc@1  45.31 ( 46.87)   Acc@5  71.88 ( 71.71)
Epoch: [27][4000/5005]  Time  0.352 ( 0.346)    Data  0.000 ( 0.001)    Loss 2.3361e+00 (2.3989e+00)    Acc@1  50.39 ( 46.71)   Acc@5  72.27 ( 71.60)
Test: [  0/196] Time  3.442 ( 3.442)    Loss 1.2774e+00 (1.2774e+00)    Acc@1  71.09 ( 71.09)   Acc@5  89.84 ( 89.84)
 *   Acc@1 50.990 Acc@5 76.469
Epoch: [28][   0/5005]  Time  3.380 ( 3.380)    Data  3.245 ( 3.245)    Loss 2.2233e+00 (2.2233e+00)    Acc@1  48.05 ( 48.05)   Acc@5  73.05 ( 73.05)
Epoch: [28][2000/5005]  Time  0.361 ( 0.347)    Data  0.000 ( 0.002)    Loss 2.7187e+00 (2.3789e+00)    Acc@1  44.14 ( 47.13)   Acc@5  65.62 ( 71.95)
Epoch: [28][4000/5005]  Time  0.348 ( 0.346)    Data  0.000 ( 0.001)    Loss 2.5416e+00 (2.3950e+00)    Acc@1  42.97 ( 46.84)   Acc@5  66.80 ( 71.68)
Test: [  0/196] Time  3.585 ( 3.585)    Loss 1.8403e+00 (1.8403e+00)    Acc@1  55.08 ( 55.08)   Acc@5  83.20 ( 83.20)
 *   Acc@1 48.025 Acc@5 74.199
Epoch: [29][   0/5005]  Time  2.659 ( 2.659)    Data  2.509 ( 2.509)    Loss 2.1864e+00 (2.1864e+00)    Acc@1  50.00 ( 50.00)   Acc@5  76.17 ( 76.17)
Epoch: [29][2000/5005]  Time  0.355 ( 0.357)    Data  0.000 ( 0.002)    Loss 2.2032e+00 (2.3799e+00)    Acc@1  48.44 ( 47.02)   Acc@5  75.39 ( 71.88)
Epoch: [29][4000/5005]  Time  0.368 ( 0.356)    Data  0.000 ( 0.001)    Loss 2.2057e+00 (2.3898e+00)    Acc@1  52.34 ( 46.92)   Acc@5  76.17 ( 71.74)
Test: [  0/196] Time  3.373 ( 3.373)    Loss 1.5781e+00 (1.5781e+00)    Acc@1  61.33 ( 61.33)   Acc@5  84.77 ( 84.77)
 *   Acc@1 48.870 Acc@5 75.028
Epoch: [30][   0/5005]  Time  2.684 ( 2.684)    Data  2.549 ( 2.549)    Loss 2.1651e+00 (2.1651e+00)    Acc@1  48.83 ( 48.83)   Acc@5  78.12 ( 78.12)
Acc@1  50.00 ( 50.00)   Acc@5  76.17 ( 76.17)
Epoch: [29][2000/5005]  Time  0.355 ( 0.357)    Data  0.000 ( 0.002)    Loss 2.2032e+00 (2.3799e+00)    Acc@1  48.44 ( 47.02)   Acc@5  75.39 ( 71.88)
Epoch: [29][4000/5005]  Time  0.368 ( 0.356)    Data  0.000 ( 0.001)    Loss 2.2057e+00 (2.3898e+00)    Acc@1  52.34 ( 46.92)   Acc@5  76.17 ( 71.74)
Test: [  0/196] Time  3.373 ( 3.373)    Loss 1.5781e+00 (1.5781e+00)    Acc@1  61.33 ( 61.33)   Acc@5  84.77 ( 84.77)
 *   Acc@1 48.870 Acc@5 75.028
Epoch: [30][   0/5005]  Time  2.684 ( 2.684)    Data  2.549 ( 2.549)    Loss 2.1651e+00 (2.1651e+00)    Acc@1  48.83 ( 48.83)   Acc@5  78.12 ( 78.12)
Epoch: [30][2000/5005]  Time  0.338 ( 0.347)    Data  0.000 ( 0.002)    Loss 1.9610e+00 (1.9458e+00)    Acc@1  54.69 ( 55.92)   Acc@5  77.34 ( 78.49)
Epoch: [30][4000/5005]  Time  0.346 ( 0.346)    Data  0.000 ( 0.001)    Loss 2.0142e+00 (1.8948e+00)    Acc@1  53.52 ( 56.92)   Acc@5  75.00 ( 79.23)
Test: [  0/196] Time  3.448 ( 3.448)    Loss 9.9077e-01 (9.9077e-01)    Acc@1  74.22 ( 74.22)   Acc@5  91.41 ( 91.41)
 *   Acc@1 63.095 Acc@5 85.160
Epoch: [31][   0/5005]  Time  3.493 ( 3.493)    Data  3.331 ( 3.331)    Loss 1.7185e+00 (1.7185e+00)    Acc@1  59.38 ( 59.38)   Acc@5  83.20 ( 83.20)
Epoch: [31][2000/5005]  Time  0.338 ( 0.346)    Data  0.000 ( 0.002)    Loss 1.6707e+00 (1.7719e+00)    Acc@1  60.55 ( 59.27)   Acc@5  84.38 ( 81.02)
Epoch: [31][4000/5005]  Time  0.341 ( 0.346)    Data  0.000 ( 0.001)    Loss 1.8727e+00 (1.7647e+00)    Acc@1  58.59 ( 59.43)   Acc@5  78.12 ( 81.11)
Test: [  0/196] Time  3.508 ( 3.508)    Loss 1.0194e+00 (1.0194e+00)    Acc@1  72.66 ( 72.66)   Acc@5  91.80 ( 91.80)
 *   Acc@1 64.270 Acc@5 85.839
Epoch: [32][   0/5005]  Time  2.942 ( 2.942)    Data  2.801 ( 2.801)    Loss 1.9832e+00 (1.9832e+00)    Acc@1  56.25 ( 56.25)   Acc@5  74.61 ( 74.61)
Epoch: [32][2000/5005]  Time  0.348 ( 0.348)    Data  0.000 ( 0.002)    Loss 1.8762e+00 (1.7160e+00)    Acc@1  56.64 ( 60.42)   Acc@5  80.08 ( 81.84)
Epoch: [32][4000/5005]  Time  0.339 ( 0.346)    Data  0.000 ( 0.001)    Loss 1.6499e+00 (1.7143e+00)    Acc@1  63.67 ( 60.48)   Acc@5  83.59 ( 81.82)
Test: [  0/196] Time  3.408 ( 3.408)    Loss 9.4925e-01 (9.4925e-01)    Acc@1  74.61 ( 74.61)   Acc@5  93.36 ( 93.36)
 *   Acc@1 64.425 Acc@5 85.995
Epoch: [33][   0/5005]  Time  3.401 ( 3.401)    Data  3.243 ( 3.243)    Loss 1.7361e+00 (1.7361e+00)    Acc@1  58.98 ( 58.98)   Acc@5  82.81 ( 82.81)
Epoch: [33][2000/5005]  Time  0.340 ( 0.345)    Data  0.000 ( 0.002)    Loss 1.8631e+00 (1.6834e+00)    Acc@1  60.16 ( 61.11)   Acc@5  80.08 ( 82.23)
Epoch: [33][4000/5005]  Time  0.328 ( 0.347)    Data  0.000 ( 0.001)    Loss 1.6469e+00 (1.6845e+00)    Acc@1  59.77 ( 61.05)   Acc@5  84.77 ( 82.22)
Test: [  0/196] Time  3.453 ( 3.453)    Loss 1.0065e+00 (1.0065e+00)    Acc@1  73.83 ( 73.83)   Acc@5  91.41 ( 91.41)
 *   Acc@1 64.785 Acc@5 86.149
Epoch: [34][   0/5005]  Time  3.307 ( 3.307)    Data  3.170 ( 3.170)    Loss 1.6257e+00 (1.6257e+00)    Acc@1  64.45 ( 64.45)   Acc@5  83.59 ( 83.59)
Epoch: [34][2000/5005]  Time  0.356 ( 0.346)    Data  0.000 ( 0.002)    Loss 1.6239e+00 (1.6609e+00)    Acc@1  63.67 ( 61.48)   Acc@5  80.86 ( 82.58)
Epoch: [34][4000/5005]  Time  0.356 ( 0.346)    Data  0.000 ( 0.001)    Loss 1.4038e+00 (1.6646e+00)    Acc@1  66.80 ( 61.41)   Acc@5  86.33 ( 82.52)
Test: [  0/196] Time  3.538 ( 3.538)    Loss 9.2158e-01 (9.2158e-01)    Acc@1  77.34 ( 77.34)   Acc@5  92.97 ( 92.97)
 *   Acc@1 65.153 Acc@5 86.516
Epoch: [35][   0/5005]  Time  2.763 ( 2.763)    Data  2.616 ( 2.616)    Loss 1.6570e+00 (1.6570e+00)    Acc@1  62.89 ( 62.89)   Acc@5  84.77 ( 84.77)
Epoch: [35][2000/5005]  Time  0.344 ( 0.350)    Data  0.000 ( 0.002)    Loss 1.7035e+00 (1.6500e+00)    Acc@1  63.28 ( 61.69)   Acc@5  82.03 ( 82.76)
Epoch: [35][4000/5005]  Time  0.338 ( 0.348)    Data  0.000 ( 0.001)    Loss 1.6802e+00 (1.6524e+00)    Acc@1  65.62 ( 61.66)   Acc@5  82.42 ( 82.71)
Test: [  0/196] Time  3.430 ( 3.430)    Loss 8.4620e-01 (8.4620e-01)    Acc@1  80.08 ( 80.08)   Acc@5  92.58 ( 92.58)
 *   Acc@1 64.759 Acc@5 86.415
Epoch: [36][   0/5005]  Time  2.624 ( 2.624)    Data  2.484 ( 2.484)    Loss 1.6677e+00 (1.6677e+00)    Acc@1  59.38 ( 59.38)   Acc@5  84.77 ( 84.77)
Epoch: [36][2000/5005]  Time  0.347 ( 0.352)    Data  0.000 ( 0.002)    Loss 1.7112e+00 (1.6351e+00)    Acc@1  60.94 ( 61.94)   Acc@5  81.64 ( 83.00)
Epoch: [36][4000/5005]  Time  0.343 ( 0.352)    Data  0.000 ( 0.001)    Loss 1.5374e+00 (1.6420e+00)    Acc@1  61.72 ( 61.82)   Acc@5  85.55 ( 82.87)
Test: [  0/196] Time  3.482 ( 3.482)    Loss 8.8941e-01 (8.8941e-01)    Acc@1  78.52 ( 78.52)   Acc@5  92.58 ( 92.58)
 *   Acc@1 65.304 Acc@5 86.548
Epoch: [37][   0/5005]  Time  3.199 ( 3.199)    Data  3.041 ( 3.041)    Loss 1.4776e+00 (1.4776e+00)    Acc@1  65.62 ( 65.62)   Acc@5  85.94 ( 85.94)
Epoch: [37][2000/5005]  Time  0.344 ( 0.354)    Data  0.000 ( 0.002)    Loss 1.6559e+00 (1.6250e+00)    Acc@1  58.20 ( 62.14)   Acc@5  84.38 ( 83.10)
Epoch: [37][4000/5005]  Time  0.341 ( 0.349)    Data  0.000 ( 0.001)    Loss 1.6618e+00 (1.6361e+00)    Acc@1  61.33 ( 61.94)   Acc@5  82.03 ( 82.93)
Test: [  0/196] Time  3.860 ( 3.860)    Loss 8.6224e-01 (8.6224e-01)    Acc@1  74.61 ( 74.61)   Acc@5  94.53 ( 94.53)
 *   Acc@1 65.194 Acc@5 86.439
Epoch: [38][   0/5005]  Time  2.884 ( 2.884)    Data  2.723 ( 2.723)    Loss 1.2812e+00 (1.2812e+00)    Acc@1  69.92 ( 69.92)   Acc@5  87.50 ( 87.50)
Epoch: [38][2000/5005]  Time  0.349 ( 0.352)    Data  0.000 ( 0.002)    Loss 1.7644e+00 (1.6210e+00)    Acc@1  55.47 ( 62.26)   Acc@5  82.81 ( 83.11)
Epoch: [38][4000/5005]  Time  0.340 ( 0.351)    Data  0.000 ( 0.001)    Loss 1.9527e+00 (1.6325e+00)    Acc@1  57.03 ( 62.04)   Acc@5  79.69 ( 82.98)
Test: [  0/196] Time  3.297 ( 3.297)    Loss 9.1104e-01 (9.1104e-01)    Acc@1  77.34 ( 77.34)   Acc@5  93.36 ( 93.36)
 *   Acc@1 64.825 Acc@5 86.211
Epoch: [39][   0/5005]  Time  3.351 ( 3.351)    Data  3.190 ( 3.190)    Loss 1.6523e+00 (1.6523e+00)    Acc@1  63.67 ( 63.67)   Acc@5  82.42 ( 82.42)
Epoch: [39][2000/5005]  Time  0.354 ( 0.350)    Data  0.000 ( 0.002)    Loss 1.7563e+00 (1.6209e+00)    Acc@1  61.72 ( 62.24)   Acc@5  80.08 ( 83.18)
Epoch: [39][4000/5005]  Time  0.337 ( 0.349)    Data  0.000 ( 0.001)    Loss 1.6056e+00 (1.6292e+00)    Acc@1  62.11 ( 62.08)   Acc@5  82.03 ( 83.05)
Test: [  0/196] Time  3.492 ( 3.492)    Loss 8.8489e-01 (8.8489e-01)    Acc@1  78.91 ( 78.91)   Acc@5  93.75 ( 93.75)
 *   Acc@1 64.691 Acc@5 86.399
Epoch: [40][   0/5005]  Time  3.406 ( 3.406)    Data  3.244 ( 3.244)    Loss 1.5650e+00 (1.5650e+00)    Acc@1  62.50 ( 62.50)   Acc@5  83.98 ( 83.98)
Epoch: [40][2000/5005]  Time  0.337 ( 0.344)    Data  0.000 ( 0.002)    Loss 1.5522e+00 (1.6196e+00)    Acc@1  64.84 ( 62.28)   Acc@5  86.33 ( 83.16)
Epoch: [40][4000/5005]  Time  0.339 ( 0.343)    Data  0.000 ( 0.001)    Loss 1.7051e+00 (1.6279e+00)    Acc@1  59.77 ( 62.12)   Acc@5  80.86 ( 83.05)
Test: [  0/196] Time  3.407 ( 3.407)    Loss 8.8314e-01 (8.8314e-01)    Acc@1  76.95 ( 76.95)   Acc@5  93.75 ( 93.75)
 *   Acc@1 64.689 Acc@5 86.407
Epoch: [41][   0/5005]  Time  2.727 ( 2.727)    Data  2.590 ( 2.590)    Loss 1.5042e+00 (1.5042e+00)    Acc@1  65.23 ( 65.23)   Acc@5  86.33 ( 86.33)
Epoch: [41][2000/5005]  Time  0.339 ( 0.351)    Data  0.000 ( 0.002)    Loss 1.8084e+00 (1.6196e+00)    Acc@1  58.59 ( 62.35)   Acc@5  82.81 ( 83.20)
Epoch: [41][4000/5005]  Time  0.339 ( 0.349)    Data  0.000 ( 0.001)    Loss 1.6076e+00 (1.6290e+00)    Acc@1  62.50 ( 62.12)   Acc@5  82.42 ( 83.05)
Test: [  0/196] Time  3.431 ( 3.431)    Loss 9.8779e-01 (9.8779e-01)    Acc@1  74.61 ( 74.61)   Acc@5  91.80 ( 91.80)
 *   Acc@1 65.224 Acc@5 86.371
Epoch: [42][   0/5005]  Time  3.111 ( 3.111)    Data  2.962 ( 2.962)    Loss 1.5952e+00 (1.5952e+00)    Acc@1  60.55 ( 60.55)   Acc@5  82.81 ( 82.81)
Epoch: [42][2000/5005]  Time  0.360 ( 0.342)    Data  0.000 ( 0.002)    Loss 1.5951e+00 (1.6247e+00)    Acc@1  67.19 ( 62.14)   Acc@5  84.38 ( 83.13)
Epoch: [42][4000/5005]  Time  0.338 ( 0.340)    Data  0.000 ( 0.001)    Loss 1.6094e+00 (1.6317e+00)    Acc@1  60.94 ( 62.01)   Acc@5  81.25 ( 83.04)
Test: [  0/196] Time  3.430 ( 3.430)    Loss 7.7379e-01 (7.7379e-01)    Acc@1  80.47 ( 80.47)   Acc@5  95.31 ( 95.31)
 *   Acc@1 65.180 Acc@5 86.636
Epoch: [43][   0/5005]  Time  3.374 ( 3.374)    Data  3.218 ( 3.218)    Loss 1.7480e+00 (1.7480e+00)    Acc@1  58.59 ( 58.59)   Acc@5  82.42 ( 82.42)
Epoch: [43][2000/5005]  Time  0.351 ( 0.342)    Data  0.000 ( 0.002)    Loss 1.7123e+00 (1.6238e+00)    Acc@1  60.16 ( 62.14)   Acc@5  84.77 ( 83.11)
Epoch: [43][4000/5005]  Time  0.338 ( 0.341)    Data  0.000 ( 0.001)    Loss 1.9739e+00 (1.6312e+00)    Acc@1  58.20 ( 62.02)   Acc@5  75.78 ( 82.99)
Test: [  0/196] Time  3.321 ( 3.321)    Loss 9.1171e-01 (9.1171e-01)    Acc@1  75.78 ( 75.78)   Acc@5  94.53 ( 94.53)
 *   Acc@1 64.068 Acc@5 86.017
Epoch: [44][   0/5005]  Time  2.545 ( 2.545)    Data  2.396 ( 2.396)    Loss 1.3161e+00 (1.3161e+00)    Acc@1  67.19 ( 67.19)   Acc@5  87.11 ( 87.11)
Epoch: [44][2000/5005]  Time  0.336 ( 0.341)    Data  0.000 ( 0.002)    Loss 1.4452e+00 (1.6189e+00)    Acc@1  64.45 ( 62.20)   Acc@5  84.77 ( 83.19)
Epoch: [44][4000/5005]  Time  0.338 ( 0.340)    Data  0.000 ( 0.001)    Loss 1.7381e+00 (1.6316e+00)    Acc@1  57.42 ( 61.97)   Acc@5  82.42 ( 83.01)
Test: [  0/196] Time  3.399 ( 3.399)    Loss 9.7706e-01 (9.7706e-01)    Acc@1  75.00 ( 75.00)   Acc@5  91.41 ( 91.41)
 *   Acc@1 64.579 Acc@5 86.205
Epoch: [45][   0/5005]  Time  2.296 ( 2.296)    Data  2.143 ( 2.143)    Loss 1.3955e+00 (1.3955e+00)    Acc@1  65.62 ( 65.62)   Acc@5  85.16 ( 85.16)
Epoch: [45][2000/5005]  Time  0.337 ( 0.341)    Data  0.000 ( 0.001)    Loss 1.6500e+00 (1.6183e+00)    Acc@1  60.94 ( 62.33)   Acc@5  84.77 ( 83.24)
Epoch: [45][4000/5005]  Time  0.337 ( 0.341)    Data  0.000 ( 0.001)    Loss 1.7538e+00 (1.6306e+00)    Acc@1  60.16 ( 62.05)   Acc@5  81.64 ( 83.04)
Test: [  0/196] Time  3.392 ( 3.392)    Loss 8.6859e-01 (8.6859e-01)    Acc@1  76.95 ( 76.95)   Acc@5  93.36 ( 93.36)
 *   Acc@1 64.014 Acc@5 86.139
Epoch: [46][   0/5005]  Time  2.311 ( 2.311)    Data  2.154 ( 2.154)    Loss 1.5201e+00 (1.5201e+00)    Acc@1  62.11 ( 62.11)   Acc@5  84.38 ( 84.38)
Epoch: [46][2000/5005]  Time  0.337 ( 0.341)    Data  0.000 ( 0.001)    Loss 1.8397e+00 (1.6231e+00)    Acc@1  61.33 ( 62.21)   Acc@5  80.08 ( 83.20)
Epoch: [46][4000/5005]  Time  0.336 ( 0.341)    Data  0.000 ( 0.001)    Loss 1.5986e+00 (1.6295e+00)    Acc@1  62.89 ( 62.04)   Acc@5  82.03 ( 83.08)
Test: [  0/196] Time  3.360 ( 3.360)    Loss 7.4552e-01 (7.4552e-01)    Acc@1  82.81 ( 82.81)   Acc@5  93.36 ( 93.36)
 *   Acc@1 64.713 Acc@5 86.405
Epoch: [47][   0/5005]  Time  2.860 ( 2.860)    Data  2.718 ( 2.718)    Loss 1.5612e+00 (1.5612e+00)    Acc@1  61.33 ( 61.33)   Acc@5  85.16 ( 85.16)
Epoch: [47][2000/5005]  Time  0.339 ( 0.342)    Data  0.000 ( 0.002)    Loss 1.5104e+00 (1.6187e+00)    Acc@1  65.62 ( 62.20)   Acc@5  85.55 ( 83.24)
Epoch: [47][4000/5005]  Time  0.351 ( 0.341)    Data  0.000 ( 0.001)    Loss 1.5894e+00 (1.6274e+00)    Acc@1  63.28 ( 62.03)   Acc@5  83.98 ( 83.08)
Test: [  0/196] Time  3.399 ( 3.399)    Loss 8.5938e-01 (8.5938e-01)    Acc@1  78.91 ( 78.91)   Acc@5  93.75 ( 93.75)
 *   Acc@1 64.613 Acc@5 86.319
Epoch: [48][   0/5005]  Time  2.498 ( 2.498)    Data  2.332 ( 2.332)    Loss 1.7842e+00 (1.7842e+00)    Acc@1  56.64 ( 56.64)   Acc@5  79.30 ( 79.30)
Epoch: [48][2000/5005]  Time  0.329 ( 0.341)    Data  0.000 ( 0.002)    Loss 1.6805e+00 (1.6144e+00)    Acc@1  61.72 ( 62.31)   Acc@5  82.81 ( 83.30)
Epoch: [48][4000/5005]  Time  0.358 ( 0.340)    Data  0.000 ( 0.001)    Loss 1.9347e+00 (1.6276e+00)    Acc@1  55.86 ( 62.09)   Acc@5  78.12 ( 83.09)
Test: [  0/196] Time  3.467 ( 3.467)    Loss 8.5013e-01 (8.5013e-01)    Acc@1  78.12 ( 78.12)   Acc@5  92.58 ( 92.58)
 *   Acc@1 64.889 Acc@5 86.271
Epoch: [49][   0/5005]  Time  3.372 ( 3.372)    Data  3.215 ( 3.215)    Loss 1.6199e+00 (1.6199e+00)    Acc@1  62.50 ( 62.50)   Acc@5  83.20 ( 83.20)
Epoch: [49][2000/5005]  Time  0.350 ( 0.342)    Data  0.000 ( 0.002)    Loss 1.5901e+00 (1.6177e+00)    Acc@1  64.45 ( 62.19)   Acc@5  83.20 ( 83.29)
Epoch: [49][4000/5005]  Time  0.336 ( 0.341)    Data  0.000 ( 0.001)    Loss 1.5125e+00 (1.6295e+00)    Acc@1  63.67 ( 61.97)   Acc@5  87.11 ( 83.09)
Test: [  0/196] Time  3.346 ( 3.346)    Loss 8.7116e-01 (8.7116e-01)    Acc@1  79.30 ( 79.30)   Acc@5  93.75 ( 93.75)
 *   Acc@1 64.455 Acc@5 86.087
Epoch: [50][   0/5005]  Time  3.020 ( 3.020)    Data  2.863 ( 2.863)    Loss 1.5078e+00 (1.5078e+00)    Acc@1  64.45 ( 64.45)   Acc@5  84.38 ( 84.38)
Epoch: [50][2000/5005]  Time  0.337 ( 0.341)    Data  0.000 ( 0.002)    Loss 1.7715e+00 (1.6216e+00)    Acc@1  58.98 ( 62.14)   Acc@5  81.25 ( 83.18)
Epoch: [50][4000/5005]  Time  0.336 ( 0.340)    Data  0.000 ( 0.001)    Loss 1.4679e+00 (1.6298e+00)    Acc@1  67.97 ( 62.01)   Acc@5  84.38 ( 83.04)
Test: [  0/196] Time  3.439 ( 3.439)    Loss 8.8101e-01 (8.8101e-01)    Acc@1  78.52 ( 78.52)   Acc@5  93.75 ( 93.75)
 *   Acc@1 64.827 Acc@5 86.439
Epoch: [51][   0/5005]  Time  2.861 ( 2.861)    Data  2.700 ( 2.700)    Loss 1.5748e+00 (1.5748e+00)    Acc@1  63.67 ( 63.67)   Acc@5  84.38 ( 84.38)
Epoch: [51][2000/5005]  Time  0.336 ( 0.341)    Data  0.000 ( 0.002)    Loss 1.6170e+00 (1.6132e+00)    Acc@1  60.94 ( 62.35)   Acc@5  84.38 ( 83.30)
Epoch: [51][4000/5005]  Time  0.336 ( 0.340)    Data  0.000 ( 0.001)    Loss 1.6192e+00 (1.6240e+00)    Acc@1  61.33 ( 62.13)   Acc@5  84.77 ( 83.12)
Test: [  0/196] Time  3.271 ( 3.271)    Loss 9.2591e-01 (9.2591e-01)    Acc@1  77.73 ( 77.73)   Acc@5  94.53 ( 94.53)
 *   Acc@1 64.389 Acc@5 85.915
Epoch: [52][   0/5005]  Time  3.315 ( 3.315)    Data  3.144 ( 3.144)    Loss 1.6962e+00 (1.6962e+00)    Acc@1  60.16 ( 60.16)   Acc@5  82.03 ( 82.03)
Epoch: [52][2000/5005]  Time  0.336 ( 0.341)    Data  0.000 ( 0.002)    Loss 1.4864e+00 (1.6186e+00)    Acc@1  68.36 ( 62.24)   Acc@5  83.59 ( 83.16)
Epoch: [52][4000/5005]  Time  0.348 ( 0.340)    Data  0.000 ( 0.001)    Loss 1.6511e+00 (1.6254e+00)    Acc@1  59.38 ( 62.10)   Acc@5  83.98 ( 83.09)
Test: [  0/196] Time  3.336 ( 3.336)    Loss 9.0242e-01 (9.0242e-01)    Acc@1  77.73 ( 77.73)   Acc@5  93.36 ( 93.36)
 *   Acc@1 65.017 Acc@5 86.317
Epoch: [53][   0/5005]  Time  2.943 ( 2.943)    Data  2.792 ( 2.792)    Loss 1.4032e+00 (1.4032e+00)    Acc@1  62.50 ( 62.50)   Acc@5  87.89 ( 87.89)
Epoch: [53][2000/5005]  Time  0.332 ( 0.341)    Data  0.000 ( 0.002)    Loss 1.8078e+00 (1.6108e+00)    Acc@1  58.20 ( 62.42)   Acc@5  82.42 ( 83.35)
Epoch: [53][4000/5005]  Time  0.337 ( 0.340)    Data  0.000 ( 0.001)    Loss 1.5403e+00 (1.6202e+00)    Acc@1  64.45 ( 62.19)   Acc@5  84.77 ( 83.21)
Test: [  0/196] Time  3.256 ( 3.256)    Loss 1.0114e+00 (1.0114e+00)    Acc@1  75.78 ( 75.78)   Acc@5  91.41 ( 91.41)
 *   Acc@1 64.100 Acc@5 85.755
Epoch: [54][   0/5005]  Time  2.657 ( 2.657)    Data  2.505 ( 2.505)    Loss 1.7491e+00 (1.7491e+00)    Acc@1  58.59 ( 58.59)   Acc@5  83.20 ( 83.20)
Epoch: [54][2000/5005]  Time  0.337 ( 0.341)    Data  0.000 ( 0.002)    Loss 1.6859e+00 (1.6100e+00)    Acc@1  60.55 ( 62.47)   Acc@5  82.42 ( 83.33)
Epoch: [54][4000/5005]  Time  0.339 ( 0.340)    Data  0.000 ( 0.001)    Loss 1.8168e+00 (1.6215e+00)    Acc@1  58.59 ( 62.24)   Acc@5  80.86 ( 83.16)
Test: [  0/196] Time  3.341 ( 3.341)    Loss 8.4532e-01 (8.4532e-01)    Acc@1  79.69 ( 79.69)   Acc@5  92.19 ( 92.19)
 *   Acc@1 64.543 Acc@5 86.143
Epoch: [55][   0/5005]  Time  2.543 ( 2.543)    Data  2.386 ( 2.386)    Loss 1.6771e+00 (1.6771e+00)    Acc@1  60.94 ( 60.94)   Acc@5  83.59 ( 83.59)
Epoch: [55][2000/5005]  Time  0.332 ( 0.341)    Data  0.000 ( 0.001)    Loss 1.5931e+00 (1.6123e+00)    Acc@1  67.97 ( 62.46)   Acc@5  82.81 ( 83.30)
Epoch: [55][4000/5005]  Time  0.351 ( 0.340)    Data  0.000 ( 0.001)    Loss 1.6331e+00 (1.6209e+00)    Acc@1  61.72 ( 62.22)   Acc@5  82.81 ( 83.21)
Test: [  0/196] Time  3.428 ( 3.428)    Loss 9.1636e-01 (9.1636e-01)    Acc@1  77.34 ( 77.34)   Acc@5  92.97 ( 92.97)
 *   Acc@1 64.981 Acc@5 86.407
Epoch: [56][   0/5005]  Time  3.131 ( 3.131)    Data  2.944 ( 2.944)    Loss 1.4066e+00 (1.4066e+00)    Acc@1  65.23 ( 65.23)   Acc@5  87.11 ( 87.11)
Epoch: [56][2000/5005]  Time  0.337 ( 0.341)    Data  0.000 ( 0.002)    Loss 1.5906e+00 (1.6057e+00)    Acc@1  60.16 ( 62.48)   Acc@5  82.81 ( 83.40)
Epoch: [56][4000/5005]  Time  0.338 ( 0.340)    Data  0.000 ( 0.001)    Loss 1.6092e+00 (1.6185e+00)    Acc@1  60.94 ( 62.22)   Acc@5  84.77 ( 83.22)
Test: [  0/196] Time  3.332 ( 3.332)    Loss 9.2379e-01 (9.2379e-01)    Acc@1  75.39 ( 75.39)   Acc@5  93.36 ( 93.36)
 *   Acc@1 64.741 Acc@5 86.213
Epoch: [57][   0/5005]  Time  2.498 ( 2.498)    Data  2.345 ( 2.345)    Loss 1.7163e+00 (1.7163e+00)    Acc@1  60.94 ( 60.94)   Acc@5  80.86 ( 80.86)
Epoch: [57][2000/5005]  Time  0.337 ( 0.340)    Data  0.000 ( 0.001)    Loss 1.6231e+00 (1.6030e+00)    Acc@1  65.62 ( 62.55)   Acc@5  80.08 ( 83.46)
Epoch: [57][4000/5005]  Time  0.353 ( 0.340)    Data  0.000 ( 0.001)    Loss 1.5300e+00 (1.6123e+00)    Acc@1  60.55 ( 62.41)   Acc@5  84.77 ( 83.32)
Test: [  0/196] Time  3.250 ( 3.250)    Loss 7.4776e-01 (7.4776e-01)    Acc@1  81.25 ( 81.25)   Acc@5  94.92 ( 94.92)
 *   Acc@1 64.781 Acc@5 86.155
Epoch: [58][   0/5005]  Time  2.835 ( 2.835)    Data  2.678 ( 2.678)    Loss 1.4272e+00 (1.4272e+00)    Acc@1  67.19 ( 67.19)   Acc@5  83.98 ( 83.98)
Epoch: [58][2000/5005]  Time  0.336 ( 0.340)    Data  0.000 ( 0.002)    Loss 1.4894e+00 (1.6042e+00)    Acc@1  65.23 ( 62.53)   Acc@5  87.89 ( 83.44)
Epoch: [58][4000/5005]  Time  0.355 ( 0.339)    Data  0.000 ( 0.001)    Loss 1.8269e+00 (1.6125e+00)    Acc@1  57.81 ( 62.32)   Acc@5  80.08 ( 83.30)
Test: [  0/196] Time  3.274 ( 3.274)    Loss 9.4994e-01 (9.4994e-01)    Acc@1  76.56 ( 76.56)   Acc@5  91.41 ( 91.41)
 *   Acc@1 64.234 Acc@5 86.049
Epoch: [59][   0/5005]  Time  2.986 ( 2.986)    Data  2.827 ( 2.827)    Loss 1.3784e+00 (1.3784e+00)    Acc@1  67.58 ( 67.58)   Acc@5  85.94 ( 85.94)
Epoch: [59][2000/5005]  Time  0.336 ( 0.341)    Data  0.000 ( 0.002)    Loss 1.5354e+00 (1.6006e+00)    Acc@1  61.72 ( 62.60)   Acc@5  83.20 ( 83.48)
Epoch: [59][4000/5005]  Time  0.353 ( 0.340)    Data  0.000 ( 0.001)    Loss 1.5974e+00 (1.6116e+00)    Acc@1  64.06 ( 62.38)   Acc@5  81.25 ( 83.29)
Test: [  0/196] Time  3.321 ( 3.321)    Loss 8.2743e-01 (8.2743e-01)    Acc@1  76.95 ( 76.95)   Acc@5  94.53 ( 94.53)
 *   Acc@1 64.583 Acc@5 86.117
Epoch: [60][   0/5005]  Time  2.512 ( 2.512)    Data  2.376 ( 2.376)    Loss 1.6491e+00 (1.6491e+00)    Acc@1  59.38 ( 59.38)   Acc@5  80.86 ( 80.86)
Epoch: [60][2000/5005]  Time  0.335 ( 0.340)    Data  0.000 ( 0.002)    Loss 1.5979e+00 (1.4518e+00)    Acc@1  65.23 ( 66.03)   Acc@5  82.03 ( 85.45)
Epoch: [60][4000/5005]  Time  0.338 ( 0.340)    Data  0.000 ( 0.001)    Loss 1.3798e+00 (1.4336e+00)    Acc@1  66.02 ( 66.36)   Acc@5  87.50 ( 85.70)
Test: [  0/196] Time  3.352 ( 3.352)    Loss 6.8484e-01 (6.8484e-01)    Acc@1  82.03 ( 82.03)   Acc@5  94.92 ( 94.92)
 *   Acc@1 69.134 Acc@5 88.632
Epoch: [61][   0/5005]  Time  2.896 ( 2.896)    Data  2.738 ( 2.738)    Loss 1.4711e+00 (1.4711e+00)    Acc@1  64.06 ( 64.06)   Acc@5  85.55 ( 85.55)
Epoch: [61][2000/5005]  Time  0.338 ( 0.340)    Data  0.000 ( 0.002)    Loss 1.4822e+00 (1.3873e+00)    Acc@1  60.55 ( 67.38)   Acc@5  84.77 ( 86.31)
Epoch: [61][4000/5005]  Time  0.336 ( 0.340)    Data  0.000 ( 0.001)    Loss 1.2470e+00 (1.3844e+00)    Acc@1  72.66 ( 67.48)   Acc@5  86.72 ( 86.34)
Test: [  0/196] Time  3.343 ( 3.343)    Loss 6.6854e-01 (6.6854e-01)    Acc@1  82.81 ( 82.81)   Acc@5  94.92 ( 94.92)
 *   Acc@1 69.265 Acc@5 88.714
Epoch: [62][   0/5005]  Time  2.598 ( 2.598)    Data  2.462 ( 2.462)    Loss 1.2807e+00 (1.2807e+00)    Acc@1  68.75 ( 68.75)   Acc@5  88.67 ( 88.67)
Epoch: [62][2000/5005]  Time  0.334 ( 0.340)    Data  0.000 ( 0.002)    Loss 1.4869e+00 (1.3619e+00)    Acc@1  65.23 ( 67.94)   Acc@5  84.77 ( 86.68)
Epoch: [62][4000/5005]  Time  0.336 ( 0.339)    Data  0.000 ( 0.001)    Loss 1.2293e+00 (1.3633e+00)    Acc@1  70.70 ( 67.90)   Acc@5  89.06 ( 86.66)
Test: [  0/196] Time  3.247 ( 3.247)    Loss 6.8520e-01 (6.8520e-01)    Acc@1  83.20 ( 83.20)   Acc@5  95.31 ( 95.31)
 *   Acc@1 69.457 Acc@5 89.021
Epoch: [63][   0/5005]  Time  2.692 ( 2.692)    Data  2.550 ( 2.550)    Loss 1.5265e+00 (1.5265e+00)    Acc@1  65.62 ( 65.62)   Acc@5  83.98 ( 83.98)
        Loss 1.6491e+00 (1.6491e+00)    Acc@1  59.38 ( 59.38)   Acc@5  80.86 ( 80.86)
Epoch: [60][2000/5005]  Time  0.335 ( 0.340)    Data  0.000 ( 0.002)    Loss 1.5979e+00 (1.4518e+00)    Acc@1  65.23 ( 66.03)   Acc@5  82.03 ( 85.45)
Epoch: [60][4000/5005]  Time  0.338 ( 0.340)    Data  0.000 ( 0.001)    Loss 1.3798e+00 (1.4336e+00)    Acc@1  66.02 ( 66.36)   Acc@5  87.50 ( 85.70)
Test: [  0/196] Time  3.352 ( 3.352)    Loss 6.8484e-01 (6.8484e-01)    Acc@1  82.03 ( 82.03)   Acc@5  94.92 ( 94.92)
 *   Acc@1 69.134 Acc@5 88.632
Epoch: [61][   0/5005]  Time  2.896 ( 2.896)    Data  2.738 ( 2.738)    Loss 1.4711e+00 (1.4711e+00)    Acc@1  64.06 ( 64.06)   Acc@5  85.55 ( 85.55)
Epoch: [61][2000/5005]  Time  0.338 ( 0.340)    Data  0.000 ( 0.002)    Loss 1.4822e+00 (1.3873e+00)    Acc@1  60.55 ( 67.38)   Acc@5  84.77 ( 86.31)
Epoch: [61][4000/5005]  Time  0.336 ( 0.340)    Data  0.000 ( 0.001)    Loss 1.2470e+00 (1.3844e+00)    Acc@1  72.66 ( 67.48)   Acc@5  86.72 ( 86.34)
Test: [  0/196] Time  3.343 ( 3.343)    Loss 6.6854e-01 (6.6854e-01)    Acc@1  82.81 ( 82.81)   Acc@5  94.92 ( 94.92)
 *   Acc@1 69.265 Acc@5 88.714
Epoch: [62][   0/5005]  Time  2.598 ( 2.598)    Data  2.462 ( 2.462)    Loss 1.2807e+00 (1.2807e+00)    Acc@1  68.75 ( 68.75)   Acc@5  88.67 ( 88.67)
Epoch: [62][2000/5005]  Time  0.334 ( 0.340)    Data  0.000 ( 0.002)    Loss 1.4869e+00 (1.3619e+00)    Acc@1  65.23 ( 67.94)   Acc@5  84.77 ( 86.68)
Epoch: [62][4000/5005]  Time  0.336 ( 0.339)    Data  0.000 ( 0.001)    Loss 1.2293e+00 (1.3633e+00)    Acc@1  70.70 ( 67.90)   Acc@5  89.06 ( 86.66)
Test: [  0/196] Time  3.247 ( 3.247)    Loss 6.8520e-01 (6.8520e-01)    Acc@1  83.20 ( 83.20)   Acc@5  95.31 ( 95.31)
 *   Acc@1 69.457 Acc@5 89.021
Epoch: [63][   0/5005]  Time  2.692 ( 2.692)    Data  2.550 ( 2.550)    Loss 1.5265e+00 (1.5265e+00)    Acc@1  65.62 ( 65.62)   Acc@5  83.98 ( 83.98)
Epoch: [63][2000/5005]  Time  0.332 ( 0.340)    Data  0.000 ( 0.002)    Loss 1.2832e+00 (1.3483e+00)    Acc@1  68.75 ( 68.19)   Acc@5  88.28 ( 86.81)
Epoch: [63][4000/5005]  Time  0.335 ( 0.339)    Data  0.000 ( 0.001)    Loss 1.2917e+00 (1.3517e+00)    Acc@1  65.62 ( 68.14)   Acc@5  88.67 ( 86.78)
Test: [  0/196] Time  3.301 ( 3.301)    Loss 6.6173e-01 (6.6173e-01)    Acc@1  82.81 ( 82.81)   Acc@5  95.31 ( 95.31)
 *   Acc@1 69.493 Acc@5 88.957
Epoch: [64][   0/5005]  Time  2.507 ( 2.507)    Data  2.353 ( 2.353)    Loss 1.3415e+00 (1.3415e+00)    Acc@1  67.58 ( 67.58)   Acc@5  87.50 ( 87.50)
Epoch: [64][2000/5005]  Time  0.350 ( 0.340)    Data  0.000 ( 0.001)    Loss 1.4998e+00 (1.3384e+00)    Acc@1  64.06 ( 68.44)   Acc@5  83.20 ( 86.94)
Epoch: [64][4000/5005]  Time  0.336 ( 0.339)    Data  0.000 ( 0.001)    Loss 1.5081e+00 (1.3422e+00)    Acc@1  70.31 ( 68.37)   Acc@5  83.98 ( 86.91)
Test: [  0/196] Time  3.321 ( 3.321)    Loss 6.7232e-01 (6.7232e-01)    Acc@1  83.20 ( 83.20)   Acc@5  96.09 ( 96.09)
 *   Acc@1 69.699 Acc@5 88.965
Epoch: [65][   0/5005]  Time  2.259 ( 2.259)    Data  2.113 ( 2.113)    Loss 1.2991e+00 (1.2991e+00)    Acc@1  69.14 ( 69.14)   Acc@5  87.89 ( 87.89)
Epoch: [65][2000/5005]  Time  0.335 ( 0.340)    Data  0.000 ( 0.001)    Loss 1.1133e+00 (1.3312e+00)    Acc@1  74.61 ( 68.62)   Acc@5  90.62 ( 87.02)
Epoch: [65][4000/5005]  Time  0.337 ( 0.339)    Data  0.000 ( 0.001)    Loss 1.3416e+00 (1.3331e+00)    Acc@1  68.36 ( 68.58)   Acc@5  89.06 ( 87.01)
Test: [  0/196] Time  3.279 ( 3.279)    Loss 6.4051e-01 (6.4051e-01)    Acc@1  83.98 ( 83.98)   Acc@5  95.31 ( 95.31)
 *   Acc@1 69.781 Acc@5 89.109
Epoch: [66][   0/5005]  Time  3.093 ( 3.093)    Data  2.933 ( 2.933)    Loss 1.2280e+00 (1.2280e+00)    Acc@1  67.97 ( 67.97)   Acc@5  87.89 ( 87.89)
Epoch: [66][2000/5005]  Time  0.335 ( 0.340)    Data  0.000 ( 0.002)    Loss 1.2905e+00 (1.3248e+00)    Acc@1  69.14 ( 68.71)   Acc@5  86.33 ( 87.12)
Epoch: [66][4000/5005]  Time  0.336 ( 0.339)    Data  0.000 ( 0.001)    Loss 1.1637e+00 (1.3258e+00)    Acc@1  70.31 ( 68.69)   Acc@5  86.33 ( 87.10)
Test: [  0/196] Time  3.175 ( 3.175)    Loss 6.8210e-01 (6.8210e-01)    Acc@1  81.25 ( 81.25)   Acc@5  94.92 ( 94.92)
 *   Acc@1 69.731 Acc@5 89.019
Epoch: [67][   0/5005]  Time  3.365 ( 3.365)    Data  3.230 ( 3.230)    Loss 1.3906e+00 (1.3906e+00)    Acc@1  69.14 ( 69.14)   Acc@5  85.94 ( 85.94)
Epoch: [67][2000/5005]  Time  0.337 ( 0.340)    Data  0.000 ( 0.002)    Loss 1.3539e+00 (1.3173e+00)    Acc@1  64.06 ( 68.84)   Acc@5  85.55 ( 87.19)
Epoch: [67][4000/5005]  Time  0.336 ( 0.339)    Data  0.000 ( 0.001)    Loss 1.4154e+00 (1.3199e+00)    Acc@1  67.19 ( 68.78)   Acc@5  87.50 ( 87.15)
Test: [  0/196] Time  3.184 ( 3.184)    Loss 6.3102e-01 (6.3102e-01)    Acc@1  84.38 ( 84.38)   Acc@5  95.70 ( 95.70)
 *   Acc@1 69.861 Acc@5 89.155
Epoch: [68][   0/5005]  Time  3.150 ( 3.150)    Data  2.980 ( 2.980)    Loss 1.3775e+00 (1.3775e+00)    Acc@1  67.97 ( 67.97)   Acc@5  85.94 ( 85.94)
Epoch: [68][2000/5005]  Time  0.340 ( 0.340)    Data  0.000 ( 0.002)    Loss 1.2282e+00 (1.3149e+00)    Acc@1  69.14 ( 68.88)   Acc@5  87.50 ( 87.26)
Epoch: [68][4000/5005]  Time  0.352 ( 0.339)    Data  0.000 ( 0.001)    Loss 1.2036e+00 (1.3163e+00)    Acc@1  71.09 ( 68.83)   Acc@5  87.50 ( 87.23)
Test: [  0/196] Time  3.346 ( 3.346)    Loss 6.7013e-01 (6.7013e-01)    Acc@1  82.81 ( 82.81)   Acc@5  94.92 ( 94.92)
 *   Acc@1 69.897 Acc@5 89.173
Epoch: [69][   0/5005]  Time  2.731 ( 2.731)    Data  2.570 ( 2.570)    Loss 1.1607e+00 (1.1607e+00)    Acc@1  70.31 ( 70.31)   Acc@5  87.89 ( 87.89)
Epoch: [69][2000/5005]  Time  0.340 ( 0.340)    Data  0.000 ( 0.002)    Loss 1.1605e+00 (1.3035e+00)    Acc@1  71.88 ( 69.13)   Acc@5  88.67 ( 87.43)
Epoch: [69][4000/5005]  Time  0.336 ( 0.339)    Data  0.000 ( 0.001)    Loss 1.3240e+00 (1.3061e+00)    Acc@1  69.53 ( 69.12)   Acc@5  87.50 ( 87.38)
Test: [  0/196] Time  3.200 ( 3.200)    Loss 6.5871e-01 (6.5871e-01)    Acc@1  82.81 ( 82.81)   Acc@5  94.53 ( 94.53)
 *   Acc@1 69.921 Acc@5 89.167
Epoch: [70][   0/5005]  Time  2.859 ( 2.859)    Data  2.725 ( 2.725)    Loss 1.1407e+00 (1.1407e+00)    Acc@1  73.44 ( 73.44)   Acc@5  88.28 ( 88.28)
Epoch: [70][2000/5005]  Time  0.334 ( 0.340)    Data  0.000 ( 0.002)    Loss 1.3078e+00 (1.3016e+00)    Acc@1  67.97 ( 69.16)   Acc@5  88.28 ( 87.44)
Epoch: [70][4000/5005]  Time  0.337 ( 0.340)    Data  0.000 ( 0.001)    Loss 1.3939e+00 (1.3058e+00)    Acc@1  67.97 ( 69.09)   Acc@5  86.72 ( 87.37)
Test: [  0/196] Time  3.271 ( 3.271)    Loss 6.6370e-01 (6.6370e-01)    Acc@1  82.03 ( 82.03)   Acc@5  95.31 ( 95.31)
 *   Acc@1 69.975 Acc@5 89.107
Epoch: [71][   0/5005]  Time  2.890 ( 2.890)    Data  2.757 ( 2.757)    Loss 1.3266e+00 (1.3266e+00)    Acc@1  69.14 ( 69.14)   Acc@5  86.33 ( 86.33)
Epoch: [71][2000/5005]  Time  0.337 ( 0.340)    Data  0.000 ( 0.002)    Loss 1.2335e+00 (1.3053e+00)    Acc@1  68.36 ( 69.20)   Acc@5  89.06 ( 87.38)
Epoch: [71][4000/5005]  Time  0.335 ( 0.339)    Data  0.000 ( 0.001)    Loss 1.2542e+00 (1.3024e+00)    Acc@1  69.92 ( 69.21)   Acc@5  89.45 ( 87.42)
Test: [  0/196] Time  3.164 ( 3.164)    Loss 6.7499e-01 (6.7499e-01)    Acc@1  83.20 ( 83.20)   Acc@5  95.31 ( 95.31)
 *   Acc@1 70.057 Acc@5 89.171
Epoch: [72][   0/5005]  Time  2.307 ( 2.307)    Data  2.150 ( 2.150)    Loss 1.2598e+00 (1.2598e+00)    Acc@1  73.83 ( 73.83)   Acc@5  87.50 ( 87.50)
Epoch: [72][2000/5005]  Time  0.338 ( 0.339)    Data  0.000 ( 0.002)    Loss 1.3729e+00 (1.2967e+00)    Acc@1  69.14 ( 69.25)   Acc@5  86.72 ( 87.55)
Epoch: [72][4000/5005]  Time  0.330 ( 0.338)    Data  0.000 ( 0.001)    Loss 1.3888e+00 (1.2987e+00)    Acc@1  67.97 ( 69.26)   Acc@5  85.55 ( 87.48)
Test: [  0/196] Time  3.190 ( 3.190)    Loss 6.5886e-01 (6.5886e-01)    Acc@1  83.59 ( 83.59)   Acc@5  94.92 ( 94.92)
 *   Acc@1 69.931 Acc@5 89.309
Epoch: [73][   0/5005]  Time  2.381 ( 2.381)    Data  2.212 ( 2.212)    Loss 1.2670e+00 (1.2670e+00)    Acc@1  71.09 ( 71.09)   Acc@5  87.11 ( 87.11)
Epoch: [73][2000/5005]  Time  0.351 ( 0.340)    Data  0.000 ( 0.001)    Loss 1.1852e+00 (1.2907e+00)    Acc@1  72.27 ( 69.38)   Acc@5  90.62 ( 87.58)
Epoch: [73][4000/5005]  Time  0.333 ( 0.339)    Data  0.000 ( 0.001)    Loss 1.3083e+00 (1.2947e+00)    Acc@1  67.19 ( 69.32)   Acc@5  87.11 ( 87.55)
Test: [  0/196] Time  3.250 ( 3.250)    Loss 6.7152e-01 (6.7152e-01)    Acc@1  82.81 ( 82.81)   Acc@5  94.92 ( 94.92)
 *   Acc@1 70.067 Acc@5 89.281
Epoch: [74][   0/5005]  Time  2.262 ( 2.262)    Data  2.091 ( 2.091)    Loss 1.4890e+00 (1.4890e+00)    Acc@1  69.14 ( 69.14)   Acc@5  85.16 ( 85.16)
Epoch: [74][2000/5005]  Time  0.336 ( 0.340)    Data  0.000 ( 0.001)    Loss 1.2582e+00 (1.2878e+00)    Acc@1  74.22 ( 69.49)   Acc@5  87.50 ( 87.59)
Epoch: [74][4000/5005]  Time  0.335 ( 0.340)    Data  0.000 ( 0.001)    Loss 1.4047e+00 (1.2913e+00)    Acc@1  66.41 ( 69.41)   Acc@5  85.55 ( 87.55)
Test: [  0/196] Time  3.156 ( 3.156)    Loss 6.8989e-01 (6.8989e-01)    Acc@1  82.81 ( 82.81)   Acc@5  94.14 ( 94.14)
 *   Acc@1 70.116 Acc@5 89.187
Epoch: [75][   0/5005]  Time  2.737 ( 2.737)    Data  2.590 ( 2.590)    Loss 1.1426e+00 (1.1426e+00)    Acc@1  72.27 ( 72.27)   Acc@5  89.45 ( 89.45)
Epoch: [75][2000/5005]  Time  0.336 ( 0.341)    Data  0.000 ( 0.002)    Loss 1.3879e+00 (1.2856e+00)    Acc@1  69.53 ( 69.62)   Acc@5  87.11 ( 87.62)
Epoch: [75][4000/5005]  Time  0.332 ( 0.340)    Data  0.000 ( 0.001)    Loss 1.5513e+00 (1.2861e+00)    Acc@1  64.06 ( 69.54)   Acc@5  84.38 ( 87.63)
Test: [  0/196] Time  3.177 ( 3.177)    Loss 6.6697e-01 (6.6697e-01)    Acc@1  82.42 ( 82.42)   Acc@5  95.70 ( 95.70)
 *   Acc@1 70.057 Acc@5 89.251
Epoch: [76][   0/5005]  Time  2.487 ( 2.487)    Data  2.335 ( 2.335)    Loss 1.2523e+00 (1.2523e+00)    Acc@1  71.88 ( 71.88)   Acc@5  87.11 ( 87.11)
Epoch: [76][2000/5005]  Time  0.337 ( 0.341)    Data  0.000 ( 0.002)    Loss 1.3068e+00 (1.2789e+00)    Acc@1  66.41 ( 69.63)   Acc@5  88.67 ( 87.73)
Epoch: [76][4000/5005]  Time  0.350 ( 0.340)    Data  0.000 ( 0.001)    Loss 1.2542e+00 (1.2849e+00)    Acc@1  70.31 ( 69.49)   Acc@5  88.28 ( 87.68)
Test: [  0/196] Time  3.204 ( 3.204)    Loss 6.9082e-01 (6.9082e-01)    Acc@1  82.42 ( 82.42)   Acc@5  94.53 ( 94.53)
 *   Acc@1 69.937 Acc@5 89.367
Epoch: [77][   0/5005]  Time  3.012 ( 3.012)    Data  2.844 ( 2.844)    Loss 1.3162e+00 (1.3162e+00)    Acc@1  69.53 ( 69.53)   Acc@5  85.94 ( 85.94)
Epoch: [77][2000/5005]  Time  0.332 ( 0.342)    Data  0.000 ( 0.002)    Loss 1.3200e+00 (1.2805e+00)    Acc@1  66.80 ( 69.66)   Acc@5  85.94 ( 87.71)
Epoch: [77][4000/5005]  Time  0.336 ( 0.341)    Data  0.000 ( 0.001)    Loss 1.2838e+00 (1.2832e+00)    Acc@1  66.80 ( 69.60)   Acc@5  89.06 ( 87.68)
Test: [  0/196] Time  3.204 ( 3.204)    Loss 6.7806e-01 (6.7806e-01)    Acc@1  82.81 ( 82.81)   Acc@5  95.70 ( 95.70)
 *   Acc@1 70.114 Acc@5 89.331
Epoch: [78][   0/5005]  Time  2.780 ( 2.780)    Data  2.632 ( 2.632)    Loss 1.3780e+00 (1.3780e+00)    Acc@1  64.84 ( 64.84)   Acc@5  86.33 ( 86.33)
Epoch: [78][2000/5005]  Time  0.353 ( 0.342)    Data  0.000 ( 0.002)    Loss 1.2647e+00 (1.2735e+00)    Acc@1  73.83 ( 69.85)   Acc@5  88.67 ( 87.78)
Epoch: [78][4000/5005]  Time  0.336 ( 0.341)    Data  0.000 ( 0.001)    Loss 1.4274e+00 (1.2767e+00)    Acc@1  68.75 ( 69.74)   Acc@5  85.16 ( 87.76)
Test: [  0/196] Time  3.289 ( 3.289)    Loss 6.6804e-01 (6.6804e-01)    Acc@1  82.42 ( 82.42)   Acc@5  95.70 ( 95.70)
 *   Acc@1 70.043 Acc@5 89.331
Epoch: [79][   0/5005]  Time  2.480 ( 2.480)    Data  2.323 ( 2.323)    Loss 1.2962e+00 (1.2962e+00)    Acc@1  67.19 ( 67.19)   Acc@5  90.23 ( 90.23)
Epoch: [79][2000/5005]  Time  0.338 ( 0.342)    Data  0.000 ( 0.001)    Loss 1.0407e+00 (1.2765e+00)    Acc@1  75.78 ( 69.64)   Acc@5  92.58 ( 87.75)
Epoch: [79][4000/5005]  Time  0.337 ( 0.341)    Data  0.000 ( 0.001)    Loss 1.3026e+00 (1.2791e+00)    Acc@1  67.19 ( 69.63)   Acc@5  89.06 ( 87.72)
Test: [  0/196] Time  3.172 ( 3.172)    Loss 6.6226e-01 (6.6226e-01)    Acc@1  82.03 ( 82.03)   Acc@5  94.14 ( 94.14)
 *   Acc@1 70.039 Acc@5 89.265
Epoch: [80][   0/5005]  Time  2.917 ( 2.917)    Data  2.757 ( 2.757)    Loss 1.5130e+00 (1.5130e+00)    Acc@1  64.84 ( 64.84)   Acc@5  86.33 ( 86.33)
Epoch: [80][2000/5005]  Time  0.351 ( 0.342)    Data  0.000 ( 0.002)    Loss 1.4485e+00 (1.2716e+00)    Acc@1  67.97 ( 69.85)   Acc@5  87.11 ( 87.84)
Epoch: [80][4000/5005]  Time  0.337 ( 0.341)    Data  0.000 ( 0.001)    Loss 1.1721e+00 (1.2720e+00)    Acc@1  73.05 ( 69.82)   Acc@5  90.62 ( 87.84)
Test: [  0/196] Time  3.280 ( 3.280)    Loss 6.6898e-01 (6.6898e-01)    Acc@1  81.64 ( 81.64)   Acc@5  95.31 ( 95.31)
 *   Acc@1 70.057 Acc@5 89.279
Epoch: [81][   0/5005]  Time  2.259 ( 2.259)    Data  2.083 ( 2.083)    Loss 1.3209e+00 (1.3209e+00)    Acc@1  71.48 ( 71.48)   Acc@5  85.16 ( 85.16)
Epoch: [81][2000/5005]  Time  0.335 ( 0.342)    Data  0.000 ( 0.002)    Loss 1.1494e+00 (1.2681e+00)    Acc@1  72.27 ( 69.96)   Acc@5  89.84 ( 87.87)
Epoch: [81][4000/5005]  Time  0.339 ( 0.341)    Data  0.000 ( 0.001)    Loss 1.2894e+00 (1.2705e+00)    Acc@1  68.75 ( 69.89)   Acc@5  88.28 ( 87.82)
Test: [  0/196] Time  3.196 ( 3.196)    Loss 6.5117e-01 (6.5117e-01)    Acc@1  83.98 ( 83.98)   Acc@5  94.92 ( 94.92)
 *   Acc@1 70.013 Acc@5 89.309
Epoch: [82][   0/5005]  Time  2.927 ( 2.927)    Data  2.767 ( 2.767)    Loss 1.2851e+00 (1.2851e+00)    Acc@1  73.05 ( 73.05)   Acc@5  87.50 ( 87.50)
Epoch: [82][2000/5005]  Time  0.337 ( 0.343)    Data  0.000 ( 0.002)    Loss 1.2261e+00 (1.2691e+00)    Acc@1  70.70 ( 69.91)   Acc@5  88.28 ( 87.83)
Epoch: [82][4000/5005]  Time  0.337 ( 0.342)    Data  0.000 ( 0.001)    Loss 1.1494e+00 (1.2696e+00)    Acc@1  73.83 ( 69.91)   Acc@5  90.62 ( 87.82)
Test: [  0/196] Time  3.333 ( 3.333)    Loss 6.6049e-01 (6.6049e-01)    Acc@1  82.03 ( 82.03)   Acc@5  96.09 ( 96.09)
 *   Acc@1 69.959 Acc@5 89.335
Epoch: [83][   0/5005]  Time  2.180 ( 2.180)    Data  2.038 ( 2.038)    Loss 1.5526e+00 (1.5526e+00)    Acc@1  66.80 ( 66.80)   Acc@5  83.59 ( 83.59)
Epoch: [83][2000/5005]  Time  0.339 ( 0.342)    Data  0.000 ( 0.001)    Loss 1.3901e+00 (1.2628e+00)    Acc@1  67.97 ( 70.01)   Acc@5  85.94 ( 87.92)
Epoch: [83][4000/5005]  Time  0.336 ( 0.341)    Data  0.000 ( 0.001)    Loss 1.1293e+00 (1.2663e+00)    Acc@1  69.53 ( 69.94)   Acc@5  89.06 ( 87.87)
Test: [  0/196] Time  3.297 ( 3.297)    Loss 6.6189e-01 (6.6189e-01)    Acc@1  82.03 ( 82.03)   Acc@5  96.09 ( 96.09)
 *   Acc@1 70.226 Acc@5 89.443
Epoch: [84][   0/5005]  Time  3.139 ( 3.139)    Data  2.977 ( 2.977)    Loss 1.1696e+00 (1.1696e+00)    Acc@1  72.66 ( 72.66)   Acc@5  88.28 ( 88.28)
Epoch: [84][2000/5005]  Time  0.340 ( 0.343)    Data  0.000 ( 0.002)    Loss 1.2586e+00 (1.2637e+00)    Acc@1  69.14 ( 70.08)   Acc@5  89.45 ( 87.89)
Epoch: [84][4000/5005]  Time  0.341 ( 0.342)    Data  0.000 ( 0.001)    Loss 1.3750e+00 (1.2644e+00)    Acc@1  67.19 ( 70.01)   Acc@5  85.94 ( 87.91)
Test: [  0/196] Time  3.206 ( 3.206)    Loss 6.9883e-01 (6.9883e-01)    Acc@1  80.86 ( 80.86)   Acc@5  96.09 ( 96.09)
 *   Acc@1 69.989 Acc@5 89.391
Epoch: [85][   0/5005]  Time  2.394 ( 2.394)    Data  2.244 ( 2.244)    Loss 1.2370e+00 (1.2370e+00)    Acc@1  70.70 ( 70.70)   Acc@5  91.80 ( 91.80)
Epoch: [85][2000/5005]  Time  0.338 ( 0.342)    Data  0.000 ( 0.002)    Loss 1.3533e+00 (1.2594e+00)    Acc@1  68.75 ( 70.15)   Acc@5  85.94 ( 87.97)
Epoch: [85][4000/5005]  Time  0.336 ( 0.342)    Data  0.000 ( 0.001)    Loss 1.1993e+00 (1.2646e+00)    Acc@1  71.88 ( 69.98)   Acc@5  87.89 ( 87.91)
Test: [  0/196] Time  3.253 ( 3.253)    Loss 6.6331e-01 (6.6331e-01)    Acc@1  81.25 ( 81.25)   Acc@5  97.27 ( 97.27)
 *   Acc@1 70.116 Acc@5 89.369
Epoch: [86][   0/5005]  Time  2.364 ( 2.364)    Data  2.229 ( 2.229)    Loss 1.2185e+00 (1.2185e+00)    Acc@1  67.97 ( 67.97)   Acc@5  87.11 ( 87.11)
Epoch: [86][2000/5005]  Time  0.336 ( 0.343)    Data  0.000 ( 0.002)    Loss 1.2723e+00 (1.2582e+00)    Acc@1  71.88 ( 70.18)   Acc@5  85.94 ( 87.99)
Epoch: [86][4000/5005]  Time  0.339 ( 0.342)    Data  0.000 ( 0.001)    Loss 1.1641e+00 (1.2599e+00)    Acc@1  71.88 ( 70.07)   Acc@5  88.67 ( 87.95)
Test: [  0/196] Time  3.299 ( 3.299)    Loss 6.3943e-01 (6.3943e-01)    Acc@1  83.59 ( 83.59)   Acc@5  96.88 ( 96.88)
 *   Acc@1 70.086 Acc@5 89.355
Epoch: [87][   0/5005]  Time  2.640 ( 2.640)    Data  2.495 ( 2.495)    Loss 1.3344e+00 (1.3344e+00)    Acc@1  67.19 ( 67.19)   Acc@5  87.11 ( 87.11)
Epoch: [87][2000/5005]  Time  0.342 ( 0.343)    Data  0.000 ( 0.002)    Loss 1.1833e+00 (1.2562e+00)    Acc@1  71.88 ( 70.11)   Acc@5  88.67 ( 87.96)
Epoch: [87][4000/5005]  Time  0.338 ( 0.342)    Data  0.000 ( 0.001)    Loss 1.3339e+00 (1.2591e+00)    Acc@1  70.70 ( 70.06)   Acc@5  87.50 ( 87.95)
Test: [  0/196] Time  3.260 ( 3.260)    Loss 6.7926e-01 (6.7926e-01)    Acc@1  81.64 ( 81.64)   Acc@5  95.70 ( 95.70)
 *   Acc@1 70.238 Acc@5 89.357
Epoch: [88][   0/5005]  Time  2.422 ( 2.422)    Data  2.273 ( 2.273)    Loss 1.0004e+00 (1.0004e+00)    Acc@1  77.73 ( 77.73)   Acc@5  89.84 ( 89.84)
Epoch: [88][2000/5005]  Time  0.353 ( 0.343)    Data  0.000 ( 0.002)    Loss 1.3047e+00 (1.2526e+00)    Acc@1  74.22 ( 70.31)   Acc@5  87.11 ( 88.07)
Epoch: [88][4000/5005]  Time  0.341 ( 0.343)    Data  0.000 ( 0.001)    Loss 1.2057e+00 (1.2545e+00)    Acc@1  70.31 ( 70.22)   Acc@5  88.28 ( 88.06)
Test: [  0/196] Time  3.309 ( 3.309)    Loss 6.6686e-01 (6.6686e-01)    Acc@1  82.81 ( 82.81)   Acc@5  96.48 ( 96.48)
 *   Acc@1 70.276 Acc@5 89.381
Epoch: [89][   0/5005]  Time  2.418 ( 2.418)    Data  2.261 ( 2.261)    Loss 1.1834e+00 (1.1834e+00)    Acc@1  69.53 ( 69.53)   Acc@5  91.41 ( 91.41)
Epoch: [89][2000/5005]  Time  0.340 ( 0.344)    Data  0.000 ( 0.002)    Loss 1.3187e+00 (1.2510e+00)    Acc@1  70.31 ( 70.21)   Acc@5  86.72 ( 88.08)
Epoch: [89][4000/5005]  Time  0.356 ( 0.343)    Data  0.000 ( 0.001)    Loss 1.2796e+00 (1.2547e+00)    Acc@1  67.19 ( 70.19)   Acc@5  89.45 ( 88.03)
Test: [  0/196] Time  3.255 ( 3.255)    Loss 6.9897e-01 (6.9897e-01)    Acc@1  83.20 ( 83.20)   Acc@5  95.70 ( 95.70)
 *   Acc@1 70.092 Acc@5 89.445