isNoise False
traindir ILSVRC/Data/CLS-LOC/train
valdir ILSVRC/Data/CLS-LOC/val
Epoch: [0][   0/5005]	Time  3.617 ( 3.617)	Data  2.000 ( 2.000)	Loss 6.9321e+00 (6.9321e+00)	Acc@1   0.00 (  0.00)	Acc@5   0.00 (  0.00)
Epoch: [0][1001/5005]	Time  0.309 ( 0.312)	Data  0.000 ( 0.002)	Loss 5.4316e+00 (6.0748e+00)	Acc@1   4.30 (  2.82)	Acc@5  14.84 (  8.90)
Epoch: [0][2002/5005]	Time  0.311 ( 0.310)	Data  0.000 ( 0.001)	Loss 4.7401e+00 (5.5783e+00)	Acc@1  10.94 (  5.96)	Acc@5  31.25 ( 16.02)
Epoch: [0][3003/5005]	Time  0.308 ( 0.310)	Data  0.000 ( 0.001)	Loss 4.1465e+00 (5.2273e+00)	Acc@1  18.36 (  8.88)	Acc@5  36.72 ( 21.77)
Epoch: [0][4004/5005]	Time  0.309 ( 0.309)	Data  0.000 ( 0.001)	Loss 4.0459e+00 (4.9579e+00)	Acc@1  21.88 ( 11.52)	Acc@5  42.58 ( 26.40)
 * Acc@1 25.920 Acc@5 50.345
Epoch: [1][   0/5005]	Time  2.309 ( 2.309)	Data  2.080 ( 2.080)	Loss 3.7255e+00 (3.7255e+00)	Acc@1  25.00 ( 25.00)	Acc@5  45.70 ( 45.70)
Epoch: [1][1001/5005]	Time  0.308 ( 0.312)	Data  0.000 ( 0.002)	Loss 3.5990e+00 (3.6358e+00)	Acc@1  25.00 ( 26.45)	Acc@5  50.78 ( 49.83)
Epoch: [1][2002/5005]	Time  0.308 ( 0.310)	Data  0.000 ( 0.001)	Loss 3.4193e+00 (3.5608e+00)	Acc@1  29.30 ( 27.62)	Acc@5  57.42 ( 51.22)
Epoch: [1][3003/5005]	Time  0.307 ( 0.310)	Data  0.000 ( 0.001)	Loss 3.5294e+00 (3.4968e+00)	Acc@1  28.91 ( 28.62)	Acc@5  53.91 ( 52.41)
Epoch: [1][4004/5005]	Time  0.308 ( 0.309)	Data  0.000 ( 0.001)	Loss 3.0216e+00 (3.4383e+00)	Acc@1  37.50 ( 29.51)	Acc@5  60.94 ( 53.49)
 * Acc@1 35.870 Acc@5 62.322
Epoch: [2][   0/5005]	Time  1.922 ( 1.922)	Data  1.804 ( 1.804)	Loss 3.1011e+00 (3.1011e+00)	Acc@1  35.55 ( 35.55)	Acc@5  58.20 ( 58.20)
Epoch: [2][1001/5005]	Time  0.308 ( 0.311)	Data  0.000 ( 0.002)	Loss 3.0095e+00 (3.0721e+00)	Acc@1  37.89 ( 35.43)	Acc@5  62.50 ( 60.14)
Epoch: [2][2002/5005]	Time  0.307 ( 0.310)	Data  0.000 ( 0.001)	Loss 3.1015e+00 (3.0535e+00)	Acc@1  35.55 ( 35.69)	Acc@5  55.86 ( 60.44)
Epoch: [2][3003/5005]	Time  0.307 ( 0.310)	Data  0.000 ( 0.001)	Loss 3.0329e+00 (3.0284e+00)	Acc@1  39.84 ( 36.09)	Acc@5  59.77 ( 60.87)
Epoch: [2][4004/5005]	Time  0.310 ( 0.310)	Data  0.000 ( 0.001)	Loss 3.1192e+00 (3.0059e+00)	Acc@1  38.67 ( 36.46)	Acc@5  59.38 ( 61.25)
 * Acc@1 42.486 Acc@5 68.766
Epoch: [3][   0/5005]	Time  2.169 ( 2.169)	Data  2.036 ( 2.036)	Loss 2.5863e+00 (2.5863e+00)	Acc@1  45.31 ( 45.31)	Acc@5  70.70 ( 70.70)
Epoch: [3][1001/5005]	Time  0.306 ( 0.312)	Data  0.000 ( 0.002)	Loss 2.9297e+00 (2.8273e+00)	Acc@1  38.67 ( 39.41)	Acc@5  60.94 ( 64.32)
Epoch: [3][2002/5005]	Time  0.307 ( 0.311)	Data  0.000 ( 0.001)	Loss 2.5470e+00 (2.8213e+00)	Acc@1  44.53 ( 39.58)	Acc@5  68.36 ( 64.49)
Epoch: [3][3003/5005]	Time  0.308 ( 0.310)	Data  0.000 ( 0.001)	Loss 2.5228e+00 (2.8123e+00)	Acc@1  46.88 ( 39.74)	Acc@5  69.92 ( 64.64)
Epoch: [3][4004/5005]	Time  0.303 ( 0.310)	Data  0.000 ( 0.001)	Loss 2.8422e+00 (2.8027e+00)	Acc@1  39.84 ( 39.89)	Acc@5  64.06 ( 64.82)
 * Acc@1 44.556 Acc@5 70.700
Epoch: [4][   0/5005]	Time  2.476 ( 2.476)	Data  2.360 ( 2.360)	Loss 2.6783e+00 (2.6783e+00)	Acc@1  41.02 ( 41.02)	Acc@5  64.45 ( 64.45)
Epoch: [4][1001/5005]	Time  0.310 ( 0.312)	Data  0.000 ( 0.003)	Loss 2.8402e+00 (2.6904e+00)	Acc@1  40.62 ( 41.84)	Acc@5  66.41 ( 66.64)
Epoch: [4][2002/5005]	Time  0.308 ( 0.311)	Data  0.000 ( 0.002)	Loss 2.7230e+00 (2.6905e+00)	Acc@1  44.92 ( 41.82)	Acc@5  65.62 ( 66.70)
Epoch: [4][3003/5005]	Time  0.307 ( 0.310)	Data  0.000 ( 0.001)	Loss 2.6422e+00 (2.6884e+00)	Acc@1  41.80 ( 41.86)	Acc@5  68.75 ( 66.72)
Epoch: [4][4004/5005]	Time  0.309 ( 0.310)	Data  0.000 ( 0.001)	Loss 2.7862e+00 (2.6845e+00)	Acc@1  36.72 ( 41.93)	Acc@5  63.28 ( 66.80)
 * Acc@1 46.833 Acc@5 72.623
Epoch: [5][   0/5005]	Time  1.981 ( 1.981)	Data  1.864 ( 1.864)	Loss 2.8307e+00 (2.8307e+00)	Acc@1  39.45 ( 39.45)	Acc@5  66.02 ( 66.02)
Epoch: [5][1001/5005]	Time  0.331 ( 0.312)	Data  0.000 ( 0.002)	Loss 2.6046e+00 (2.6031e+00)	Acc@1  42.97 ( 43.35)	Acc@5  68.75 ( 68.25)
Epoch: [5][2002/5005]	Time  0.302 ( 0.311)	Data  0.000 ( 0.001)	Loss 2.6104e+00 (2.6027e+00)	Acc@1  43.75 ( 43.31)	Acc@5  65.62 ( 68.20)
Epoch: [5][3003/5005]	Time  0.309 ( 0.310)	Data  0.000 ( 0.001)	Loss 2.8268e+00 (2.6037e+00)	Acc@1  36.33 ( 43.30)	Acc@5  64.45 ( 68.17)
Epoch: [5][4004/5005]	Time  0.307 ( 0.310)	Data  0.000 ( 0.001)	Loss 2.6531e+00 (2.6051e+00)	Acc@1  40.23 ( 43.33)	Acc@5  66.41 ( 68.16)
 * Acc@1 47.113 Acc@5 73.368
Epoch: [6][   0/5005]	Time  2.515 ( 2.515)	Data  2.398 ( 2.398)	Loss 2.5867e+00 (2.5867e+00)	Acc@1  43.75 ( 43.75)	Acc@5  66.41 ( 66.41)
Epoch: [6][1001/5005]	Time  0.310 ( 0.312)	Data  0.000 ( 0.003)	Loss 2.5832e+00 (2.5404e+00)	Acc@1  44.53 ( 44.44)	Acc@5  67.97 ( 69.23)
Epoch: [6][2002/5005]	Time  0.309 ( 0.311)	Data  0.000 ( 0.002)	Loss 2.3436e+00 (2.5417e+00)	Acc@1  43.36 ( 44.44)	Acc@5  72.27 ( 69.20)
Epoch: [6][3003/5005]	Time  0.302 ( 0.310)	Data  0.000 ( 0.001)	Loss 2.5884e+00 (2.5473e+00)	Acc@1  45.31 ( 44.38)	Acc@5  66.80 ( 69.13)
Epoch: [6][4004/5005]	Time  0.308 ( 0.310)	Data  0.000 ( 0.001)	Loss 2.5291e+00 (2.5480e+00)	Acc@1  41.80 ( 44.40)	Acc@5  71.48 ( 69.14)
 * Acc@1 48.505 Acc@5 74.375
Epoch: [7][   0/5005]	Time  2.501 ( 2.501)	Data  2.385 ( 2.385)	Loss 2.4436e+00 (2.4436e+00)	Acc@1  45.31 ( 45.31)	Acc@5  72.27 ( 72.27)
Epoch: [7][1001/5005]	Time  0.309 ( 0.313)	Data  0.000 ( 0.003)	Loss 2.2375e+00 (2.4982e+00)	Acc@1  46.88 ( 45.18)	Acc@5  78.52 ( 69.93)
Epoch: [7][2002/5005]	Time  0.309 ( 0.311)	Data  0.000 ( 0.002)	Loss 2.4492e+00 (2.5052e+00)	Acc@1  44.53 ( 45.10)	Acc@5  68.75 ( 69.83)
Epoch: [7][3003/5005]	Time  0.307 ( 0.311)	Data  0.000 ( 0.001)	Loss 2.5326e+00 (2.5046e+00)	Acc@1  42.97 ( 45.15)	Acc@5  67.19 ( 69.82)
Epoch: [7][4004/5005]	Time  0.309 ( 0.310)	Data  0.000 ( 0.001)	Loss 2.4124e+00 (2.5044e+00)	Acc@1  45.70 ( 45.16)	Acc@5  70.70 ( 69.84)
 * Acc@1 48.593 Acc@5 74.459
Epoch: [8][   0/5005]	Time  2.143 ( 2.143)	Data  2.027 ( 2.027)	Loss 2.2695e+00 (2.2695e+00)	Acc@1  49.22 ( 49.22)	Acc@5  72.66 ( 72.66)
Epoch: [8][1001/5005]	Time  0.311 ( 0.312)	Data  0.000 ( 0.002)	Loss 2.4646e+00 (2.4538e+00)	Acc@1  44.14 ( 45.87)	Acc@5  71.09 ( 70.73)
Epoch: [8][2002/5005]	Time  0.310 ( 0.311)	Data  0.000 ( 0.001)	Loss 2.5900e+00 (2.4620e+00)	Acc@1  47.66 ( 45.83)	Acc@5  65.62 ( 70.56)
Epoch: [8][3003/5005]	Time  0.309 ( 0.311)	Data  0.000 ( 0.001)	Loss 2.5678e+00 (2.4673e+00)	Acc@1  40.23 ( 45.80)	Acc@5  70.31 ( 70.47)
Epoch: [8][4004/5005]	Time  0.309 ( 0.310)	Data  0.000 ( 0.001)	Loss 2.7583e+00 (2.4710e+00)	Acc@1  42.97 ( 45.72)	Acc@5  65.62 ( 70.42)
 * Acc@1 49.715 Acc@5 75.340
Epoch: [9][   0/5005]	Time  2.615 ( 2.615)	Data  2.499 ( 2.499)	Loss 2.4411e+00 (2.4411e+00)	Acc@1  46.09 ( 46.09)	Acc@5  69.53 ( 69.53)
Epoch: [9][1001/5005]	Time  0.332 ( 0.313)	Data  0.000 ( 0.003)	Loss 2.4933e+00 (2.4237e+00)	Acc@1  48.05 ( 46.58)	Acc@5  68.75 ( 71.12)
Epoch: [9][2002/5005]	Time  0.308 ( 0.312)	Data  0.000 ( 0.002)	Loss 2.4046e+00 (2.4353e+00)	Acc@1  50.00 ( 46.40)	Acc@5  71.88 ( 70.93)
Epoch: [9][3003/5005]	Time  0.308 ( 0.311)	Data  0.000 ( 0.001)	Loss 2.3548e+00 (2.4417e+00)	Acc@1  49.61 ( 46.27)	Acc@5  67.97 ( 70.83)
Epoch: [9][4004/5005]	Time  0.305 ( 0.311)	Data  0.000 ( 0.001)	Loss 2.4195e+00 (2.4451e+00)	Acc@1  48.83 ( 46.22)	Acc@5  71.09 ( 70.78)
 * Acc@1 49.468 Acc@5 75.302
Epoch: [10][   0/5005]	Time  1.702 ( 1.702)	Data  1.589 ( 1.589)	Loss 2.5676e+00 (2.5676e+00)	Acc@1  44.14 ( 44.14)	Acc@5  67.58 ( 67.58)
Epoch: [10][1001/5005]	Time  0.310 ( 0.312)	Data  0.000 ( 0.002)	Loss 2.2574e+00 (2.4038e+00)	Acc@1  48.83 ( 46.85)	Acc@5  73.83 ( 71.46)
Epoch: [10][2002/5005]	Time  0.311 ( 0.311)	Data  0.000 ( 0.001)	Loss 2.7334e+00 (2.4177e+00)	Acc@1  38.28 ( 46.67)	Acc@5  62.50 ( 71.25)
Epoch: [10][3003/5005]	Time  0.306 ( 0.311)	Data  0.000 ( 0.001)	Loss 2.2241e+00 (2.4241e+00)	Acc@1  51.95 ( 46.59)	Acc@5  74.61 ( 71.17)
Epoch: [10][4004/5005]	Time  0.309 ( 0.310)	Data  0.000 ( 0.001)	Loss 2.4520e+00 (2.4252e+00)	Acc@1  45.31 ( 46.58)	Acc@5  71.88 ( 71.14)
 * Acc@1 50.395 Acc@5 75.915
Epoch: [11][   0/5005]	Time  2.250 ( 2.250)	Data  2.130 ( 2.130)	Loss 2.3039e+00 (2.3039e+00)	Acc@1  46.09 ( 46.09)	Acc@5  69.53 ( 69.53)
Epoch: [11][1001/5005]	Time  0.309 ( 0.312)	Data  0.000 ( 0.003)	Loss 2.3128e+00 (2.3954e+00)	Acc@1  47.66 ( 46.99)	Acc@5  71.88 ( 71.59)
Epoch: [11][2002/5005]	Time  0.310 ( 0.311)	Data  0.000 ( 0.001)	Loss 2.5398e+00 (2.4040e+00)	Acc@1  43.36 ( 46.87)	Acc@5  72.27 ( 71.44)
Epoch: [11][3003/5005]	Time  0.307 ( 0.311)	Data  0.000 ( 0.001)	Loss 2.4403e+00 (2.4080e+00)	Acc@1  45.31 ( 46.83)	Acc@5  73.44 ( 71.41)
Epoch: [11][4004/5005]	Time  0.305 ( 0.310)	Data  0.000 ( 0.001)	Loss 2.4719e+00 (2.4088e+00)	Acc@1  44.53 ( 46.84)	Acc@5  69.53 ( 71.39)
 * Acc@1 50.834 Acc@5 76.089
Epoch: [12][   0/5005]	Time  2.042 ( 2.042)	Data  1.924 ( 1.924)	Loss 2.1970e+00 (2.1970e+00)	Acc@1  48.83 ( 48.83)	Acc@5  73.83 ( 73.83)
Epoch: [12][1001/5005]	Time  0.311 ( 0.312)	Data  0.000 ( 0.002)	Loss 2.5571e+00 (2.3743e+00)	Acc@1  41.80 ( 47.44)	Acc@5  69.53 ( 72.02)
Epoch: [12][2002/5005]	Time  0.308 ( 0.311)	Data  0.000 ( 0.001)	Loss 2.1358e+00 (2.3781e+00)	Acc@1  50.39 ( 47.29)	Acc@5  76.17 ( 71.93)
Epoch: [12][3003/5005]	Time  0.310 ( 0.311)	Data  0.000 ( 0.001)	Loss 2.5367e+00 (2.3861e+00)	Acc@1  41.02 ( 47.17)	Acc@5  70.70 ( 71.81)
Epoch: [12][4004/5005]	Time  0.307 ( 0.310)	Data  0.000 ( 0.001)	Loss 2.4734e+00 (2.3900e+00)	Acc@1  42.19 ( 47.16)	Acc@5  71.48 ( 71.73)
 * Acc@1 50.065 Acc@5 75.899
Epoch: [13][   0/5005]	Time  2.039 ( 2.039)	Data  1.921 ( 1.921)	Loss 2.6169e+00 (2.6169e+00)	Acc@1  44.53 ( 44.53)	Acc@5  68.75 ( 68.75)
Epoch: [13][1001/5005]	Time  0.311 ( 0.313)	Data  0.000 ( 0.002)	Loss 2.1588e+00 (2.3567e+00)	Acc@1  54.69 ( 47.69)	Acc@5  74.61 ( 72.28)
Epoch: [13][2002/5005]	Time  0.306 ( 0.311)	Data  0.000 ( 0.001)	Loss 2.4163e+00 (2.3678e+00)	Acc@1  46.88 ( 47.57)	Acc@5  71.09 ( 72.10)
Epoch: [13][3003/5005]	Time  0.311 ( 0.311)	Data  0.000 ( 0.001)	Loss 2.3385e+00 (2.3723e+00)	Acc@1  50.00 ( 47.52)	Acc@5  72.66 ( 72.02)
Epoch: [13][4004/5005]	Time  0.309 ( 0.311)	Data  0.000 ( 0.001)	Loss 2.3982e+00 (2.3756e+00)	Acc@1  45.70 ( 47.44)	Acc@5  71.09 ( 71.97)
 * Acc@1 50.744 Acc@5 76.339
Epoch: [14][   0/5005]	Time  1.797 ( 1.797)	Data  1.680 ( 1.680)	Loss 2.1602e+00 (2.1602e+00)	Acc@1  53.12 ( 53.12)	Acc@5  73.44 ( 73.44)
Epoch: [14][1001/5005]	Time  0.310 ( 0.312)	Data  0.000 ( 0.002)	Loss 2.2786e+00 (2.3489e+00)	Acc@1  46.88 ( 47.93)	Acc@5  74.61 ( 72.39)
Epoch: [14][2002/5005]	Time  0.310 ( 0.311)	Data  0.000 ( 0.001)	Loss 2.5517e+00 (2.3592e+00)	Acc@1  46.48 ( 47.68)	Acc@5  69.14 ( 72.22)
Epoch: [14][3003/5005]	Time  0.308 ( 0.311)	Data  0.000 ( 0.001)	Loss 2.2054e+00 (2.3659e+00)	Acc@1  46.88 ( 47.60)	Acc@5  74.61 ( 72.12)
Epoch: [14][4004/5005]	Time  0.309 ( 0.310)	Data  0.000 ( 0.001)	Loss 2.4404e+00 (2.3700e+00)	Acc@1  49.22 ( 47.54)	Acc@5  73.83 ( 72.06)
 * Acc@1 50.207 Acc@5 75.829
Epoch: [15][   0/5005]	Time  1.901 ( 1.901)	Data  1.757 ( 1.757)	Loss 2.2925e+00 (2.2925e+00)	Acc@1  46.09 ( 46.09)	Acc@5  74.22 ( 74.22)
Epoch: [15][1001/5005]	Time  0.307 ( 0.312)	Data  0.000 ( 0.002)	Loss 2.2461e+00 (2.3320e+00)	Acc@1  49.61 ( 48.21)	Acc@5  74.61 ( 72.62)
Epoch: [15][2002/5005]	Time  0.310 ( 0.311)	Data  0.000 ( 0.001)	Loss 2.3614e+00 (2.3450e+00)	Acc@1  44.53 ( 47.99)	Acc@5  71.88 ( 72.41)
Epoch: [15][3003/5005]	Time  0.309 ( 0.311)	Data  0.000 ( 0.001)	Loss 2.2289e+00 (2.3557e+00)	Acc@1  46.88 ( 47.76)	Acc@5  76.17 ( 72.27)
Epoch: [15][4004/5005]	Time  0.334 ( 0.310)	Data  0.000 ( 0.001)	Loss 2.4302e+00 (2.3570e+00)	Acc@1  45.70 ( 47.74)	Acc@5  69.92 ( 72.25)
 * Acc@1 50.628 Acc@5 76.513
Epoch: [16][   0/5005]	Time  2.454 ( 2.454)	Data  2.338 ( 2.338)	Loss 2.2929e+00 (2.2929e+00)	Acc@1  50.39 ( 50.39)	Acc@5  73.44 ( 73.44)
Epoch: [16][1001/5005]	Time  0.310 ( 0.313)	Data  0.000 ( 0.003)	Loss 2.4697e+00 (2.3271e+00)	Acc@1  46.09 ( 48.22)	Acc@5  70.31 ( 72.72)
Epoch: [16][2002/5005]	Time  0.331 ( 0.311)	Data  0.000 ( 0.002)	Loss 2.5280e+00 (2.3380e+00)	Acc@1  44.14 ( 48.11)	Acc@5  69.92 ( 72.53)
Epoch: [16][3003/5005]	Time  0.308 ( 0.311)	Data  0.000 ( 0.001)	Loss 2.3785e+00 (2.3458e+00)	Acc@1  48.44 ( 47.98)	Acc@5  73.05 ( 72.40)
Epoch: [16][4004/5005]	Time  0.308 ( 0.311)	Data  0.000 ( 0.001)	Loss 2.3553e+00 (2.3513e+00)	Acc@1  49.61 ( 47.92)	Acc@5  71.09 ( 72.31)
 * Acc@1 50.420 Acc@5 76.309
Epoch: [17][   0/5005]	Time  1.828 ( 1.828)	Data  1.707 ( 1.707)	Loss 2.3938e+00 (2.3938e+00)	Acc@1  44.92 ( 44.92)	Acc@5  70.70 ( 70.70)
Epoch: [17][1001/5005]	Time  0.310 ( 0.311)	Data  0.000 ( 0.002)	Loss 2.4796e+00 (2.3169e+00)	Acc@1  51.17 ( 48.49)	Acc@5  68.36 ( 72.90)
Epoch: [17][2002/5005]	Time  0.307 ( 0.310)	Data  0.000 ( 0.001)	Loss 2.5950e+00 (2.3303e+00)	Acc@1  40.23 ( 48.26)	Acc@5  70.70 ( 72.69)
Epoch: [17][3003/5005]	Time  0.305 ( 0.309)	Data  0.000 ( 0.001)	Loss 2.3794e+00 (2.3355e+00)	Acc@1  47.66 ( 48.15)	Acc@5  69.92 ( 72.58)
Epoch: [17][4004/5005]	Time  0.308 ( 0.309)	Data  0.000 ( 0.001)	Loss 2.4725e+00 (2.3418e+00)	Acc@1  46.88 ( 48.01)	Acc@5  69.53 ( 72.49)
 * Acc@1 51.661 Acc@5 77.026
Epoch: [18][   0/5005]	Time  1.967 ( 1.967)	Data  1.849 ( 1.849)	Loss 2.1406e+00 (2.1406e+00)	Acc@1  51.56 ( 51.56)	Acc@5  75.00 ( 75.00)
Epoch: [18][1001/5005]	Time  0.308 ( 0.311)	Data  0.000 ( 0.002)	Loss 2.3477e+00 (2.3048e+00)	Acc@1  48.05 ( 48.78)	Acc@5  73.83 ( 73.02)
Epoch: [18][2002/5005]	Time  0.307 ( 0.309)	Data  0.000 ( 0.001)	Loss 2.3789e+00 (2.3155e+00)	Acc@1  49.61 ( 48.57)	Acc@5  71.88 ( 72.87)
Epoch: [18][3003/5005]	Time  0.308 ( 0.309)	Data  0.000 ( 0.001)	Loss 2.1857e+00 (2.3251e+00)	Acc@1  51.17 ( 48.34)	Acc@5  71.88 ( 72.71)
Epoch: [18][4004/5005]	Time  0.329 ( 0.309)	Data  0.000 ( 0.001)	Loss 2.5503e+00 (2.3316e+00)	Acc@1  43.75 ( 48.22)	Acc@5  71.88 ( 72.63)
 * Acc@1 51.893 Acc@5 77.228
Epoch: [19][   0/5005]	Time  1.956 ( 1.956)	Data  1.837 ( 1.837)	Loss 2.1946e+00 (2.1946e+00)	Acc@1  52.73 ( 52.73)	Acc@5  75.00 ( 75.00)
Epoch: [19][1001/5005]	Time  0.309 ( 0.310)	Data  0.000 ( 0.002)	Loss 2.2886e+00 (2.3080e+00)	Acc@1  49.61 ( 48.66)	Acc@5  72.66 ( 73.06)
Epoch: [19][2002/5005]	Time  0.303 ( 0.309)	Data  0.000 ( 0.001)	Loss 2.0214e+00 (2.3170e+00)	Acc@1  53.52 ( 48.56)	Acc@5  78.12 ( 72.89)
Epoch: [19][3003/5005]	Time  0.308 ( 0.309)	Data  0.000 ( 0.001)	Loss 2.0654e+00 (2.3218e+00)	Acc@1  54.69 ( 48.45)	Acc@5  80.08 ( 72.81)
Epoch: [19][4004/5005]	Time  0.307 ( 0.309)	Data  0.000 ( 0.001)	Loss 2.0651e+00 (2.3260e+00)	Acc@1  51.17 ( 48.34)	Acc@5  80.86 ( 72.75)
 * Acc@1 51.355 Acc@5 76.880
Epoch: [20][   0/5005]	Time  2.513 ( 2.513)	Data  2.396 ( 2.396)	Loss 2.3991e+00 (2.3991e+00)	Acc@1  45.31 ( 45.31)	Acc@5  70.70 ( 70.70)
Epoch: [20][1001/5005]	Time  0.310 ( 0.311)	Data  0.000 ( 0.003)	Loss 2.8119e+00 (2.3075e+00)	Acc@1  43.75 ( 48.58)	Acc@5  64.84 ( 73.10)
Epoch: [20][2002/5005]	Time  0.309 ( 0.310)	Data  0.000 ( 0.002)	Loss 2.2494e+00 (2.3121e+00)	Acc@1  46.09 ( 48.54)	Acc@5  71.48 ( 72.97)
Epoch: [20][3003/5005]	Time  0.330 ( 0.310)	Data  0.000 ( 0.001)	Loss 2.1930e+00 (2.3189e+00)	Acc@1  46.88 ( 48.45)	Acc@5  74.22 ( 72.83)
Epoch: [20][4004/5005]	Time  0.335 ( 0.311)	Data  0.000 ( 0.001)	Loss 2.2449e+00 (2.3233e+00)	Acc@1  51.56 ( 48.38)	Acc@5  73.44 ( 72.76)
 * Acc@1 50.834 Acc@5 76.543
Epoch: [21][   0/5005]	Time  1.664 ( 1.664)	Data  1.556 ( 1.556)	Loss 2.2366e+00 (2.2366e+00)	Acc@1  50.78 ( 50.78)	Acc@5  74.22 ( 74.22)
Epoch: [21][1001/5005]	Time  0.311 ( 0.313)	Data  0.000 ( 0.002)	Loss 2.3530e+00 (2.2940e+00)	Acc@1  46.09 ( 48.97)	Acc@5  73.05 ( 73.18)
Epoch: [21][2002/5005]	Time  0.306 ( 0.311)	Data  0.000 ( 0.001)	Loss 2.3151e+00 (2.3066e+00)	Acc@1  50.78 ( 48.73)	Acc@5  74.61 ( 73.01)
Epoch: [21][3003/5005]	Time  0.307 ( 0.310)	Data  0.000 ( 0.001)	Loss 2.3800e+00 (2.3138e+00)	Acc@1  46.88 ( 48.61)	Acc@5  72.27 ( 72.90)
Epoch: [21][4004/5005]	Time  0.337 ( 0.311)	Data  0.000 ( 0.001)	Loss 2.5116e+00 (2.3187e+00)	Acc@1  43.75 ( 48.52)	Acc@5  73.44 ( 72.84)
 * Acc@1 51.038 Acc@5 76.561
Epoch: [22][   0/5005]	Time  2.296 ( 2.296)	Data  2.143 ( 2.143)	Loss 2.4375e+00 (2.4375e+00)	Acc@1  46.09 ( 46.09)	Acc@5  73.44 ( 73.44)
Epoch: [22][1001/5005]	Time  0.359 ( 0.347)	Data  0.000 ( 0.003)	Loss 1.9213e+00 (2.2895e+00)	Acc@1  57.81 ( 48.98)	Acc@5  78.12 ( 73.37)
Epoch: [22][2002/5005]	Time  0.317 ( 0.346)	Data  0.000 ( 0.001)	Loss 2.0944e+00 (2.3035e+00)	Acc@1  54.69 ( 48.76)	Acc@5  76.56 ( 73.10)
Epoch: [22][3003/5005]	Time  0.329 ( 0.345)	Data  0.000 ( 0.001)	Loss 2.2994e+00 (2.3124e+00)	Acc@1  48.44 ( 48.64)	Acc@5  75.78 ( 72.99)
Epoch: [22][4004/5005]	Time  0.308 ( 0.342)	Data  0.000 ( 0.001)	Loss 2.4184e+00 (2.3160e+00)	Acc@1  50.78 ( 48.57)	Acc@5  69.53 ( 72.95)
 * Acc@1 52.434 Acc@5 77.422
Epoch: [23][   0/5005]	Time  1.797 ( 1.797)	Data  1.678 ( 1.678)	Loss 2.1249e+00 (2.1249e+00)	Acc@1  52.34 ( 52.34)	Acc@5  76.56 ( 76.56)
Epoch: [23][1001/5005]	Time  0.337 ( 0.328)	Data  0.000 ( 0.002)	Loss 2.3460e+00 (2.2809e+00)	Acc@1  45.70 ( 49.24)	Acc@5  71.09 ( 73.50)
Epoch: [23][2002/5005]	Time  0.321 ( 0.334)	Data  0.000 ( 0.001)	Loss 2.5361e+00 (2.2937e+00)	Acc@1  44.92 ( 48.99)	Acc@5  68.36 ( 73.28)
Epoch: [23][3003/5005]	Time  0.329 ( 0.334)	Data  0.000 ( 0.001)	Loss 2.3865e+00 (2.3038e+00)	Acc@1  46.88 ( 48.83)	Acc@5  73.44 ( 73.11)
Epoch: [23][4004/5005]	Time  0.345 ( 0.335)	Data  0.000 ( 0.001)	Loss 2.1866e+00 (2.3094e+00)	Acc@1  51.17 ( 48.71)	Acc@5  75.39 ( 73.03)
 * Acc@1 51.889 Acc@5 77.358
Epoch: [24][   0/5005]	Time  2.285 ( 2.285)	Data  2.105 ( 2.105)	Loss 2.3168e+00 (2.3168e+00)	Acc@1  49.61 ( 49.61)	Acc@5  69.92 ( 69.92)
Epoch: [24][1001/5005]	Time  0.306 ( 0.317)	Data  0.000 ( 0.003)	Loss 2.1012e+00 (2.2796e+00)	Acc@1  51.56 ( 49.11)	Acc@5  74.22 ( 73.46)
Epoch: [24][2002/5005]	Time  0.304 ( 0.312)	Data  0.000 ( 0.001)	Loss 2.3680e+00 (2.2908e+00)	Acc@1  46.88 ( 48.92)	Acc@5  71.88 ( 73.30)
Epoch: [24][3003/5005]	Time  0.308 ( 0.310)	Data  0.000 ( 0.001)	Loss 2.3061e+00 (2.2973e+00)	Acc@1  48.44 ( 48.83)	Acc@5  71.09 ( 73.22)
Epoch: [24][4004/5005]	Time  0.305 ( 0.309)	Data  0.000 ( 0.001)	Loss 2.2342e+00 (2.3031e+00)	Acc@1  51.56 ( 48.73)	Acc@5  73.83 ( 73.13)
 * Acc@1 53.295 Acc@5 78.344
Epoch: [25][   0/5005]	Time  2.718 ( 2.718)	Data  2.600 ( 2.600)	Loss 2.0477e+00 (2.0477e+00)	Acc@1  51.95 ( 51.95)	Acc@5  78.52 ( 78.52)
Epoch: [25][1001/5005]	Time  0.430 ( 0.323)	Data  0.000 ( 0.003)	Loss 2.2858e+00 (2.2760e+00)	Acc@1  51.56 ( 49.15)	Acc@5  75.00 ( 73.46)
Epoch: [25][2002/5005]	Time  0.332 ( 0.337)	Data  0.000 ( 0.002)	Loss 2.4592e+00 (2.2888e+00)	Acc@1  50.00 ( 48.91)	Acc@5  68.36 ( 73.30)
Epoch: [25][3003/5005]	Time  0.347 ( 0.340)	Data  0.000 ( 0.001)	Loss 2.2215e+00 (2.2964e+00)	Acc@1  49.61 ( 48.78)	Acc@5  76.17 ( 73.23)
Epoch: [25][4004/5005]	Time  0.359 ( 0.343)	Data  0.000 ( 0.001)	Loss 2.2918e+00 (2.3025e+00)	Acc@1  50.00 ( 48.69)	Acc@5  73.44 ( 73.15)
 * Acc@1 51.643 Acc@5 77.204
Epoch: [26][   0/5005]	Time  2.168 ( 2.168)	Data  2.012 ( 2.012)	Loss 2.2348e+00 (2.2348e+00)	Acc@1  51.17 ( 51.17)	Acc@5  74.61 ( 74.61)
Epoch: [26][1001/5005]	Time  0.384 ( 0.379)	Data  0.000 ( 0.003)	Loss 2.4433e+00 (2.2678e+00)	Acc@1  48.83 ( 49.47)	Acc@5  69.92 ( 73.62)
Epoch: [26][2002/5005]	Time  0.345 ( 0.371)	Data  0.000 ( 0.002)	Loss 2.1834e+00 (2.2808e+00)	Acc@1  54.69 ( 49.21)	Acc@5  75.78 ( 73.43)
Epoch: [26][3003/5005]	Time  0.354 ( 0.364)	Data  0.000 ( 0.001)	Loss 2.2692e+00 (2.2917e+00)	Acc@1  46.48 ( 48.98)	Acc@5  74.61 ( 73.26)
Epoch: [26][4004/5005]	Time  0.304 ( 0.361)	Data  0.000 ( 0.001)	Loss 2.3131e+00 (2.2950e+00)	Acc@1  49.22 ( 48.92)	Acc@5  68.75 ( 73.22)
 * Acc@1 52.959 Acc@5 78.438
Epoch: [27][   0/5005]	Time  2.017 ( 2.017)	Data  1.881 ( 1.881)	Loss 2.3451e+00 (2.3451e+00)	Acc@1  45.70 ( 45.70)	Acc@5  72.27 ( 72.27)
Epoch: [27][1001/5005]	Time  0.306 ( 0.317)	Data  0.000 ( 0.002)	Loss 2.5464e+00 (2.2717e+00)	Acc@1  45.31 ( 49.28)	Acc@5  67.58 ( 73.62)
Epoch: [27][2002/5005]	Time  0.310 ( 0.312)	Data  0.000 ( 0.001)	Loss 2.1244e+00 (2.2820e+00)	Acc@1  45.31 ( 49.09)	Acc@5  80.08 ( 73.44)
Epoch: [27][3003/5005]	Time  0.306 ( 0.310)	Data  0.000 ( 0.001)	Loss 2.2212e+00 (2.2897e+00)	Acc@1  48.83 ( 48.96)	Acc@5  72.66 ( 73.32)
Epoch: [27][4004/5005]	Time  0.308 ( 0.310)	Data  0.000 ( 0.001)	Loss 2.3092e+00 (2.2940e+00)	Acc@1  46.09 ( 48.90)	Acc@5  71.88 ( 73.27)
 * Acc@1 51.855 Acc@5 77.589
Epoch: [28][   0/5005]	Time  1.805 ( 1.805)	Data  1.662 ( 1.662)	Loss 2.4137e+00 (2.4137e+00)	Acc@1  45.70 ( 45.70)	Acc@5  71.88 ( 71.88)
Epoch: [28][1001/5005]	Time  0.307 ( 0.310)	Data  0.000 ( 0.003)	Loss 2.4401e+00 (2.2635e+00)	Acc@1  48.83 ( 49.44)	Acc@5  71.09 ( 73.68)
Epoch: [28][2002/5005]	Time  0.325 ( 0.309)	Data  0.000 ( 0.002)	Loss 2.2507e+00 (2.2756e+00)	Acc@1  51.95 ( 49.24)	Acc@5  72.66 ( 73.49)
Epoch: [28][3003/5005]	Time  0.307 ( 0.308)	Data  0.000 ( 0.001)	Loss 2.3707e+00 (2.2834e+00)	Acc@1  44.92 ( 49.15)	Acc@5  72.27 ( 73.36)
Epoch: [28][4004/5005]	Time  0.306 ( 0.308)	Data  0.000 ( 0.001)	Loss 2.4518e+00 (2.2898e+00)	Acc@1  44.14 ( 49.02)	Acc@5  68.75 ( 73.27)
 * Acc@1 51.042 Acc@5 76.754
Epoch: [29][   0/5005]	Time  2.533 ( 2.533)	Data  2.418 ( 2.418)	Loss 2.2644e+00 (2.2644e+00)	Acc@1  48.05 ( 48.05)	Acc@5  71.88 ( 71.88)
Epoch: [29][1001/5005]	Time  0.310 ( 0.310)	Data  0.000 ( 0.003)	Loss 2.2582e+00 (2.2660e+00)	Acc@1  55.47 ( 49.49)	Acc@5  73.05 ( 73.71)
Epoch: [29][2002/5005]	Time  0.309 ( 0.309)	Data  0.000 ( 0.002)	Loss 2.3817e+00 (2.2786e+00)	Acc@1  48.05 ( 49.27)	Acc@5  70.31 ( 73.52)
Epoch: [29][3003/5005]	Time  0.307 ( 0.308)	Data  0.000 ( 0.001)	Loss 2.1741e+00 (2.2841e+00)	Acc@1  48.83 ( 49.13)	Acc@5  75.00 ( 73.43)
Epoch: [29][4004/5005]	Time  0.306 ( 0.308)	Data  0.000 ( 0.001)	Loss 2.1256e+00 (2.2879e+00)	Acc@1  54.69 ( 49.05)	Acc@5  75.39 ( 73.36)
 * Acc@1 51.046 Acc@5 76.517
Epoch: [30][   0/5005]	Time  2.128 ( 2.128)	Data  2.002 ( 2.002)	Loss 2.0930e+00 (2.0930e+00)	Acc@1  51.95 ( 51.95)	Acc@5  75.78 ( 75.78)
Epoch: [30][1001/5005]	Time  0.308 ( 0.313)	Data  0.000 ( 0.002)	Loss 1.9827e+00 (1.9439e+00)	Acc@1  52.34 ( 55.95)	Acc@5  76.56 ( 78.52)
Epoch: [30][2002/5005]	Time  0.303 ( 0.310)	Data  0.000 ( 0.001)	Loss 1.7371e+00 (1.8933e+00)	Acc@1  60.94 ( 57.04)	Acc@5  79.69 ( 79.26)
Epoch: [30][3003/5005]	Time  0.306 ( 0.309)	Data  0.000 ( 0.001)	Loss 1.6894e+00 (1.8636e+00)	Acc@1  59.38 ( 57.61)	Acc@5  82.81 ( 79.70)
Epoch: [30][4004/5005]	Time  0.306 ( 0.308)	Data  0.000 ( 0.001)	Loss 1.7380e+00 (1.8446e+00)	Acc@1  57.81 ( 58.00)	Acc@5  82.42 ( 79.97)
 * Acc@1 63.824 Acc@5 85.725
Epoch: [31][   0/5005]	Time  1.678 ( 1.678)	Data  1.563 ( 1.563)	Loss 1.6262e+00 (1.6262e+00)	Acc@1  61.33 ( 61.33)	Acc@5  83.20 ( 83.20)
Epoch: [31][1001/5005]	Time  0.302 ( 0.310)	Data  0.000 ( 0.003)	Loss 1.4877e+00 (1.7232e+00)	Acc@1  64.45 ( 60.39)	Acc@5  85.55 ( 81.74)
Epoch: [31][2002/5005]	Time  0.306 ( 0.309)	Data  0.000 ( 0.001)	Loss 1.9001e+00 (1.7184e+00)	Acc@1  58.59 ( 60.48)	Acc@5  78.12 ( 81.83)
Epoch: [31][3003/5005]	Time  0.308 ( 0.308)	Data  0.000 ( 0.001)	Loss 1.7950e+00 (1.7181e+00)	Acc@1  59.38 ( 60.53)	Acc@5  78.12 ( 81.79)
Epoch: [31][4004/5005]	Time  0.305 ( 0.308)	Data  0.000 ( 0.001)	Loss 1.6696e+00 (1.7151e+00)	Acc@1  60.94 ( 60.61)	Acc@5  80.08 ( 81.81)
 * Acc@1 64.837 Acc@5 86.337
Epoch: [32][   0/5005]	Time  1.923 ( 1.923)	Data  1.803 ( 1.803)	Loss 1.7131e+00 (1.7131e+00)	Acc@1  55.47 ( 55.47)	Acc@5  81.64 ( 81.64)
Epoch: [32][1001/5005]	Time  0.306 ( 0.309)	Data  0.000 ( 0.002)	Loss 1.4789e+00 (1.6685e+00)	Acc@1  66.02 ( 61.55)	Acc@5  83.98 ( 82.46)
Epoch: [32][2002/5005]	Time  0.307 ( 0.308)	Data  0.000 ( 0.001)	Loss 1.7253e+00 (1.6715e+00)	Acc@1  60.94 ( 61.51)	Acc@5  80.47 ( 82.41)
Epoch: [32][3003/5005]	Time  0.306 ( 0.308)	Data  0.000 ( 0.001)	Loss 1.6788e+00 (1.6688e+00)	Acc@1  58.98 ( 61.53)	Acc@5  83.98 ( 82.45)
Epoch: [32][4004/5005]	Time  0.305 ( 0.307)	Data  0.000 ( 0.001)	Loss 1.6958e+00 (1.6699e+00)	Acc@1  64.06 ( 61.51)	Acc@5  82.81 ( 82.43)
 * Acc@1 65.302 Acc@5 86.540
Epoch: [33][   0/5005]	Time  1.739 ( 1.739)	Data  1.621 ( 1.621)	Loss 1.4665e+00 (1.4665e+00)	Acc@1  63.67 ( 63.67)	Acc@5  86.72 ( 86.72)
Epoch: [33][1001/5005]	Time  0.308 ( 0.309)	Data  0.000 ( 0.002)	Loss 1.8363e+00 (1.6378e+00)	Acc@1  57.03 ( 62.16)	Acc@5  80.08 ( 82.98)
Epoch: [33][2002/5005]	Time  0.308 ( 0.308)	Data  0.000 ( 0.001)	Loss 1.5761e+00 (1.6330e+00)	Acc@1  58.98 ( 62.25)	Acc@5  83.59 ( 82.99)
Epoch: [33][3003/5005]	Time  0.307 ( 0.308)	Data  0.000 ( 0.001)	Loss 1.7532e+00 (1.6364e+00)	Acc@1  63.67 ( 62.12)	Acc@5  82.03 ( 82.96)
Epoch: [33][4004/5005]	Time  0.306 ( 0.308)	Data  0.000 ( 0.001)	Loss 1.7005e+00 (1.6380e+00)	Acc@1  60.55 ( 62.11)	Acc@5  83.20 ( 82.93)
 * Acc@1 65.776 Acc@5 86.720
Epoch: [34][   0/5005]	Time  2.300 ( 2.300)	Data  2.184 ( 2.184)	Loss 1.5126e+00 (1.5126e+00)	Acc@1  64.84 ( 64.84)	Acc@5  84.77 ( 84.77)
Epoch: [34][1001/5005]	Time  0.310 ( 0.310)	Data  0.000 ( 0.003)	Loss 1.6987e+00 (1.6040e+00)	Acc@1  64.45 ( 62.88)	Acc@5  81.64 ( 83.38)
Epoch: [34][2002/5005]	Time  0.302 ( 0.309)	Data  0.000 ( 0.002)	Loss 1.5808e+00 (1.6144e+00)	Acc@1  62.11 ( 62.63)	Acc@5  85.55 ( 83.26)
Epoch: [34][3003/5005]	Time  0.308 ( 0.308)	Data  0.000 ( 0.001)	Loss 1.6393e+00 (1.6193e+00)	Acc@1  66.80 ( 62.52)	Acc@5  85.16 ( 83.19)
Epoch: [34][4004/5005]	Time  0.305 ( 0.308)	Data  0.000 ( 0.001)	Loss 1.7491e+00 (1.6224e+00)	Acc@1  57.81 ( 62.44)	Acc@5  81.64 ( 83.16)
 * Acc@1 66.021 Acc@5 87.100
Epoch: [35][   0/5005]	Time  2.304 ( 2.304)	Data  2.185 ( 2.185)	Loss 1.8882e+00 (1.8882e+00)	Acc@1  61.33 ( 61.33)	Acc@5  78.91 ( 78.91)
Epoch: [35][1001/5005]	Time  0.308 ( 0.310)	Data  0.000 ( 0.003)	Loss 1.4844e+00 (1.6038e+00)	Acc@1  66.80 ( 62.88)	Acc@5  83.20 ( 83.41)
Epoch: [35][2002/5005]	Time  0.309 ( 0.309)	Data  0.000 ( 0.002)	Loss 1.5346e+00 (1.6037e+00)	Acc@1  63.67 ( 62.82)	Acc@5  83.98 ( 83.41)
Epoch: [35][3003/5005]	Time  0.303 ( 0.308)	Data  0.000 ( 0.001)	Loss 1.7821e+00 (1.6066e+00)	Acc@1  55.08 ( 62.73)	Acc@5  81.25 ( 83.37)
Epoch: [35][4004/5005]	Time  0.328 ( 0.308)	Data  0.000 ( 0.001)	Loss 1.5290e+00 (1.6084e+00)	Acc@1  62.11 ( 62.71)	Acc@5  83.98 ( 83.33)
 * Acc@1 66.049 Acc@5 87.060
Epoch: [36][   0/5005]	Time  2.312 ( 2.312)	Data  2.197 ( 2.197)	Loss 1.6334e+00 (1.6334e+00)	Acc@1  62.89 ( 62.89)	Acc@5  82.42 ( 82.42)
Epoch: [36][1001/5005]	Time  0.309 ( 0.310)	Data  0.000 ( 0.003)	Loss 1.4529e+00 (1.5883e+00)	Acc@1  64.84 ( 63.11)	Acc@5  87.50 ( 83.68)
Epoch: [36][2002/5005]	Time  0.305 ( 0.309)	Data  0.000 ( 0.002)	Loss 1.6815e+00 (1.5944e+00)	Acc@1  58.20 ( 63.03)	Acc@5  83.59 ( 83.58)
Epoch: [36][3003/5005]	Time  0.306 ( 0.308)	Data  0.000 ( 0.001)	Loss 1.9218e+00 (1.5997e+00)	Acc@1  56.64 ( 62.96)	Acc@5  77.73 ( 83.46)
Epoch: [36][4004/5005]	Time  0.306 ( 0.308)	Data  0.000 ( 0.001)	Loss 1.5687e+00 (1.6021e+00)	Acc@1  62.11 ( 62.90)	Acc@5  85.55 ( 83.43)
 * Acc@1 66.249 Acc@5 87.102
Epoch: [37][   0/5005]	Time  1.820 ( 1.820)	Data  1.702 ( 1.702)	Loss 1.5401e+00 (1.5401e+00)	Acc@1  65.23 ( 65.23)	Acc@5  84.77 ( 84.77)
Epoch: [37][1001/5005]	Time  0.308 ( 0.310)	Data  0.000 ( 0.002)	Loss 1.7806e+00 (1.5757e+00)	Acc@1  61.33 ( 63.37)	Acc@5  81.64 ( 83.79)
Epoch: [37][2002/5005]	Time  0.306 ( 0.308)	Data  0.000 ( 0.001)	Loss 1.5420e+00 (1.5858e+00)	Acc@1  64.45 ( 63.12)	Acc@5  83.20 ( 83.64)
Epoch: [37][3003/5005]	Time  0.328 ( 0.308)	Data  0.000 ( 0.001)	Loss 1.6510e+00 (1.5905e+00)	Acc@1  62.89 ( 63.04)	Acc@5  84.77 ( 83.57)
Epoch: [37][4004/5005]	Time  0.307 ( 0.308)	Data  0.000 ( 0.001)	Loss 1.5310e+00 (1.5899e+00)	Acc@1  64.06 ( 63.05)	Acc@5  85.16 ( 83.58)
 * Acc@1 66.029 Acc@5 87.012
Epoch: [38][   0/5005]	Time  2.755 ( 2.755)	Data  2.639 ( 2.639)	Loss 1.6152e+00 (1.6152e+00)	Acc@1  62.11 ( 62.11)	Acc@5  81.64 ( 81.64)
Epoch: [38][1001/5005]	Time  0.308 ( 0.310)	Data  0.000 ( 0.003)	Loss 1.7605e+00 (1.5760e+00)	Acc@1  61.72 ( 63.39)	Acc@5  82.81 ( 83.87)
Epoch: [38][2002/5005]	Time  0.306 ( 0.309)	Data  0.000 ( 0.002)	Loss 1.6004e+00 (1.5798e+00)	Acc@1  60.55 ( 63.35)	Acc@5  83.20 ( 83.76)
Epoch: [38][3003/5005]	Time  0.305 ( 0.308)	Data  0.000 ( 0.001)	Loss 1.3822e+00 (1.5827e+00)	Acc@1  67.58 ( 63.24)	Acc@5  86.33 ( 83.75)
Epoch: [38][4004/5005]	Time  0.308 ( 0.308)	Data  0.000 ( 0.001)	Loss 1.5314e+00 (1.5862e+00)	Acc@1  64.45 ( 63.18)	Acc@5  86.33 ( 83.69)
 * Acc@1 65.930 Acc@5 86.848
Epoch: [39][   0/5005]	Time  1.974 ( 1.974)	Data  1.855 ( 1.855)	Loss 1.4871e+00 (1.4871e+00)	Acc@1  63.28 ( 63.28)	Acc@5  85.94 ( 85.94)
Epoch: [39][1001/5005]	Time  0.306 ( 0.309)	Data  0.000 ( 0.002)	Loss 1.5322e+00 (1.5668e+00)	Acc@1  62.89 ( 63.60)	Acc@5  83.98 ( 83.84)
Epoch: [39][2002/5005]	Time  0.306 ( 0.308)	Data  0.000 ( 0.001)	Loss 1.4328e+00 (1.5764e+00)	Acc@1  65.62 ( 63.32)	Acc@5  85.94 ( 83.77)
Epoch: [39][3003/5005]	Time  0.306 ( 0.308)	Data  0.000 ( 0.001)	Loss 1.4560e+00 (1.5807e+00)	Acc@1  67.19 ( 63.21)	Acc@5  83.98 ( 83.71)
Epoch: [39][4004/5005]	Time  0.306 ( 0.308)	Data  0.000 ( 0.001)	Loss 1.6786e+00 (1.5845e+00)	Acc@1  60.16 ( 63.17)	Acc@5  83.20 ( 83.67)
 * Acc@1 65.910 Acc@5 87.044
Epoch: [40][   0/5005]	Time  2.418 ( 2.418)	Data  2.304 ( 2.304)	Loss 1.5622e+00 (1.5622e+00)	Acc@1  62.11 ( 62.11)	Acc@5  83.59 ( 83.59)
Epoch: [40][1001/5005]	Time  0.307 ( 0.309)	Data  0.000 ( 0.003)	Loss 1.5175e+00 (1.5658e+00)	Acc@1  63.28 ( 63.55)	Acc@5  82.42 ( 83.92)
Epoch: [40][2002/5005]	Time  0.307 ( 0.308)	Data  0.000 ( 0.002)	Loss 1.6419e+00 (1.5708e+00)	Acc@1  62.50 ( 63.43)	Acc@5  82.42 ( 83.86)
Epoch: [40][3003/5005]	Time  0.303 ( 0.307)	Data  0.000 ( 0.001)	Loss 1.6926e+00 (1.5731e+00)	Acc@1  60.55 ( 63.41)	Acc@5  82.03 ( 83.84)
Epoch: [40][4004/5005]	Time  0.308 ( 0.307)	Data  0.000 ( 0.001)	Loss 1.3286e+00 (1.5787e+00)	Acc@1  68.75 ( 63.29)	Acc@5  86.72 ( 83.75)
 * Acc@1 66.129 Acc@5 87.114
Epoch: [41][   0/5005]	Time  2.289 ( 2.289)	Data  2.171 ( 2.171)	Loss 1.5683e+00 (1.5683e+00)	Acc@1  63.67 ( 63.67)	Acc@5  82.81 ( 82.81)
Epoch: [41][1001/5005]	Time  0.308 ( 0.308)	Data  0.000 ( 0.003)	Loss 1.5182e+00 (1.5627e+00)	Acc@1  62.11 ( 63.59)	Acc@5  85.16 ( 83.96)
Epoch: [41][2002/5005]	Time  0.307 ( 0.307)	Data  0.000 ( 0.002)	Loss 1.5840e+00 (1.5677e+00)	Acc@1  65.62 ( 63.51)	Acc@5  80.86 ( 83.94)
Epoch: [41][3003/5005]	Time  0.304 ( 0.307)	Data  0.000 ( 0.001)	Loss 1.6766e+00 (1.5729e+00)	Acc@1  61.33 ( 63.38)	Acc@5  83.98 ( 83.86)
Epoch: [41][4004/5005]	Time  0.303 ( 0.307)	Data  0.000 ( 0.001)	Loss 1.6121e+00 (1.5770e+00)	Acc@1  64.45 ( 63.29)	Acc@5  84.77 ( 83.81)
 * Acc@1 65.804 Acc@5 86.872
Epoch: [42][   0/5005]	Time  2.321 ( 2.321)	Data  2.180 ( 2.180)	Loss 1.5017e+00 (1.5017e+00)	Acc@1  62.89 ( 62.89)	Acc@5  85.94 ( 85.94)
Epoch: [42][1001/5005]	Time  0.306 ( 0.309)	Data  0.000 ( 0.003)	Loss 1.3996e+00 (1.5613e+00)	Acc@1  62.89 ( 63.71)	Acc@5  87.11 ( 84.01)
Epoch: [42][2002/5005]	Time  0.306 ( 0.309)	Data  0.000 ( 0.002)	Loss 1.6264e+00 (1.5676e+00)	Acc@1  61.33 ( 63.54)	Acc@5  83.59 ( 83.95)
Epoch: [42][3003/5005]	Time  0.305 ( 0.308)	Data  0.000 ( 0.001)	Loss 1.6809e+00 (1.5726e+00)	Acc@1  59.77 ( 63.42)	Acc@5  81.25 ( 83.88)
Epoch: [42][4004/5005]	Time  0.309 ( 0.308)	Data  0.000 ( 0.001)	Loss 1.3736e+00 (1.5764e+00)	Acc@1  67.19 ( 63.34)	Acc@5  87.11 ( 83.81)
 * Acc@1 65.936 Acc@5 87.110
Epoch: [43][   0/5005]	Time  2.087 ( 2.087)	Data  1.969 ( 1.969)	Loss 1.6008e+00 (1.6008e+00)	Acc@1  59.77 ( 59.77)	Acc@5  84.77 ( 84.77)
Epoch: [43][1001/5005]	Time  0.302 ( 0.310)	Data  0.000 ( 0.002)	Loss 1.5671e+00 (1.5562e+00)	Acc@1  66.80 ( 63.69)	Acc@5  83.20 ( 84.07)
Epoch: [43][2002/5005]	Time  0.305 ( 0.309)	Data  0.000 ( 0.001)	Loss 1.6635e+00 (1.5637e+00)	Acc@1  60.55 ( 63.54)	Acc@5  84.38 ( 84.01)
Epoch: [43][3003/5005]	Time  0.307 ( 0.308)	Data  0.000 ( 0.001)	Loss 1.6451e+00 (1.5693e+00)	Acc@1  61.33 ( 63.42)	Acc@5  82.42 ( 83.90)
Epoch: [43][4004/5005]	Time  0.305 ( 0.308)	Data  0.000 ( 0.001)	Loss 1.6453e+00 (1.5745e+00)	Acc@1  60.94 ( 63.33)	Acc@5  82.81 ( 83.83)
 * Acc@1 65.820 Acc@5 86.904
Epoch: [44][   0/5005]	Time  1.630 ( 1.630)	Data  1.515 ( 1.515)	Loss 1.6940e+00 (1.6940e+00)	Acc@1  63.67 ( 63.67)	Acc@5  79.69 ( 79.69)
Epoch: [44][1001/5005]	Time  0.306 ( 0.310)	Data  0.000 ( 0.002)	Loss 1.7067e+00 (1.5541e+00)	Acc@1  57.42 ( 63.80)	Acc@5  84.38 ( 84.09)
Epoch: [44][2002/5005]	Time  0.308 ( 0.309)	Data  0.000 ( 0.001)	Loss 1.6754e+00 (1.5655e+00)	Acc@1  60.55 ( 63.51)	Acc@5  82.03 ( 83.94)
Epoch: [44][3003/5005]	Time  0.305 ( 0.308)	Data  0.000 ( 0.001)	Loss 1.3662e+00 (1.5703e+00)	Acc@1  65.62 ( 63.43)	Acc@5  89.06 ( 83.88)
Epoch: [44][4004/5005]	Time  0.305 ( 0.308)	Data  0.000 ( 0.001)	Loss 1.5381e+00 (1.5749e+00)	Acc@1  63.28 ( 63.33)	Acc@5  83.20 ( 83.81)
 * Acc@1 65.989 Acc@5 87.104
Epoch: [45][   0/5005]	Time  2.482 ( 2.482)	Data  2.365 ( 2.365)	Loss 1.4794e+00 (1.4794e+00)	Acc@1  63.28 ( 63.28)	Acc@5  85.55 ( 85.55)
Epoch: [45][1001/5005]	Time  0.307 ( 0.311)	Data  0.000 ( 0.003)	Loss 1.6459e+00 (1.5621e+00)	Acc@1  63.67 ( 63.59)	Acc@5  82.42 ( 83.93)
Epoch: [45][2002/5005]	Time  0.309 ( 0.310)	Data  0.000 ( 0.002)	Loss 1.7458e+00 (1.5637e+00)	Acc@1  62.89 ( 63.56)	Acc@5  82.42 ( 83.98)
Epoch: [45][3003/5005]	Time  0.308 ( 0.309)	Data  0.000 ( 0.001)	Loss 1.6174e+00 (1.5695e+00)	Acc@1  63.28 ( 63.47)	Acc@5  82.03 ( 83.91)
Epoch: [45][4004/5005]	Time  0.308 ( 0.309)	Data  0.000 ( 0.001)	Loss 1.3768e+00 (1.5730e+00)	Acc@1  65.23 ( 63.39)	Acc@5  85.16 ( 83.87)
 * Acc@1 65.666 Acc@5 86.978
Epoch: [46][   0/5005]	Time  2.090 ( 2.090)	Data  1.963 ( 1.963)	Loss 1.6536e+00 (1.6536e+00)	Acc@1  57.42 ( 57.42)	Acc@5  83.98 ( 83.98)
Epoch: [46][1001/5005]	Time  0.308 ( 0.310)	Data  0.000 ( 0.002)	Loss 1.5348e+00 (1.5479e+00)	Acc@1  65.23 ( 63.91)	Acc@5  84.77 ( 84.16)
Epoch: [46][2002/5005]	Time  0.307 ( 0.309)	Data  0.000 ( 0.001)	Loss 1.5172e+00 (1.5549e+00)	Acc@1  63.67 ( 63.74)	Acc@5  82.42 ( 84.06)
Epoch: [46][3003/5005]	Time  0.307 ( 0.309)	Data  0.000 ( 0.001)	Loss 1.6743e+00 (1.5632e+00)	Acc@1  60.94 ( 63.57)	Acc@5  81.25 ( 83.95)
Epoch: [46][4004/5005]	Time  0.306 ( 0.308)	Data  0.000 ( 0.001)	Loss 1.5333e+00 (1.5683e+00)	Acc@1  65.23 ( 63.48)	Acc@5  83.20 ( 83.87)
 * Acc@1 65.936 Acc@5 87.038
Epoch: [47][   0/5005]	Time  1.826 ( 1.826)	Data  1.708 ( 1.708)	Loss 1.4413e+00 (1.4413e+00)	Acc@1  65.62 ( 65.62)	Acc@5  86.33 ( 86.33)
Epoch: [47][1001/5005]	Time  0.307 ( 0.310)	Data  0.000 ( 0.002)	Loss 1.5867e+00 (1.5484e+00)	Acc@1  64.84 ( 63.95)	Acc@5  83.98 ( 84.11)
Epoch: [47][2002/5005]	Time  0.305 ( 0.309)	Data  0.000 ( 0.001)	Loss 1.5463e+00 (1.5540e+00)	Acc@1  65.23 ( 63.75)	Acc@5  83.98 ( 84.04)
Epoch: [47][3003/5005]	Time  0.307 ( 0.308)	Data  0.000 ( 0.001)	Loss 1.5293e+00 (1.5622e+00)	Acc@1  63.28 ( 63.59)	Acc@5  84.77 ( 83.97)
Epoch: [47][4004/5005]	Time  0.306 ( 0.308)	Data  0.000 ( 0.001)	Loss 1.4877e+00 (1.5679e+00)	Acc@1  63.67 ( 63.50)	Acc@5  85.94 ( 83.90)
 * Acc@1 66.169 Acc@5 87.158
Epoch: [48][   0/5005]	Time  1.914 ( 1.914)	Data  1.795 ( 1.795)	Loss 1.6387e+00 (1.6387e+00)	Acc@1  60.94 ( 60.94)	Acc@5  83.20 ( 83.20)
Epoch: [48][1001/5005]	Time  0.309 ( 0.310)	Data  0.000 ( 0.002)	Loss 1.7251e+00 (1.5477e+00)	Acc@1  62.89 ( 63.83)	Acc@5  81.64 ( 84.20)
Epoch: [48][2002/5005]	Time  0.309 ( 0.309)	Data  0.000 ( 0.001)	Loss 1.6499e+00 (1.5555e+00)	Acc@1  66.02 ( 63.68)	Acc@5  81.64 ( 84.09)
Epoch: [48][3003/5005]	Time  0.308 ( 0.308)	Data  0.000 ( 0.001)	Loss 1.5041e+00 (1.5635e+00)	Acc@1  65.23 ( 63.51)	Acc@5  83.98 ( 83.98)
Epoch: [48][4004/5005]	Time  0.305 ( 0.308)	Data  0.000 ( 0.001)	Loss 1.6427e+00 (1.5676e+00)	Acc@1  58.20 ( 63.41)	Acc@5  82.42 ( 83.92)
 * Acc@1 65.780 Acc@5 87.030
Epoch: [49][   0/5005]	Time  1.997 ( 1.997)	Data  1.877 ( 1.877)	Loss 1.6527e+00 (1.6527e+00)	Acc@1  63.28 ( 63.28)	Acc@5  80.86 ( 80.86)
Epoch: [49][1001/5005]	Time  0.308 ( 0.310)	Data  0.000 ( 0.002)	Loss 1.3947e+00 (1.5415e+00)	Acc@1  69.14 ( 64.00)	Acc@5  85.94 ( 84.34)
Epoch: [49][2002/5005]	Time  0.306 ( 0.308)	Data  0.000 ( 0.001)	Loss 1.5918e+00 (1.5548e+00)	Acc@1  62.50 ( 63.78)	Acc@5  85.94 ( 84.13)
Epoch: [49][3003/5005]	Time  0.306 ( 0.308)	Data  0.000 ( 0.001)	Loss 1.6533e+00 (1.5616e+00)	Acc@1  64.45 ( 63.63)	Acc@5  83.98 ( 84.02)
Epoch: [49][4004/5005]	Time  0.310 ( 0.308)	Data  0.000 ( 0.001)	Loss 1.8388e+00 (1.5660e+00)	Acc@1  58.20 ( 63.51)	Acc@5  79.69 ( 83.96)
 * Acc@1 65.516 Acc@5 86.836
Epoch: [50][   0/5005]	Time  2.110 ( 2.110)	Data  1.988 ( 1.988)	Loss 1.5540e+00 (1.5540e+00)	Acc@1  67.97 ( 67.97)	Acc@5  85.16 ( 85.16)
Epoch: [50][1001/5005]	Time  0.310 ( 0.310)	Data  0.000 ( 0.002)	Loss 1.3822e+00 (1.5422e+00)	Acc@1  67.97 ( 64.11)	Acc@5  85.94 ( 84.34)
Epoch: [50][2002/5005]	Time  0.305 ( 0.309)	Data  0.000 ( 0.001)	Loss 1.6937e+00 (1.5519e+00)	Acc@1  61.72 ( 63.86)	Acc@5  83.98 ( 84.15)
Epoch: [50][3003/5005]	Time  0.304 ( 0.308)	Data  0.000 ( 0.001)	Loss 1.7175e+00 (1.5579e+00)	Acc@1  61.33 ( 63.69)	Acc@5  80.86 ( 84.07)
Epoch: [50][4004/5005]	Time  0.307 ( 0.308)	Data  0.000 ( 0.001)	Loss 1.6525e+00 (1.5618e+00)	Acc@1  60.16 ( 63.60)	Acc@5  85.55 ( 84.00)
 * Acc@1 66.077 Acc@5 87.038
Epoch: [51][   0/5005]	Time  1.747 ( 1.747)	Data  1.624 ( 1.624)	Loss 1.5143e+00 (1.5143e+00)	Acc@1  60.94 ( 60.94)	Acc@5  88.28 ( 88.28)
Epoch: [51][1001/5005]	Time  0.309 ( 0.310)	Data  0.000 ( 0.002)	Loss 1.5058e+00 (1.5404e+00)	Acc@1  66.02 ( 64.08)	Acc@5  83.20 ( 84.41)
Epoch: [51][2002/5005]	Time  0.308 ( 0.309)	Data  0.000 ( 0.001)	Loss 1.5197e+00 (1.5517e+00)	Acc@1  65.62 ( 63.85)	Acc@5  84.38 ( 84.23)
Epoch: [51][3003/5005]	Time  0.306 ( 0.308)	Data  0.000 ( 0.001)	Loss 1.4073e+00 (1.5551e+00)	Acc@1  65.62 ( 63.75)	Acc@5  86.33 ( 84.16)
Epoch: [51][4004/5005]	Time  0.305 ( 0.308)	Data  0.000 ( 0.001)	Loss 1.5470e+00 (1.5610e+00)	Acc@1  62.50 ( 63.62)	Acc@5  83.20 ( 84.07)
 * Acc@1 65.828 Acc@5 86.970
Epoch: [52][   0/5005]	Time  2.081 ( 2.081)	Data  1.939 ( 1.939)	Loss 1.5483e+00 (1.5483e+00)	Acc@1  65.23 ( 65.23)	Acc@5  81.25 ( 81.25)
Epoch: [52][1001/5005]	Time  0.308 ( 0.310)	Data  0.000 ( 0.002)	Loss 1.6204e+00 (1.5426e+00)	Acc@1  63.28 ( 63.95)	Acc@5  83.98 ( 84.19)
Epoch: [52][2002/5005]	Time  0.306 ( 0.308)	Data  0.000 ( 0.001)	Loss 1.6654e+00 (1.5481e+00)	Acc@1  63.67 ( 63.79)	Acc@5  83.20 ( 84.21)
Epoch: [52][3003/5005]	Time  0.308 ( 0.308)	Data  0.000 ( 0.001)	Loss 1.3056e+00 (1.5535e+00)	Acc@1  67.58 ( 63.71)	Acc@5  85.16 ( 84.13)
Epoch: [52][4004/5005]	Time  0.306 ( 0.308)	Data  0.000 ( 0.001)	Loss 1.4508e+00 (1.5585e+00)	Acc@1  68.36 ( 63.62)	Acc@5  83.59 ( 84.04)
 * Acc@1 66.261 Acc@5 87.272
Epoch: [53][   0/5005]	Time  2.107 ( 2.107)	Data  1.960 ( 1.960)	Loss 1.7105e+00 (1.7105e+00)	Acc@1  62.89 ( 62.89)	Acc@5  79.69 ( 79.69)
Epoch: [53][1001/5005]	Time  0.310 ( 0.310)	Data  0.000 ( 0.002)	Loss 1.7209e+00 (1.5394e+00)	Acc@1  62.11 ( 64.09)	Acc@5  80.08 ( 84.28)
Epoch: [53][2002/5005]	Time  0.308 ( 0.309)	Data  0.000 ( 0.001)	Loss 1.5342e+00 (1.5476e+00)	Acc@1  63.67 ( 63.88)	Acc@5  82.42 ( 84.18)
Epoch: [53][3003/5005]	Time  0.307 ( 0.308)	Data  0.000 ( 0.001)	Loss 1.5561e+00 (1.5536e+00)	Acc@1  65.62 ( 63.74)	Acc@5  84.38 ( 84.13)
Epoch: [53][4004/5005]	Time  0.305 ( 0.308)	Data  0.000 ( 0.001)	Loss 1.5852e+00 (1.5571e+00)	Acc@1  63.28 ( 63.67)	Acc@5  82.81 ( 84.09)
 * Acc@1 65.544 Acc@5 86.782
Epoch: [54][   0/5005]	Time  2.355 ( 2.355)	Data  2.240 ( 2.240)	Loss 1.3163e+00 (1.3163e+00)	Acc@1  68.75 ( 68.75)	Acc@5  86.72 ( 86.72)
Epoch: [54][1001/5005]	Time  0.307 ( 0.309)	Data  0.000 ( 0.003)	Loss 1.6306e+00 (1.5370e+00)	Acc@1  61.33 ( 64.12)	Acc@5  80.47 ( 84.40)
Epoch: [54][2002/5005]	Time  0.305 ( 0.309)	Data  0.000 ( 0.002)	Loss 1.7236e+00 (1.5444e+00)	Acc@1  62.50 ( 63.97)	Acc@5  79.69 ( 84.25)
Epoch: [54][3003/5005]	Time  0.303 ( 0.308)	Data  0.000 ( 0.001)	Loss 1.4715e+00 (1.5489e+00)	Acc@1  66.41 ( 63.86)	Acc@5  85.16 ( 84.20)
Epoch: [54][4004/5005]	Time  0.307 ( 0.308)	Data  0.000 ( 0.001)	Loss 1.5901e+00 (1.5532e+00)	Acc@1  62.89 ( 63.75)	Acc@5  86.33 ( 84.14)
 * Acc@1 65.930 Acc@5 87.158
Epoch: [55][   0/5005]	Time  2.566 ( 2.566)	Data  2.450 ( 2.450)	Loss 1.6654e+00 (1.6654e+00)	Acc@1  61.33 ( 61.33)	Acc@5  82.42 ( 82.42)
Epoch: [55][1001/5005]	Time  0.310 ( 0.310)	Data  0.000 ( 0.003)	Loss 1.4617e+00 (1.5375e+00)	Acc@1  65.23 ( 64.11)	Acc@5  86.72 ( 84.36)
Epoch: [55][2002/5005]	Time  0.306 ( 0.309)	Data  0.000 ( 0.002)	Loss 1.5495e+00 (1.5415e+00)	Acc@1  62.50 ( 64.04)	Acc@5  84.38 ( 84.27)
Epoch: [55][3003/5005]	Time  0.306 ( 0.308)	Data  0.000 ( 0.001)	Loss 1.5558e+00 (1.5454e+00)	Acc@1  64.84 ( 63.94)	Acc@5  85.16 ( 84.22)
Epoch: [55][4004/5005]	Time  0.308 ( 0.308)	Data  0.000 ( 0.001)	Loss 1.7566e+00 (1.5519e+00)	Acc@1  58.59 ( 63.78)	Acc@5  80.08 ( 84.11)
 * Acc@1 66.091 Acc@5 87.232
Epoch: [56][   0/5005]	Time  1.841 ( 1.841)	Data  1.722 ( 1.722)	Loss 1.7025e+00 (1.7025e+00)	Acc@1  61.33 ( 61.33)	Acc@5  82.42 ( 82.42)
Epoch: [56][1001/5005]	Time  0.308 ( 0.310)	Data  0.000 ( 0.002)	Loss 1.6929e+00 (1.5375e+00)	Acc@1  62.11 ( 64.10)	Acc@5  81.25 ( 84.31)
Epoch: [56][2002/5005]	Time  0.306 ( 0.309)	Data  0.000 ( 0.001)	Loss 1.6412e+00 (1.5424e+00)	Acc@1  61.72 ( 63.97)	Acc@5  81.64 ( 84.31)
Epoch: [56][3003/5005]	Time  0.308 ( 0.308)	Data  0.000 ( 0.001)	Loss 1.3989e+00 (1.5468e+00)	Acc@1  64.84 ( 63.89)	Acc@5  87.11 ( 84.28)
Epoch: [56][4004/5005]	Time  0.307 ( 0.308)	Data  0.000 ( 0.001)	Loss 1.6260e+00 (1.5532e+00)	Acc@1  60.94 ( 63.77)	Acc@5  82.03 ( 84.18)
 * Acc@1 65.880 Acc@5 87.112
Epoch: [57][   0/5005]	Time  1.814 ( 1.814)	Data  1.698 ( 1.698)	Loss 1.3851e+00 (1.3851e+00)	Acc@1  67.58 ( 67.58)	Acc@5  85.94 ( 85.94)
Epoch: [57][1001/5005]	Time  0.304 ( 0.309)	Data  0.000 ( 0.002)	Loss 1.4288e+00 (1.5361e+00)	Acc@1  64.45 ( 64.14)	Acc@5  86.72 ( 84.43)
Epoch: [57][2002/5005]	Time  0.307 ( 0.308)	Data  0.000 ( 0.001)	Loss 1.3888e+00 (1.5422e+00)	Acc@1  67.58 ( 64.00)	Acc@5  83.59 ( 84.29)
Epoch: [57][3003/5005]	Time  0.306 ( 0.308)	Data  0.000 ( 0.001)	Loss 1.5549e+00 (1.5465e+00)	Acc@1  63.28 ( 63.89)	Acc@5  84.77 ( 84.19)
Epoch: [57][4004/5005]	Time  0.305 ( 0.308)	Data  0.000 ( 0.001)	Loss 1.5079e+00 (1.5499e+00)	Acc@1  67.58 ( 63.83)	Acc@5  85.16 ( 84.15)
 * Acc@1 65.991 Acc@5 87.104
Epoch: [58][   0/5005]	Time  2.192 ( 2.192)	Data  2.074 ( 2.074)	Loss 1.6388e+00 (1.6388e+00)	Acc@1  60.16 ( 60.16)	Acc@5  81.64 ( 81.64)
Epoch: [58][1001/5005]	Time  0.308 ( 0.310)	Data  0.000 ( 0.002)	Loss 1.5210e+00 (1.5238e+00)	Acc@1  62.89 ( 64.36)	Acc@5  83.98 ( 84.55)
Epoch: [58][2002/5005]	Time  0.306 ( 0.309)	Data  0.000 ( 0.001)	Loss 1.3779e+00 (1.5355e+00)	Acc@1  66.41 ( 64.11)	Acc@5  85.16 ( 84.39)
Epoch: [58][3003/5005]	Time  0.306 ( 0.308)	Data  0.000 ( 0.001)	Loss 1.4245e+00 (1.5412e+00)	Acc@1  66.02 ( 63.99)	Acc@5  86.33 ( 84.34)
Epoch: [58][4004/5005]	Time  0.308 ( 0.308)	Data  0.000 ( 0.001)	Loss 1.4037e+00 (1.5466e+00)	Acc@1  66.41 ( 63.85)	Acc@5  87.50 ( 84.26)
 * Acc@1 65.748 Acc@5 87.010
Epoch: [59][   0/5005]	Time  2.480 ( 2.480)	Data  2.361 ( 2.361)	Loss 1.5840e+00 (1.5840e+00)	Acc@1  61.33 ( 61.33)	Acc@5  83.20 ( 83.20)
Epoch: [59][1001/5005]	Time  0.308 ( 0.310)	Data  0.000 ( 0.003)	Loss 1.5208e+00 (1.5277e+00)	Acc@1  64.06 ( 64.32)	Acc@5  83.20 ( 84.56)
Epoch: [59][2002/5005]	Time  0.306 ( 0.309)	Data  0.000 ( 0.002)	Loss 1.4094e+00 (1.5350e+00)	Acc@1  68.75 ( 64.13)	Acc@5  85.55 ( 84.42)
Epoch: [59][3003/5005]	Time  0.303 ( 0.308)	Data  0.000 ( 0.001)	Loss 1.4242e+00 (1.5376e+00)	Acc@1  67.19 ( 64.06)	Acc@5  87.11 ( 84.37)
Epoch: [59][4004/5005]	Time  0.306 ( 0.308)	Data  0.000 ( 0.001)	Loss 1.4943e+00 (1.5427e+00)	Acc@1  65.23 ( 63.93)	Acc@5  85.16 ( 84.27)
 * Acc@1 65.908 Acc@5 87.272
Epoch: [60][   0/5005]	Time  2.340 ( 2.340)	Data  2.201 ( 2.201)	Loss 1.5433e+00 (1.5433e+00)	Acc@1  63.67 ( 63.67)	Acc@5  85.16 ( 85.16)
Epoch: [60][1001/5005]	Time  0.306 ( 0.310)	Data  0.000 ( 0.003)	Loss 1.4642e+00 (1.4273e+00)	Acc@1  65.23 ( 66.48)	Acc@5  85.55 ( 85.82)
Epoch: [60][2002/5005]	Time  0.306 ( 0.309)	Data  0.000 ( 0.002)	Loss 1.3265e+00 (1.4077e+00)	Acc@1  69.92 ( 66.97)	Acc@5  86.72 ( 86.04)
Epoch: [60][3003/5005]	Time  0.308 ( 0.308)	Data  0.000 ( 0.001)	Loss 1.4022e+00 (1.3965e+00)	Acc@1  62.11 ( 67.20)	Acc@5  87.89 ( 86.20)
Epoch: [60][4004/5005]	Time  0.306 ( 0.308)	Data  0.000 ( 0.001)	Loss 1.0935e+00 (1.3891e+00)	Acc@1  78.12 ( 67.38)	Acc@5  91.02 ( 86.29)
 * Acc@1 69.315 Acc@5 89.023
Epoch: [61][   0/5005]	Time  2.371 ( 2.371)	Data  2.228 ( 2.228)	Loss 1.2958e+00 (1.2958e+00)	Acc@1  69.14 ( 69.14)	Acc@5  87.50 ( 87.50)
Epoch: [61][1001/5005]	Time  0.306 ( 0.310)	Data  0.000 ( 0.003)	Loss 1.2659e+00 (1.3434e+00)	Acc@1  71.88 ( 68.48)	Acc@5  86.72 ( 86.87)
Epoch: [61][2002/5005]	Time  0.321 ( 0.309)	Data  0.000 ( 0.002)	Loss 1.5543e+00 (1.3431e+00)	Acc@1  68.75 ( 68.48)	Acc@5  82.81 ( 86.88)
Epoch: [61][3003/5005]	Time  0.307 ( 0.308)	Data  0.000 ( 0.001)	Loss 1.3811e+00 (1.3424e+00)	Acc@1  68.75 ( 68.46)	Acc@5  89.45 ( 86.89)
Epoch: [61][4004/5005]	Time  0.307 ( 0.308)	Data  0.000 ( 0.001)	Loss 1.2525e+00 (1.3426e+00)	Acc@1  69.53 ( 68.46)	Acc@5  87.50 ( 86.90)
 * Acc@1 69.557 Acc@5 89.159
Epoch: [62][   0/5005]	Time  1.954 ( 1.954)	Data  1.808 ( 1.808)	Loss 1.4125e+00 (1.4125e+00)	Acc@1  67.58 ( 67.58)	Acc@5  87.50 ( 87.50)
Epoch: [62][1001/5005]	Time  0.307 ( 0.309)	Data  0.000 ( 0.002)	Loss 1.3453e+00 (1.3299e+00)	Acc@1  70.70 ( 68.77)	Acc@5  84.77 ( 87.03)
Epoch: [62][2002/5005]	Time  0.306 ( 0.308)	Data  0.000 ( 0.001)	Loss 1.3850e+00 (1.3303e+00)	Acc@1  67.58 ( 68.75)	Acc@5  85.55 ( 87.05)
Epoch: [62][3003/5005]	Time  0.305 ( 0.308)	Data  0.000 ( 0.001)	Loss 1.3767e+00 (1.3280e+00)	Acc@1  71.88 ( 68.77)	Acc@5  85.94 ( 87.07)
Epoch: [62][4004/5005]	Time  0.304 ( 0.308)	Data  0.000 ( 0.001)	Loss 1.4380e+00 (1.3270e+00)	Acc@1  69.92 ( 68.78)	Acc@5  83.59 ( 87.10)
 * Acc@1 69.611 Acc@5 89.201
Epoch: [63][   0/5005]	Time  2.185 ( 2.185)	Data  2.042 ( 2.042)	Loss 1.3934e+00 (1.3934e+00)	Acc@1  65.62 ( 65.62)	Acc@5  87.50 ( 87.50)
Epoch: [63][1001/5005]	Time  0.309 ( 0.310)	Data  0.000 ( 0.002)	Loss 1.2027e+00 (1.3135e+00)	Acc@1  71.48 ( 69.11)	Acc@5  90.62 ( 87.24)
Epoch: [63][2002/5005]	Time  0.306 ( 0.309)	Data  0.000 ( 0.001)	Loss 1.4291e+00 (1.3141e+00)	Acc@1  66.02 ( 69.06)	Acc@5  86.33 ( 87.22)
Epoch: [63][3003/5005]	Time  0.307 ( 0.308)	Data  0.000 ( 0.001)	Loss 1.2656e+00 (1.3141e+00)	Acc@1  71.88 ( 69.04)	Acc@5  87.89 ( 87.23)
Epoch: [63][4004/5005]	Time  0.306 ( 0.308)	Data  0.000 ( 0.001)	Loss 1.3114e+00 (1.3143e+00)	Acc@1  70.70 ( 69.05)	Acc@5  87.89 ( 87.23)
 * Acc@1 69.695 Acc@5 89.337
Epoch: [64][   0/5005]	Time  1.882 ( 1.882)	Data  1.749 ( 1.749)	Loss 1.4394e+00 (1.4394e+00)	Acc@1  66.80 ( 66.80)	Acc@5  83.20 ( 83.20)
Epoch: [64][1001/5005]	Time  0.309 ( 0.310)	Data  0.000 ( 0.002)	Loss 1.2285e+00 (1.3067e+00)	Acc@1  70.70 ( 69.22)	Acc@5  89.84 ( 87.35)
Epoch: [64][2002/5005]	Time  0.306 ( 0.309)	Data  0.000 ( 0.001)	Loss 1.1188e+00 (1.3064e+00)	Acc@1  73.05 ( 69.22)	Acc@5  90.23 ( 87.35)
Epoch: [64][3003/5005]	Time  0.305 ( 0.309)	Data  0.000 ( 0.001)	Loss 1.2612e+00 (1.3079e+00)	Acc@1  71.09 ( 69.16)	Acc@5  87.11 ( 87.32)
Epoch: [64][4004/5005]	Time  0.307 ( 0.309)	Data  0.000 ( 0.001)	Loss 1.1692e+00 (1.3093e+00)	Acc@1  71.48 ( 69.12)	Acc@5  87.50 ( 87.31)
 * Acc@1 69.891 Acc@5 89.427
Epoch: [65][   0/5005]	Time  1.910 ( 1.910)	Data  1.788 ( 1.788)	Loss 1.3600e+00 (1.3600e+00)	Acc@1  63.28 ( 63.28)	Acc@5  88.28 ( 88.28)
Epoch: [65][1001/5005]	Time  0.306 ( 0.310)	Data  0.000 ( 0.002)	Loss 1.3098e+00 (1.2956e+00)	Acc@1  67.97 ( 69.39)	Acc@5  85.94 ( 87.51)
Epoch: [65][2002/5005]	Time  0.308 ( 0.309)	Data  0.000 ( 0.001)	Loss 1.1571e+00 (1.2968e+00)	Acc@1  71.88 ( 69.41)	Acc@5  89.84 ( 87.52)
Epoch: [65][3003/5005]	Time  0.308 ( 0.308)	Data  0.000 ( 0.001)	Loss 1.3622e+00 (1.2981e+00)	Acc@1  66.41 ( 69.39)	Acc@5  87.89 ( 87.49)
Epoch: [65][4004/5005]	Time  0.308 ( 0.308)	Data  0.000 ( 0.001)	Loss 1.3548e+00 (1.2999e+00)	Acc@1  67.19 ( 69.32)	Acc@5  86.72 ( 87.45)
 * Acc@1 69.957 Acc@5 89.429
Epoch: [66][   0/5005]	Time  2.601 ( 2.601)	Data  2.485 ( 2.485)	Loss 1.2835e+00 (1.2835e+00)	Acc@1  68.36 ( 68.36)	Acc@5  89.06 ( 89.06)
Epoch: [66][1001/5005]	Time  0.306 ( 0.311)	Data  0.000 ( 0.003)	Loss 1.3704e+00 (1.2980e+00)	Acc@1  68.36 ( 69.38)	Acc@5  84.77 ( 87.48)
Epoch: [66][2002/5005]	Time  0.306 ( 0.309)	Data  0.000 ( 0.002)	Loss 1.1494e+00 (1.2935e+00)	Acc@1  71.88 ( 69.45)	Acc@5  89.06 ( 87.52)
Epoch: [66][3003/5005]	Time  0.310 ( 0.309)	Data  0.000 ( 0.001)	Loss 1.1944e+00 (1.2944e+00)	Acc@1  73.44 ( 69.45)	Acc@5  87.89 ( 87.49)
Epoch: [66][4004/5005]	Time  0.306 ( 0.308)	Data  0.000 ( 0.001)	Loss 1.1225e+00 (1.2953e+00)	Acc@1  70.70 ( 69.44)	Acc@5  89.45 ( 87.48)
 * Acc@1 69.959 Acc@5 89.345
Epoch: [67][   0/5005]	Time  2.109 ( 2.109)	Data  1.971 ( 1.971)	Loss 1.1556e+00 (1.1556e+00)	Acc@1  69.53 ( 69.53)	Acc@5  89.06 ( 89.06)
Epoch: [67][1001/5005]	Time  0.329 ( 0.310)	Data  0.000 ( 0.002)	Loss 1.3371e+00 (1.2823e+00)	Acc@1  67.19 ( 69.75)	Acc@5  85.55 ( 87.70)
Epoch: [67][2002/5005]	Time  0.320 ( 0.309)	Data  0.000 ( 0.001)	Loss 1.4211e+00 (1.2864e+00)	Acc@1  67.19 ( 69.68)	Acc@5  85.55 ( 87.61)
Epoch: [67][3003/5005]	Time  0.307 ( 0.309)	Data  0.000 ( 0.001)	Loss 1.0428e+00 (1.2874e+00)	Acc@1  74.61 ( 69.63)	Acc@5  91.02 ( 87.62)
Epoch: [67][4004/5005]	Time  0.306 ( 0.308)	Data  0.000 ( 0.001)	Loss 1.1970e+00 (1.2882e+00)	Acc@1  71.88 ( 69.61)	Acc@5  88.28 ( 87.59)
 * Acc@1 70.047 Acc@5 89.457
Epoch: [68][   0/5005]	Time  1.742 ( 1.742)	Data  1.629 ( 1.629)	Loss 1.4253e+00 (1.4253e+00)	Acc@1  65.62 ( 65.62)	Acc@5  86.72 ( 86.72)
Epoch: [68][1001/5005]	Time  0.306 ( 0.310)	Data  0.000 ( 0.002)	Loss 1.5543e+00 (1.2783e+00)	Acc@1  65.62 ( 69.75)	Acc@5  84.38 ( 87.80)
Epoch: [68][2002/5005]	Time  0.307 ( 0.309)	Data  0.000 ( 0.001)	Loss 1.1736e+00 (1.2824e+00)	Acc@1  71.09 ( 69.71)	Acc@5  90.62 ( 87.69)
Epoch: [68][3003/5005]	Time  0.306 ( 0.309)	Data  0.000 ( 0.001)	Loss 1.1886e+00 (1.2835e+00)	Acc@1  69.53 ( 69.72)	Acc@5  89.06 ( 87.68)
Epoch: [68][4004/5005]	Time  0.307 ( 0.308)	Data  0.000 ( 0.001)	Loss 1.1898e+00 (1.2848e+00)	Acc@1  72.27 ( 69.70)	Acc@5  88.67 ( 87.65)
 * Acc@1 70.057 Acc@5 89.509
Epoch: [69][   0/5005]	Time  1.651 ( 1.651)	Data  1.536 ( 1.536)	Loss 1.4106e+00 (1.4106e+00)	Acc@1  67.97 ( 67.97)	Acc@5  86.33 ( 86.33)
Epoch: [69][1001/5005]	Time  0.308 ( 0.310)	Data  0.000 ( 0.002)	Loss 1.2148e+00 (1.2728e+00)	Acc@1  72.66 ( 69.85)	Acc@5  87.50 ( 87.82)
Epoch: [69][2002/5005]	Time  0.308 ( 0.309)	Data  0.000 ( 0.001)	Loss 1.3732e+00 (1.2771e+00)	Acc@1  66.41 ( 69.74)	Acc@5  88.28 ( 87.77)
Epoch: [69][3003/5005]	Time  0.306 ( 0.309)	Data  0.000 ( 0.001)	Loss 1.1719e+00 (1.2784e+00)	Acc@1  73.83 ( 69.75)	Acc@5  89.84 ( 87.75)
Epoch: [69][4004/5005]	Time  0.309 ( 0.308)	Data  0.000 ( 0.001)	Loss 1.1766e+00 (1.2797e+00)	Acc@1  73.44 ( 69.72)	Acc@5  87.89 ( 87.72)
 * Acc@1 70.007 Acc@5 89.455
Epoch: [70][   0/5005]	Time  2.508 ( 2.508)	Data  2.392 ( 2.392)	Loss 1.2027e+00 (1.2027e+00)	Acc@1  71.88 ( 71.88)	Acc@5  87.50 ( 87.50)
Epoch: [70][1001/5005]	Time  0.309 ( 0.311)	Data  0.000 ( 0.003)	Loss 1.3357e+00 (1.2695e+00)	Acc@1  68.36 ( 69.98)	Acc@5  85.94 ( 87.76)
Epoch: [70][2002/5005]	Time  0.309 ( 0.309)	Data  0.000 ( 0.002)	Loss 1.2615e+00 (1.2733e+00)	Acc@1  65.62 ( 69.91)	Acc@5  86.72 ( 87.72)
Epoch: [70][3003/5005]	Time  0.306 ( 0.309)	Data  0.000 ( 0.001)	Loss 1.3432e+00 (1.2725e+00)	Acc@1  66.80 ( 69.93)	Acc@5  86.33 ( 87.77)
Epoch: [70][4004/5005]	Time  0.307 ( 0.308)	Data  0.000 ( 0.001)	Loss 1.4522e+00 (1.2739e+00)	Acc@1  66.80 ( 69.89)	Acc@5  85.55 ( 87.76)
 * Acc@1 69.961 Acc@5 89.429
Epoch: [71][   0/5005]	Time  2.352 ( 2.352)	Data  2.234 ( 2.234)	Loss 1.1971e+00 (1.1971e+00)	Acc@1  71.48 ( 71.48)	Acc@5  91.41 ( 91.41)
Epoch: [71][1001/5005]	Time  0.306 ( 0.311)	Data  0.000 ( 0.003)	Loss 1.2581e+00 (1.2685e+00)	Acc@1  69.14 ( 69.93)	Acc@5  87.89 ( 87.85)
Epoch: [71][2002/5005]	Time  0.307 ( 0.310)	Data  0.000 ( 0.002)	Loss 1.4657e+00 (1.2715e+00)	Acc@1  64.84 ( 69.93)	Acc@5  85.16 ( 87.81)
Epoch: [71][3003/5005]	Time  0.308 ( 0.309)	Data  0.000 ( 0.001)	Loss 1.2126e+00 (1.2724e+00)	Acc@1  67.58 ( 69.90)	Acc@5  88.67 ( 87.80)
Epoch: [71][4004/5005]	Time  0.308 ( 0.309)	Data  0.000 ( 0.001)	Loss 1.2039e+00 (1.2734e+00)	Acc@1  73.05 ( 69.88)	Acc@5  87.50 ( 87.78)
 * Acc@1 70.130 Acc@5 89.583
Epoch: [72][   0/5005]	Time  1.938 ( 1.938)	Data  1.792 ( 1.792)	Loss 1.1687e+00 (1.1687e+00)	Acc@1  72.27 ( 72.27)	Acc@5  89.84 ( 89.84)
Epoch: [72][1001/5005]	Time  0.306 ( 0.314)	Data  0.000 ( 0.002)	Loss 1.2951e+00 (1.2624e+00)	Acc@1  71.48 ( 70.12)	Acc@5  88.67 ( 87.93)
Epoch: [72][2002/5005]	Time  0.306 ( 0.313)	Data  0.000 ( 0.001)	Loss 1.4330e+00 (1.2697e+00)	Acc@1  68.36 ( 70.00)	Acc@5  83.98 ( 87.82)
Epoch: [72][3003/5005]	Time  0.307 ( 0.311)	Data  0.000 ( 0.001)	Loss 1.1422e+00 (1.2703e+00)	Acc@1  72.27 ( 69.98)	Acc@5  87.50 ( 87.83)
Epoch: [72][4004/5005]	Time  0.310 ( 0.311)	Data  0.000 ( 0.001)	Loss 1.3922e+00 (1.2700e+00)	Acc@1  68.36 ( 69.98)	Acc@5  84.77 ( 87.84)
 * Acc@1 70.160 Acc@5 89.563
Epoch: [73][   0/5005]	Time  2.074 ( 2.074)	Data  1.935 ( 1.935)	Loss 1.3846e+00 (1.3846e+00)	Acc@1  69.14 ( 69.14)	Acc@5  83.59 ( 83.59)
Epoch: [73][1001/5005]	Time  0.311 ( 0.312)	Data  0.000 ( 0.003)	Loss 1.5067e+00 (1.2588e+00)	Acc@1  64.45 ( 70.22)	Acc@5  84.38 ( 87.99)
Epoch: [73][2002/5005]	Time  0.308 ( 0.313)	Data  0.000 ( 0.002)	Loss 1.4935e+00 (1.2602e+00)	Acc@1  67.58 ( 70.14)	Acc@5  83.98 ( 87.96)
Epoch: [73][3003/5005]	Time  0.307 ( 0.312)	Data  0.000 ( 0.001)	Loss 1.2583e+00 (1.2635e+00)	Acc@1  68.36 ( 70.09)	Acc@5  87.50 ( 87.89)
Epoch: [73][4004/5005]	Time  0.306 ( 0.311)	Data  0.000 ( 0.001)	Loss 1.2372e+00 (1.2658e+00)	Acc@1  69.92 ( 70.04)	Acc@5  88.28 ( 87.85)
 * Acc@1 69.905 Acc@5 89.547
