python main_dilate.py -a resnet18 ILSVRC/Data/CLS-LOC/
Epoch: [0][   0/5005]   Time  5.986 ( 5.986)    Data  3.668 ( 3.668)    Loss 6.9989e+00 (6.9989e+00)Acc@1   0.39 (  0.39)   Acc@5   0.78 (  0.78)
Epoch: [0][2000/5005]   Time  0.342 ( 0.341)    Data  0.000 ( 0.002)    Loss 4.6596e+00 (5.6381e+00)Acc@1  12.50 (  4.93)   Acc@5  30.08 ( 14.22)
Epoch: [0][4000/5005]   Time  0.338 ( 0.343)    Data  0.000 ( 0.001)    Loss 3.9044e+00 (5.0250e+00)Acc@1  23.44 ( 10.14)   Acc@5  42.19 ( 24.45)
Test: [  0/196] Time  3.856 ( 3.856)    Loss 2.5081e+00 (2.5081e+00)    Acc@1  45.70 ( 45.70)   Acc@5  76.17 ( 76.17)
 *   Acc@1 25.101 Acc@5 50.141
Epoch: [1][   0/5005]   Time  3.747 ( 3.747)    Data  3.341 ( 3.341)    Loss 3.8187e+00 (3.8187e+00)Acc@1  22.27 ( 22.27)   Acc@5  42.19 ( 42.19)
Epoch: [1][2000/5005]   Time  0.343 ( 0.348)    Data  0.000 ( 0.002)    Loss 3.4472e+00 (3.6093e+00)Acc@1  26.56 ( 26.11)   Acc@5  53.12 ( 50.11)
Epoch: [1][4000/5005]   Time  0.341 ( 0.347)    Data  0.000 ( 0.001)    Loss 3.2313e+00 (3.4827e+00)Acc@1  31.64 ( 28.13)   Acc@5  55.08 ( 52.50)
Test: [  0/196] Time  3.352 ( 3.352)    Loss 2.3247e+00 (2.3247e+00)    Acc@1  48.05 ( 48.05)   Acc@5  76.17 ( 76.17)
 *   Acc@1 34.122 Acc@5 60.360
Epoch: [2][   0/5005]   Time  3.176 ( 3.176)    Data  3.026 ( 3.026)    Loss 3.2435e+00 (3.2435e+00)Acc@1  35.94 ( 35.94)   Acc@5  56.64 ( 56.64)
Epoch: [2][2000/5005]   Time  0.341 ( 0.348)    Data  0.000 ( 0.002)    Loss 2.8204e+00 (3.0815e+00)Acc@1  39.45 ( 34.58)   Acc@5  65.62 ( 59.84)
Epoch: [2][4000/5005]   Time  0.339 ( 0.347)    Data  0.000 ( 0.001)    Loss 2.8997e+00 (3.0319e+00)Acc@1  42.19 ( 35.43)   Acc@5  61.72 ( 60.71)
Test: [  0/196] Time  3.150 ( 3.150)    Loss 1.8541e+00 (1.8541e+00)    Acc@1  53.12 ( 53.12)   Acc@5  83.98 ( 83.98)
 *   Acc@1 39.775 Acc@5 66.984
Epoch: [3][   0/5005]   Time  2.920 ( 2.920)    Data  2.747 ( 2.747)    Loss 2.8726e+00 (2.8726e+00)Acc@1  39.84 ( 39.84)   Acc@5  65.23 ( 65.23)
Epoch: [3][2000/5005]   Time  0.335 ( 0.345)    Data  0.000 ( 0.002)    Loss 2.9249e+00 (2.8389e+00)Acc@1  35.55 ( 38.77)   Acc@5  61.72 ( 64.12)
Epoch: [3][4000/5005]   Time  0.342 ( 0.344)    Data  0.000 ( 0.001)    Loss 2.8746e+00 (2.8207e+00)Acc@1  36.33 ( 39.08)   Acc@5  61.72 ( 64.45)
Test: [  0/196] Time  3.284 ( 3.284)    Loss 2.0158e+00 (2.0158e+00)    Acc@1  53.12 ( 53.12)   Acc@5  79.30 ( 79.30)
 *   Acc@1 40.489 Acc@5 66.950
Epoch: [4][   0/5005]   Time  3.285 ( 3.285)    Data  3.126 ( 3.126)    Loss 2.6193e+00 (2.6193e+00)Acc@1  44.92 ( 44.92)   Acc@5  65.62 ( 65.62)
Epoch: [4][2000/5005]   Time  0.343 ( 0.345)    Data  0.000 ( 0.002)    Loss 2.6468e+00 (2.7092e+00)Acc@1  41.41 ( 41.11)   Acc@5  72.66 ( 66.41)
Epoch: [4][4000/5005]   Time  0.339 ( 0.344)    Data  0.000 ( 0.001)    Loss 2.6741e+00 (2.6999e+00)Acc@1  41.41 ( 41.24)   Acc@5  66.41 ( 66.55)
Test: [  0/196] Time  3.294 ( 3.294)    Loss 1.5394e+00 (1.5394e+00)    Acc@1  63.67 ( 63.67)   Acc@5  89.45 ( 89.45)
 *   Acc@1 44.817 Acc@5 71.834
Epoch: [5][   0/5005]   Time  3.204 ( 3.204)    Data  3.037 ( 3.037)    Loss 2.2439e+00 (2.2439e+00)Acc@1  50.78 ( 50.78)   Acc@5  76.56 ( 76.56)
Epoch: [5][2000/5005]   Time  0.342 ( 0.345)    Data  0.000 ( 0.002)    Loss 2.6907e+00 (2.6221e+00)Acc@1  44.92 ( 42.62)   Acc@5  66.41 ( 67.88)
Epoch: [5][4000/5005]   Time  0.338 ( 0.344)    Data  0.000 ( 0.001)    Loss 2.6166e+00 (2.6223e+00)Acc@1  41.80 ( 42.68)   Acc@5  66.41 ( 67.86)
Test: [  0/196] Time  3.310 ( 3.310)    Loss 1.5660e+00 (1.5660e+00)    Acc@1  60.16 ( 60.16)   Acc@5  87.50 ( 87.50)
 *   Acc@1 47.091 Acc@5 73.642
Epoch: [6][   0/5005]   Time  2.332 ( 2.332)    Data  2.189 ( 2.189)    Loss 2.6208e+00 (2.6208e+00)Acc@1  43.36 ( 43.36)   Acc@5  67.19 ( 67.19)
Epoch: [6][2000/5005]   Time  0.339 ( 0.345)    Data  0.000 ( 0.002)    Loss 2.3646e+00 (2.5729e+00)Acc@1  44.14 ( 43.59)   Acc@5  70.31 ( 68.71)
Epoch: [6][4000/5005]   Time  0.331 ( 0.344)    Data  0.000 ( 0.001)    Loss 2.5396e+00 (2.5703e+00)Acc@1  47.66 ( 43.59)   Acc@5  69.14 ( 68.76)
Test: [  0/196] Time  3.194 ( 3.194)    Loss 1.3068e+00 (1.3068e+00)    Acc@1  68.75 ( 68.75)   Acc@5  91.80 ( 91.80)
 *   Acc@1 47.650 Acc@5 74.245
Epoch: [7][   0/5005]   Time  2.606 ( 2.606)    Data  2.449 ( 2.449)    Loss 2.4181e+00 (2.4181e+00)Acc@1  50.00 ( 50.00)   Acc@5  72.66 ( 72.66)
Epoch: [7][2000/5005]   Time  0.334 ( 0.345)    Data  0.000 ( 0.002)    Loss 2.6267e+00 (2.5217e+00)Acc@1  41.41 ( 44.35)   Acc@5  69.14 ( 69.50)
Epoch: [7][4000/5005]   Time  0.340 ( 0.344)    Data  0.000 ( 0.001)    Loss 2.5321e+00 (2.5285e+00)Acc@1  43.75 ( 44.31)   Acc@5  67.19 ( 69.40)
Test: [  0/196] Time  3.216 ( 3.216)    Loss 1.6081e+00 (1.6081e+00)    Acc@1  60.55 ( 60.55)   Acc@5  83.98 ( 83.98)
 *   Acc@1 45.259 Acc@5 72.062
Epoch: [8][   0/5005]   Time  2.481 ( 2.481)    Data  2.328 ( 2.328)    Loss 2.3917e+00 (2.3917e+00)Acc@1  43.36 ( 43.36)   Acc@5  74.22 ( 74.22)
Epoch: [8][2000/5005]   Time  0.356 ( 0.346)    Data  0.000 ( 0.002)    Loss 2.5616e+00 (2.4943e+00)Acc@1  43.36 ( 44.95)   Acc@5  67.19 ( 69.97)
Epoch: [8][4000/5005]   Time  0.338 ( 0.345)    Data  0.000 ( 0.001)    Loss 2.3450e+00 (2.5014e+00)Acc@1  47.66 ( 44.84)   Acc@5  71.48 ( 69.87)
Test: [  0/196] Time  3.161 ( 3.161)    Loss 1.6872e+00 (1.6872e+00)    Acc@1  60.55 ( 60.55)   Acc@5  82.81 ( 82.81)
 *   Acc@1 48.267 Acc@5 74.649
Epoch: [9][   0/5005]   Time  2.363 ( 2.363)    Data  2.229 ( 2.229)    Loss 2.3041e+00 (2.3041e+00)Acc@1  46.88 ( 46.88)   Acc@5  74.61 ( 74.61)
Epoch: [9][2000/5005]   Time  0.335 ( 0.345)    Data  0.000 ( 0.002)    Loss 2.4548e+00 (2.4646e+00)Acc@1  48.44 ( 45.50)   Acc@5  72.27 ( 70.53)
Epoch: [9][4000/5005]   Time  0.337 ( 0.344)    Data  0.000 ( 0.001)    Loss 2.3690e+00 (2.4710e+00)Acc@1  46.09 ( 45.41)   Acc@5  74.22 ( 70.41)
Test: [  0/196] Time  3.307 ( 3.307)    Loss 1.8353e+00 (1.8353e+00)    Acc@1  57.03 ( 57.03)   Acc@5  82.42 ( 82.42)
 *   Acc@1 47.828 Acc@5 73.884
Epoch: [10][   0/5005]  Time  2.428 ( 2.428)    Data  2.280 ( 2.280)    Loss 2.4380e+00 (2.4380e+00)Acc@1  46.09 ( 46.09)   Acc@5  72.66 ( 72.66)
Epoch: [10][2000/5005]  Time  0.339 ( 0.344)    Data  0.000 ( 0.001)    Loss 2.2190e+00 (2.4466e+00)Acc@1  51.17 ( 45.80)   Acc@5  75.78 ( 70.83)
Epoch: [10][4000/5005]  Time  0.352 ( 0.344)    Data  0.000 ( 0.001)    Loss 2.4610e+00 (2.4532e+00)Acc@1  46.09 ( 45.71)   Acc@5  72.27 ( 70.71)
Test: [  0/196] Time  3.214 ( 3.214)    Loss 1.5968e+00 (1.5968e+00)    Acc@1  60.16 ( 60.16)   Acc@5  86.33 ( 86.33)
 *   Acc@1 49.190 Acc@5 75.532
Epoch: [11][   0/5005]  Time  2.582 ( 2.582)    Data  2.445 ( 2.445)    Loss 2.3548e+00 (2.3548e+00)Acc@1  45.31 ( 45.31)   Acc@5  72.66 ( 72.66)
Epoch: [11][2000/5005]  Time  0.340 ( 0.345)    Data  0.000 ( 0.002)    Loss 2.8220e+00 (2.4221e+00)Acc@1  41.02 ( 46.25)   Acc@5  64.45 ( 71.20)
Epoch: [11][4000/5005]  Time  0.339 ( 0.344)    Data  0.000 ( 0.001)    Loss 2.3060e+00 (2.4356e+00)Acc@1  47.66 ( 46.04)   Acc@5  73.05 ( 70.95)
Test: [  0/196] Time  3.314 ( 3.314)    Loss 1.4175e+00 (1.4175e+00)    Acc@1  65.23 ( 65.23)   Acc@5  87.89 ( 87.89)
 *   Acc@1 49.332 Acc@5 75.376
Epoch: [12][   0/5005]  Time  2.226 ( 2.226)    Data  2.091 ( 2.091)    Loss 2.4473e+00 (2.4473e+00)Acc@1  43.36 ( 43.36)   Acc@5  70.31 ( 70.31)
Epoch: [12][2000/5005]  Time  0.336 ( 0.344)    Data  0.000 ( 0.002)    Loss 2.2586e+00 (2.4120e+00)Acc@1  47.66 ( 46.49)   Acc@5  76.95 ( 71.39)
Epoch: [12][4000/5005]  Time  0.351 ( 0.343)    Data  0.000 ( 0.001)    Loss 2.3203e+00 (2.4235e+00)Acc@1  48.44 ( 46.29)   Acc@5  71.88 ( 71.20)
Test: [  0/196] Time  3.216 ( 3.216)    Loss 1.3580e+00 (1.3580e+00)    Acc@1  65.23 ( 65.23)   Acc@5  87.50 ( 87.50)
 *   Acc@1 48.251 Acc@5 74.309
Epoch: [13][   0/5005]  Time  2.551 ( 2.551)    Data  2.391 ( 2.391)    Loss 2.3716e+00 (2.3716e+00)Acc@1  47.66 ( 47.66)   Acc@5  73.44 ( 73.44)
Epoch: [13][2000/5005]  Time  0.337 ( 0.344)    Data  0.000 ( 0.002)    Loss 2.3111e+00 (2.4009e+00)Acc@1  50.00 ( 46.64)   Acc@5  75.39 ( 71.57)
Epoch: [13][4000/5005]  Time  0.339 ( 0.343)    Data  0.000 ( 0.001)    Loss 2.6421e+00 (2.4082e+00)Acc@1  44.53 ( 46.55)   Acc@5  69.53 ( 71.47)
Test: [  0/196] Time  3.346 ( 3.346)    Loss 1.1812e+00 (1.1812e+00)    Acc@1  70.31 ( 70.31)   Acc@5  91.02 ( 91.02)
 *   Acc@1 49.526 Acc@5 75.548
Epoch: [14][   0/5005]  Time  2.199 ( 2.199)    Data  2.052 ( 2.052)    Loss 2.3029e+00 (2.3029e+00)Acc@1  47.66 ( 47.66)   Acc@5  72.27 ( 72.27)
Epoch: [14][2000/5005]  Time  0.333 ( 0.344)    Data  0.000 ( 0.001)    Loss 2.5944e+00 (2.3849e+00)Acc@1  44.14 ( 46.92)   Acc@5  67.19 ( 71.78)
Epoch: [14][4000/5005]  Time  0.387 ( 0.343)    Data  0.000 ( 0.001)    Loss 2.0814e+00 (2.3985e+00)Acc@1  52.34 ( 46.73)   Acc@5  76.17 ( 71.60)
Test: [  0/196] Time  3.330 ( 3.330)    Loss 1.5788e+00 (1.5788e+00)    Acc@1  64.84 ( 64.84)   Acc@5  86.33 ( 86.33)
 *   Acc@1 48.802 Acc@5 75.194
Epoch: [15][   0/5005]  Time  2.669 ( 2.669)    Data  2.529 ( 2.529)    Loss 2.6114e+00 (2.6114e+00)Acc@1  40.23 ( 40.23)   Acc@5  66.80 ( 66.80)
Epoch: [15][2000/5005]  Time  0.349 ( 0.344)    Data  0.000 ( 0.002)    Loss 2.7341e+00 (2.3728e+00)Acc@1  39.45 ( 47.09)   Acc@5  66.80 ( 72.06)
Epoch: [15][4000/5005]  Time  0.338 ( 0.343)    Data  0.000 ( 0.001)    Loss 2.6044e+00 (2.3864e+00)Acc@1  45.31 ( 46.91)   Acc@5  67.19 ( 71.78)
Test: [  0/196] Time  3.306 ( 3.306)    Loss 1.3997e+00 (1.3997e+00)    Acc@1  66.02 ( 66.02)   Acc@5  89.06 ( 89.06)
 *   Acc@1 48.511 Acc@5 74.719
Epoch: [16][   0/5005]  Time  2.548 ( 2.548)    Data  2.403 ( 2.403)    Loss 2.3961e+00 (2.3961e+00)Acc@1  46.88 ( 46.88)   Acc@5  72.27 ( 72.27)
Epoch: [16][2000/5005]  Time  0.336 ( 0.344)    Data  0.000 ( 0.002)    Loss 2.3166e+00 (2.3678e+00)Acc@1  46.88 ( 47.24)   Acc@5  72.27 ( 72.07)
Epoch: [16][4000/5005]  Time  0.339 ( 0.343)    Data  0.000 ( 0.001)    Loss 2.6357e+00 (2.3772e+00)Acc@1  46.09 ( 47.10)   Acc@5  67.58 ( 71.92)
Test: [  0/196] Time  3.307 ( 3.307)    Loss 1.7207e+00 (1.7207e+00)    Acc@1  57.42 ( 57.42)   Acc@5  87.89 ( 87.89)
 *   Acc@1 48.633 Acc@5 74.769
Epoch: [17][   0/5005]  Time  2.523 ( 2.523)    Data  2.378 ( 2.378)    Loss 2.5180e+00 (2.5180e+00)Acc@1  41.41 ( 41.41)   Acc@5  67.19 ( 67.19)
Epoch: [17][2000/5005]  Time  0.335 ( 0.344)    Data  0.000 ( 0.001)    Loss 2.3936e+00 (2.3612e+00)Acc@1  44.53 ( 47.40)   Acc@5  73.05 ( 72.26)
Epoch: [17][4000/5005]  Time  0.336 ( 0.343)    Data  0.000 ( 0.001)    Loss 2.3664e+00 (2.3715e+00)Acc@1  45.70 ( 47.23)   Acc@5  70.70 ( 72.06)
Test: [  0/196] Time  3.198 ( 3.198)    Loss 1.6315e+00 (1.6315e+00)    Acc@1  60.55 ( 60.55)   Acc@5  86.72 ( 86.72)
 *   Acc@1 49.582 Acc@5 75.356
Epoch: [18][   0/5005]  Time  3.164 ( 3.164)    Data  3.004 ( 3.004)    Loss 2.2524e+00 (2.2524e+00)Acc@1  50.78 ( 50.78)   Acc@5  73.05 ( 73.05)
Epoch: [18][2000/5005]  Time  0.369 ( 0.345)    Data  0.000 ( 0.002)    Loss 2.3727e+00 (2.3565e+00)Acc@1  48.44 ( 47.50)   Acc@5  69.53 ( 72.25)
Epoch: [18][4000/5005]  Time  0.354 ( 0.344)    Data  0.000 ( 0.001)    Loss 2.4198e+00 (2.3639e+00)Acc@1  47.66 ( 47.36)   Acc@5  72.27 ( 72.13)
Test: [  0/196] Time  3.250 ( 3.250)    Loss 1.4200e+00 (1.4200e+00)    Acc@1  65.23 ( 65.23)   Acc@5  87.50 ( 87.50)
 *   Acc@1 50.215 Acc@5 76.371
Epoch: [19][   0/5005]  Time  2.820 ( 2.820)    Data  2.657 ( 2.657)    Loss 2.1531e+00 (2.1531e+00)Acc@1  50.00 ( 50.00)   Acc@5  75.78 ( 75.78)
Epoch: [19][2000/5005]  Time  0.336 ( 0.344)    Data  0.000 ( 0.002)    Loss 2.3293e+00 (2.3448e+00)Acc@1  46.09 ( 47.69)   Acc@5  71.48 ( 72.45)
Epoch: [19][4000/5005]  Time  0.382 ( 0.344)    Data  0.000 ( 0.001)    Loss 2.3597e+00 (2.3555e+00)Acc@1  44.14 ( 47.52)   Acc@5  72.66 ( 72.31)
Test: [  0/196] Time  3.261 ( 3.261)    Loss 1.8654e+00 (1.8654e+00)    Acc@1  52.34 ( 52.34)   Acc@5  83.20 ( 83.20)
 *   Acc@1 50.572 Acc@5 76.475
Epoch: [20][   0/5005]  Time  3.239 ( 3.239)    Data  3.079 ( 3.079)    Loss 2.3723e+00 (2.3723e+00)Acc@1  50.39 ( 50.39)   Acc@5  70.70 ( 70.70)
Epoch: [20][2000/5005]  Time  0.332 ( 0.345)    Data  0.000 ( 0.002)    Loss 2.2633e+00 (2.3379e+00)Acc@1  47.66 ( 47.85)   Acc@5  75.39 ( 72.50)
Epoch: [20][4000/5005]  Time  0.340 ( 0.344)    Data  0.000 ( 0.001)    Loss 2.1273e+00 (2.3514e+00)Acc@1  48.05 ( 47.61)   Acc@5  76.95 ( 72.33)
Test: [  0/196] Time  3.190 ( 3.190)    Loss 1.8282e+00 (1.8282e+00)    Acc@1  56.64 ( 56.64)   Acc@5  81.25 ( 81.25)
 *   Acc@1 51.018 Acc@5 76.948
Epoch: [21][   0/5005]  Time  2.550 ( 2.550)    Data  2.407 ( 2.407)    Loss 2.2450e+00 (2.2450e+00)Acc@1  44.53 ( 44.53)   Acc@5  73.83 ( 73.83)
Epoch: [21][2000/5005]  Time  0.359 ( 0.344)    Data  0.000 ( 0.002)    Loss 2.4303e+00 (2.3358e+00)Acc@1  46.48 ( 47.84)   Acc@5  69.53 ( 72.59)
Epoch: [21][4000/5005]  Time  0.339 ( 0.343)    Data  0.000 ( 0.001)    Loss 2.4795e+00 (2.3467e+00)Acc@1  46.88 ( 47.70)   Acc@5  70.70 ( 72.42)
Test: [  0/196] Time  3.188 ( 3.188)    Loss 1.4026e+00 (1.4026e+00)    Acc@1  64.84 ( 64.84)   Acc@5  87.89 ( 87.89)
 *   Acc@1 50.335 Acc@5 75.951
Epoch: [22][   0/5005]  Time  3.295 ( 3.295)    Data  3.139 ( 3.139)    Loss 2.4674e+00 (2.4674e+00)Acc@1  46.48 ( 46.48)   Acc@5  71.48 ( 71.48)
Epoch: [22][2000/5005]  Time  0.338 ( 0.345)    Data  0.000 ( 0.002)    Loss 2.2408e+00 (2.3323e+00)Acc@1  49.22 ( 47.90)   Acc@5  75.00 ( 72.63)
Epoch: [22][4000/5005]  Time  0.334 ( 0.344)    Data  0.000 ( 0.001)    Loss 2.4488e+00 (2.3446e+00)Acc@1  41.02 ( 47.73)   Acc@5  69.92 ( 72.43)
Test: [  0/196] Time  3.337 ( 3.337)    Loss 1.3640e+00 (1.3640e+00)    Acc@1  65.23 ( 65.23)   Acc@5  89.45 ( 89.45)
 *   Acc@1 51.040 Acc@5 77.062
Epoch: [23][   0/5005]  Time  3.005 ( 3.005)    Data  2.848 ( 2.848)    Loss 2.2813e+00 (2.2813e+00)Acc@1  55.08 ( 55.08)   Acc@5  75.78 ( 75.78)
Epoch: [23][2000/5005]  Time  0.337 ( 0.345)    Data  0.000 ( 0.002)    Loss 2.2581e+00 (2.3254e+00)Acc@1  50.00 ( 48.09)   Acc@5  73.05 ( 72.80)
Epoch: [23][4000/5005]  Time  0.338 ( 0.344)    Data  0.000 ( 0.001)    Loss 2.4321e+00 (2.3359e+00)Acc@1  52.34 ( 47.87)   Acc@5  67.58 ( 72.62)
Test: [  0/196] Time  3.322 ( 3.322)    Loss 1.9354e+00 (1.9354e+00)    Acc@1  53.91 ( 53.91)   Acc@5  80.08 ( 80.08)
 *   Acc@1 51.409 Acc@5 77.170
Epoch: [24][   0/5005]  Time  3.180 ( 3.180)    Data  3.026 ( 3.026)    Loss 1.9497e+00 (1.9497e+00)Acc@1  57.42 ( 57.42)   Acc@5  79.69 ( 79.69)
Epoch: [24][2000/5005]  Time  0.344 ( 0.345)    Data  0.000 ( 0.002)    Loss 2.3591e+00 (2.3165e+00)Acc@1  47.27 ( 48.16)   Acc@5  68.75 ( 72.91)
Epoch: [24][4000/5005]  Time  0.351 ( 0.344)    Data  0.000 ( 0.001)    Loss 2.3387e+00 (2.3284e+00)Acc@1  50.00 ( 48.01)   Acc@5  74.22 ( 72.74)
Test: [  0/196] Time  3.253 ( 3.253)    Loss 1.3065e+00 (1.3065e+00)    Acc@1  69.53 ( 69.53)   Acc@5  87.89 ( 87.89)
 *   Acc@1 50.560 Acc@5 76.465
Epoch: [25][   0/5005]  Time  2.210 ( 2.210)    Data  2.076 ( 2.076)    Loss 2.1626e+00 (2.1626e+00)Acc@1  51.56 ( 51.56)   Acc@5  75.39 ( 75.39)
Epoch: [25][2000/5005]  Time  0.338 ( 0.345)    Data  0.000 ( 0.001)    Loss 2.5491e+00 (2.3175e+00)Acc@1  44.14 ( 48.27)   Acc@5  69.14 ( 72.83)
Epoch: [25][4000/5005]  Time  0.337 ( 0.344)    Data  0.000 ( 0.001)    Loss 2.6010e+00 (2.3285e+00)Acc@1  45.70 ( 48.08)   Acc@5  68.36 ( 72.71)
Test: [  0/196] Time  3.330 ( 3.330)    Loss 1.1432e+00 (1.1432e+00)    Acc@1  71.48 ( 71.48)   Acc@5  91.41 ( 91.41)
 *   Acc@1 51.941 Acc@5 77.282
Epoch: [26][   0/5005]  Time  2.928 ( 2.928)    Data  2.791 ( 2.791)    Loss 2.3347e+00 (2.3347e+00)Acc@1  50.78 ( 50.78)   Acc@5  72.66 ( 72.66)
Epoch: [26][2000/5005]  Time  0.338 ( 0.344)    Data  0.000 ( 0.002)    Loss 2.6587e+00 (2.3098e+00)Acc@1  42.58 ( 48.30)   Acc@5  68.75 ( 73.07)
Epoch: [26][4000/5005]  Time  0.341 ( 0.344)    Data  0.000 ( 0.001)    Loss 2.2961e+00 (2.3229e+00)Acc@1  46.09 ( 48.10)   Acc@5  73.05 ( 72.84)
Test: [  0/196] Time  3.212 ( 3.212)    Loss 1.9710e+00 (1.9710e+00)    Acc@1  53.52 ( 53.52)   Acc@5  78.52 ( 78.52)
 *   Acc@1 51.591 Acc@5 77.469
Epoch: [27][   0/5005]  Time  3.058 ( 3.058)    Data  2.883 ( 2.883)    Loss 2.3960e+00 (2.3960e+00)Acc@1  50.78 ( 50.78)   Acc@5  69.92 ( 69.92)
Epoch: [27][2000/5005]  Time  0.355 ( 0.345)    Data  0.000 ( 0.002)    Loss 2.2275e+00 (2.3135e+00)Acc@1  50.00 ( 48.33)   Acc@5  74.61 ( 72.97)
Epoch: [27][4000/5005]  Time  0.339 ( 0.344)    Data  0.000 ( 0.001)    Loss 2.4451e+00 (2.3230e+00)Acc@1  48.05 ( 48.14)   Acc@5  70.31 ( 72.84)
Test: [  0/196] Time  3.172 ( 3.172)    Loss 1.5874e+00 (1.5874e+00)    Acc@1  60.16 ( 60.16)   Acc@5  84.38 ( 84.38)
 *   Acc@1 51.128 Acc@5 76.641
Epoch: [28][   0/5005]  Time  2.327 ( 2.327)    Data  2.170 ( 2.170)    Loss 2.2495e+00 (2.2495e+00)Acc@1  50.39 ( 50.39)   Acc@5  75.00 ( 75.00)
Epoch: [28][2000/5005]  Time  0.342 ( 0.344)    Data  0.000 ( 0.002)    Loss 2.2510e+00 (2.3056e+00)Acc@1  48.83 ( 48.25)   Acc@5  72.27 ( 73.11)
Epoch: [28][4000/5005]  Time  0.340 ( 0.344)    Data  0.000 ( 0.001)    Loss 2.2569e+00 (2.3186e+00)Acc@1  48.05 ( 48.14)   Acc@5  70.70 ( 72.91)
Test: [  0/196] Time  3.263 ( 3.263)    Loss 1.8307e+00 (1.8307e+00)    Acc@1  57.03 ( 57.03)   Acc@5  81.25 ( 81.25)
 *   Acc@1 49.955 Acc@5 75.999
Epoch: [29][   0/5005]  Time  2.829 ( 2.829)    Data  2.683 ( 2.683)    Loss 2.0704e+00 (2.0704e+00)Acc@1  51.95 ( 51.95)   Acc@5  75.39 ( 75.39)
Epoch: [29][2000/5005]  Time  0.348 ( 0.345)    Data  0.000 ( 0.002)    Loss 2.0668e+00 (2.3022e+00)Acc@1  52.73 ( 48.50)   Acc@5  74.61 ( 73.10)
Epoch: [29][4000/5005]  Time  0.337 ( 0.344)    Data  0.000 ( 0.001)    Loss 2.2624e+00 (2.3165e+00)Acc@1  48.44 ( 48.24)   Acc@5  74.22 ( 72.94)
Test: [  0/196] Time  3.341 ( 3.341)    Loss 1.4166e+00 (1.4166e+00)    Acc@1  61.33 ( 61.33)   Acc@5  88.28 ( 88.28)
 *   Acc@1 52.134 Acc@5 77.601
Epoch: [30][   0/5005]  Time  3.536 ( 3.536)    Data  3.254 ( 3.254)    Loss 2.1925e+00 (2.1925e+00)Acc@1  49.61 ( 49.61)   Acc@5  73.44 ( 73.44)
Epoch: [30][2000/5005]  Time  0.338 ( 0.345)    Data  0.000 ( 0.002)    Loss 1.5672e+00 (1.8848e+00)Acc@1  64.84 ( 57.08)   Acc@5  84.77 ( 79.37)
Epoch: [30][4000/5005]  Time  0.339 ( 0.344)    Data  0.000 ( 0.001)    Loss 1.6882e+00 (1.8333e+00)Acc@1  59.38 ( 58.10)   Acc@5  82.03 ( 80.12)
Test: [  0/196] Time  3.126 ( 3.126)    Loss 9.7590e-01 (9.7590e-01)    Acc@1  75.00 ( 75.00)   Acc@5  94.14 ( 94.14)
 *   Acc@1 64.108 Acc@5 85.889
Epoch: [31][   0/5005]  Time  2.759 ( 2.759)    Data  2.617 ( 2.617)    Loss 1.7491e+00 (1.7491e+00)Acc@1  60.16 ( 60.16)   Acc@5  79.69 ( 79.69)
Epoch: [31][2000/5005]  Time  0.340 ( 0.345)    Data  0.000 ( 0.002)    Loss 1.4396e+00 (1.7097e+00)Acc@1  67.19 ( 60.61)   Acc@5  85.55 ( 81.82)
Epoch: [31][4000/5005]  Time  0.340 ( 0.344)    Data  0.000 ( 0.001)    Loss 1.6208e+00 (1.7020e+00)Acc@1  60.16 ( 60.73)   Acc@5  85.16 ( 81.95)
Test: [  0/196] Time  3.271 ( 3.271)    Loss 1.0081e+00 (1.0081e+00)    Acc@1  72.66 ( 72.66)   Acc@5  91.80 ( 91.80)
 *   Acc@1 65.107 Acc@5 86.610
Epoch: [32][   0/5005]  Time  2.528 ( 2.528)    Data  2.381 ( 2.381)    Loss 1.6142e+00 (1.6142e+00)Acc@1  62.89 ( 62.89)   Acc@5  83.59 ( 83.59)
Epoch: [32][2000/5005]  Time  0.338 ( 0.344)    Data  0.000 ( 0.002)    Loss 1.5783e+00 (1.6522e+00)Acc@1  60.94 ( 61.69)   Acc@5  84.38 ( 82.67)
Epoch: [32][4000/5005]  Time  0.335 ( 0.343)    Data  0.000 ( 0.001)    Loss 1.7524e+00 (1.6528e+00)Acc@1  64.06 ( 61.64)   Acc@5  80.86 ( 82.69)
Test: [  0/196] Time  3.204 ( 3.204)    Loss 9.5181e-01 (9.5181e-01)    Acc@1  73.83 ( 73.83)   Acc@5  93.75 ( 93.75)
 *   Acc@1 65.548 Acc@5 86.852
Epoch: [33][   0/5005]  Time  2.355 ( 2.355)    Data  2.209 ( 2.209)    Loss 1.5294e+00 (1.5294e+00)Acc@1  63.67 ( 63.67)   Acc@5  84.77 ( 84.77)
Epoch: [33][2000/5005]  Time  0.338 ( 0.345)    Data  0.000 ( 0.002)    Loss 1.5905e+00 (1.6238e+00)Acc@1  63.67 ( 62.31)   Acc@5  83.20 ( 83.11)
Epoch: [33][4000/5005]  Time  0.340 ( 0.346)    Data  0.000 ( 0.001)    Loss 1.6084e+00 (1.6265e+00)Acc@1  60.16 ( 62.23)    Acc@5  83.98 ( 83.07)
Test: [  0/196] Time  3.278 ( 3.278)    Loss 9.7713e-01 (9.7713e-01)    Acc@1  75.00 ( 75.00)   Acc@5  92.19 ( 92.19)
 *   Acc@1 65.718 Acc@5 86.880
Epoch: [34][   0/5005]  Time  2.237 ( 2.237)    Data  2.062 ( 2.062)    Loss 1.7888e+00 (1.7888e+00)Acc@1  61.72 ( 61.72)    Acc@5  80.47 ( 80.47)
Epoch: [34][2000/5005]  Time  0.354 ( 0.349)    Data  0.000 ( 0.002)    Loss 1.7689e+00 (1.6024e+00)Acc@1  60.16 ( 62.68)    Acc@5  79.69 ( 83.40)
Epoch: [34][4000/5005]  Time  0.341 ( 0.348)    Data  0.000 ( 0.001)    Loss 1.7496e+00 (1.6060e+00)Acc@1  62.11 ( 62.62)    Acc@5  80.47 ( 83.33)
Test: [  0/196] Time  3.301 ( 3.301)    Loss 9.7117e-01 (9.7117e-01)    Acc@1  72.27 ( 72.27)   Acc@5  93.36 ( 93.36)
 *   Acc@1 65.876 Acc@5 86.936
Epoch: [35][   0/5005]  Time  2.641 ( 2.641)    Data  2.484 ( 2.484)    Loss 1.3963e+00 (1.3963e+00)Acc@1  68.75 ( 68.75)    Acc@5  84.38 ( 84.38)
Epoch: [35][2000/5005]  Time  0.339 ( 0.344)    Data  0.000 ( 0.002)    Loss 1.5173e+00 (1.5808e+00)Acc@1  63.28 ( 63.19)    Acc@5  83.98 ( 83.65)
Epoch: [35][4000/5005]  Time  0.333 ( 0.344)    Data  0.000 ( 0.001)    Loss 1.3467e+00 (1.5924e+00)Acc@1  69.92 ( 62.96)    Acc@5  87.50 ( 83.52)
Test: [  0/196] Time  3.298 ( 3.298)    Loss 8.5986e-01 (8.5986e-01)    Acc@1  77.34 ( 77.34)   Acc@5  94.53 ( 94.53)
 *   Acc@1 66.175 Acc@5 87.294
Epoch: [36][   0/5005]  Time  3.378 ( 3.378)    Data  3.224 ( 3.224)    Loss 1.4177e+00 (1.4177e+00)Acc@1  68.75 ( 68.75)    Acc@5  86.72 ( 86.72)
Epoch: [36][2000/5005]  Time  0.340 ( 0.345)    Data  0.000 ( 0.002)    Loss 1.7730e+00 (1.5692e+00)Acc@1  57.42 ( 63.31)    Acc@5  80.08 ( 83.84)
Epoch: [36][4000/5005]  Time  0.337 ( 0.344)    Data  0.000 ( 0.001)    Loss 1.5538e+00 (1.5778e+00)Acc@1  64.06 ( 63.14)    Acc@5  83.98 ( 83.72)
Test: [  0/196] Time  3.250 ( 3.250)    Loss 8.6075e-01 (8.6075e-01)    Acc@1  75.78 ( 75.78)   Acc@5  94.14 ( 94.14)
 *   Acc@1 65.688 Acc@5 87.014
Epoch: [37][   0/5005]  Time  2.652 ( 2.652)    Data  2.517 ( 2.517)    Loss 1.4472e+00 (1.4472e+00)Acc@1  66.02 ( 66.02)    Acc@5  86.33 ( 86.33)
Epoch: [37][2000/5005]  Time  0.340 ( 0.344)    Data  0.000 ( 0.002)    Loss 1.5605e+00 (1.5669e+00)Acc@1  66.80 ( 63.43)    Acc@5  85.94 ( 83.91)
Epoch: [37][4000/5005]  Time  0.350 ( 0.344)    Data  0.000 ( 0.001)    Loss 1.7625e+00 (1.5739e+00)Acc@1  57.81 ( 63.25)    Acc@5  83.59 ( 83.82)
Test: [  0/196] Time  3.195 ( 3.195)    Loss 8.9211e-01 (8.9211e-01)    Acc@1  75.00 ( 75.00)   Acc@5  94.53 ( 94.53)
 *   Acc@1 65.890 Acc@5 87.042
Epoch: [38][   0/5005]  Time  2.496 ( 2.496)    Data  2.356 ( 2.356)    Loss 1.5195e+00 (1.5195e+00)Acc@1  64.45 ( 64.45)    Acc@5  84.38 ( 84.38)
Epoch: [38][2000/5005]  Time  0.338 ( 0.346)    Data  0.000 ( 0.001)    Loss 1.6024e+00 (1.5616e+00)Acc@1  62.11 ( 63.59)    Acc@5  85.16 ( 83.94)
Epoch: [38][4000/5005]  Time  0.336 ( 0.345)    Data  0.000 ( 0.001)    Loss 1.2492e+00 (1.5702e+00)Acc@1  64.45 ( 63.31)    Acc@5  89.84 ( 83.84)
Test: [  0/196] Time  3.361 ( 3.361)    Loss 9.1279e-01 (9.1279e-01)    Acc@1  75.78 ( 75.78)   Acc@5  93.36 ( 93.36)
 *   Acc@1 65.854 Acc@5 87.012
Epoch: [39][   0/5005]  Time  2.908 ( 2.908)    Data  2.778 ( 2.778)    Loss 1.5550e+00 (1.5550e+00)Acc@1  57.81 ( 57.81)    Acc@5  84.38 ( 84.38)
Epoch: [39][2000/5005]  Time  0.331 ( 0.345)    Data  0.000 ( 0.002)    Loss 1.5626e+00 (1.5592e+00)Acc@1  60.55 ( 63.62)    Acc@5  85.16 ( 83.99)
Epoch: [39][4000/5005]  Time  0.341 ( 0.344)    Data  0.000 ( 0.001)    Loss 1.6611e+00 (1.5669e+00)Acc@1  58.59 ( 63.40)    Acc@5  82.03 ( 83.89)
Test: [  0/196] Time  3.180 ( 3.180)    Loss 8.4011e-01 (8.4011e-01)    Acc@1  78.52 ( 78.52)   Acc@5  94.53 ( 94.53)
 *   Acc@1 65.916 Acc@5 87.190
Epoch: [40][   0/5005]  Time  3.142 ( 3.142)    Data  2.982 ( 2.982)    Loss 1.5751e+00 (1.5751e+00)Acc@1  63.28 ( 63.28)    Acc@5  83.59 ( 83.59)
Epoch: [40][2000/5005]  Time  0.340 ( 0.345)    Data  0.000 ( 0.002)    Loss 1.5750e+00 (1.5582e+00)Acc@1  63.28 ( 63.55)    Acc@5  85.55 ( 84.07)
Epoch: [40][4000/5005]  Time  0.340 ( 0.344)    Data  0.000 ( 0.001)    Loss 1.5991e+00 (1.5681e+00)Acc@1  60.94 ( 63.33)    Acc@5  85.55 ( 83.93)
Test: [  0/196] Time  3.214 ( 3.214)    Loss 9.4038e-01 (9.4038e-01)    Acc@1  76.56 ( 76.56)   Acc@5  92.58 ( 92.58)
 *   Acc@1 65.900 Acc@5 86.898
Epoch: [41][   0/5005]  Time  3.712 ( 3.712)    Data  3.562 ( 3.562)    Loss 1.4670e+00 (1.4670e+00)Acc@1  65.23 ( 65.23)    Acc@5  84.77 ( 84.77)
Epoch: [41][2000/5005]  Time  0.359 ( 0.345)    Data  0.000 ( 0.002)    Loss 1.5473e+00 (1.5590e+00)Acc@1  63.67 ( 63.57)    Acc@5  84.77 ( 83.99)
Epoch: [41][4000/5005]  Time  0.352 ( 0.344)    Data  0.000 ( 0.001)    Loss 1.5134e+00 (1.5683e+00)Acc@1  64.84 ( 63.35)    Acc@5  82.81 ( 83.88)
Test: [  0/196] Time  3.282 ( 3.282)    Loss 9.6275e-01 (9.6275e-01)    Acc@1  75.00 ( 75.00)   Acc@5  92.58 ( 92.58)
 *   Acc@1 65.750 Acc@5 86.946
Epoch: [42][   0/5005]  Time  2.240 ( 2.240)    Data  2.075 ( 2.075)    Loss 1.6336e+00 (1.6336e+00)Acc@1  63.28 ( 63.28)    Acc@5  80.86 ( 80.86)
Epoch: [42][2000/5005]  Time  0.341 ( 0.344)    Data  0.000 ( 0.002)    Loss 1.5836e+00 (1.5502e+00)Acc@1  62.89 ( 63.73)    Acc@5  84.77 ( 84.22)
Epoch: [42][4000/5005]  Time  0.339 ( 0.344)    Data  0.000 ( 0.001)    Loss 1.4743e+00 (1.5619e+00)Acc@1  64.84 ( 63.43)    Acc@5  83.20 ( 84.05)
Test: [  0/196] Time  4.312 ( 4.312)    Loss 7.6725e-01 (7.6725e-01)    Acc@1  78.91 ( 78.91)   Acc@5  94.92 ( 94.92)
 *   Acc@1 65.846 Acc@5 87.028
Epoch: [43][   0/5005]  Time  2.541 ( 2.541)    Data  2.409 ( 2.409)    Loss 1.5509e+00 (1.5509e+00)Acc@1  62.11 ( 62.11)    Acc@5  83.20 ( 83.20)
Epoch: [43][2000/5005]  Time  0.338 ( 0.345)    Data  0.000 ( 0.002)    Loss 1.6064e+00 (1.5521e+00)Acc@1  61.33 ( 63.67)    Acc@5  84.77 ( 84.16)
Epoch: [43][4000/5005]  Time  0.335 ( 0.343)    Data  0.000 ( 0.001)    Loss 1.7376e+00 (1.5642e+00)Acc@1  60.55 ( 63.42)    Acc@5  80.86 ( 83.97)
Test: [  0/196] Time  3.456 ( 3.456)    Loss 9.4412e-01 (9.4412e-01)    Acc@1  74.61 ( 74.61)   Acc@5  92.58 ( 92.58)
 *   Acc@1 64.693 Acc@5 86.231
Epoch: [44][   0/5005]  Time  2.536 ( 2.536)    Data  2.388 ( 2.388)    Loss 1.4399e+00 (1.4399e+00)Acc@1  64.06 ( 64.06)    Acc@5  84.38 ( 84.38)
Epoch: [44][2000/5005]  Time  0.331 ( 0.343)    Data  0.000 ( 0.002)    Loss 1.4925e+00 (1.5577e+00)Acc@1  65.23 ( 63.53)    Acc@5  84.38 ( 84.01)
Epoch: [44][4000/5005]  Time  0.357 ( 0.342)    Data  0.000 ( 0.001)    Loss 1.7142e+00 (1.5656e+00)Acc@1  60.55 ( 63.33)    Acc@5  80.08 ( 83.95)
Test: [  0/196] Time  3.200 ( 3.200)    Loss 9.0344e-01 (9.0344e-01)    Acc@1  76.17 ( 76.17)   Acc@5  95.31 ( 95.31)
 *   Acc@1 64.929 Acc@5 86.642
Epoch: [45][   0/5005]  Time  3.270 ( 3.270)    Data  3.106 ( 3.106)    Loss 1.3615e+00 (1.3615e+00)Acc@1  64.06 ( 64.06)    Acc@5  87.11 ( 87.11)
Epoch: [45][2000/5005]  Time  0.336 ( 0.343)    Data  0.000 ( 0.002)    Loss 1.5262e+00 (1.5535e+00)Acc@1  66.80 ( 63.63)    Acc@5  83.98 ( 84.13)
Epoch: [45][4000/5005]  Time  0.337 ( 0.342)    Data  0.000 ( 0.001)    Loss 1.5509e+00 (1.5619e+00)Acc@1  63.28 ( 63.42)    Acc@5  82.42 ( 84.00)
Test: [  0/196] Time  3.209 ( 3.209)    Loss 9.0415e-01 (9.0415e-01)    Acc@1  75.00 ( 75.00)   Acc@5  94.14 ( 94.14)
 *   Acc@1 64.058 Acc@5 85.735
Epoch: [46][   0/5005]  Time  2.636 ( 2.636)    Data  2.488 ( 2.488)    Loss 1.3801e+00 (1.3801e+00)Acc@1  66.80 ( 66.80)    Acc@5  88.28 ( 88.28)
Epoch: [46][2000/5005]  Time  0.338 ( 0.344)    Data  0.000 ( 0.002)    Loss 1.5628e+00 (1.5528e+00)Acc@1  67.97 ( 63.66)    Acc@5  83.59 ( 84.10)
Epoch: [46][4000/5005]  Time  0.388 ( 0.343)    Data  0.000 ( 0.001)    Loss 1.6468e+00 (1.5625e+00)Acc@1  62.11 ( 63.45)    Acc@5  85.55 ( 83.97)
Test: [  0/196] Time  3.266 ( 3.266)    Loss 9.5206e-01 (9.5206e-01)    Acc@1  76.95 ( 76.95)   Acc@5  92.97 ( 92.97)
 *   Acc@1 65.214 Acc@5 86.716
Epoch: [47][   0/5005]  Time  2.573 ( 2.573)    Data  2.404 ( 2.404)    Loss 1.6482e+00 (1.6482e+00)Acc@1  59.77 ( 59.77)    Acc@5  82.03 ( 82.03)
Epoch: [47][2000/5005]  Time  0.339 ( 0.345)    Data  0.000 ( 0.001)    Loss 1.7056e+00 (1.5475e+00)Acc@1  59.77 ( 63.70)    Acc@5  81.25 ( 84.22)
Epoch: [47][4000/5005]  Time  0.351 ( 0.344)    Data  0.000 ( 0.001)    Loss 1.5738e+00 (1.5603e+00)Acc@1  62.11 ( 63.45)    Acc@5  85.94 ( 84.04)
Test: [  0/196] Time  3.738 ( 3.738)    Loss 1.0498e+00 (1.0498e+00)    Acc@1  74.22 ( 74.22)   Acc@5  93.36 ( 93.36)
 *   Acc@1 65.778 Acc@5 86.952
Epoch: [48][   0/5005]  Time  2.736 ( 2.736)    Data  2.590 ( 2.590)    Loss 1.5609e+00 (1.5609e+00)Acc@1  64.84 ( 64.84)    Acc@5  83.20 ( 83.20)
Epoch: [48][2000/5005]  Time  0.340 ( 0.345)    Data  0.000 ( 0.002)    Loss 1.6245e+00 (1.5501e+00)Acc@1  58.59 ( 63.80)    Acc@5  83.98 ( 84.14)
Epoch: [48][4000/5005]  Time  0.342 ( 0.344)    Data  0.000 ( 0.001)    Loss 1.6890e+00 (1.5601e+00)Acc@1  60.94 ( 63.53)    Acc@5  82.42 ( 84.01)
Test: [  0/196] Time  3.339 ( 3.339)    Loss 1.0233e+00 (1.0233e+00)    Acc@1  69.92 ( 69.92)   Acc@5  94.92 ( 94.92)
 *   Acc@1 65.480 Acc@5 86.668
Epoch: [49][   0/5005]  Time  2.209 ( 2.209)    Data  2.072 ( 2.072)    Loss 1.6029e+00 (1.6029e+00)Acc@1  62.50 ( 62.50)    Acc@5  83.59 ( 83.59)


Epoch: [49][2000/5005]  Time  0.339 ( 0.344)    Data  0.000 ( 0.002)    Loss 1.3642e+00 (1.5540e+00)Acc@1  67.97 ( 63.59)    Acc@5  86.72 ( 84.11)
Epoch: [49][4000/5005]  Time  0.337 ( 0.343)    Data  0.000 ( 0.001)    Loss 1.6232e+00 (1.5590e+00)Acc@1  61.72 ( 63.48)    Acc@5  83.98 ( 84.06)
Test: [  0/196] Time  3.475 ( 3.475)    Loss 8.7300e-01 (8.7300e-01)    Acc@1  77.34 ( 77.34)   Acc@5  92.97 ( 92.97)
 *   Acc@1 65.274 Acc@5 86.760
Epoch: [50][   0/5005]  Time  2.810 ( 2.810)    Data  2.672 ( 2.672)    Loss 1.4560e+00 (1.4560e+00)Acc@1  64.06 ( 64.06)    Acc@5  82.81 ( 82.81)
Epoch: [50][2000/5005]  Time  0.338 ( 0.345)    Data  0.000 ( 0.002)    Loss 1.4789e+00 (1.5443e+00)Acc@1  60.16 ( 63.76)    Acc@5  85.94 ( 84.24)
Epoch: [50][4000/5005]  Time  0.339 ( 0.343)    Data  0.000 ( 0.001)    Loss 1.6624e+00 (1.5549e+00)Acc@1  63.28 ( 63.53)    Acc@5  83.59 ( 84.10)
Test: [  0/196] Time  3.241 ( 3.241)    Loss 9.1300e-01 (9.1300e-01)    Acc@1  75.78 ( 75.78)   Acc@5  93.36 ( 93.36)
 *   Acc@1 65.069 Acc@5 86.459
Epoch: [51][   0/5005]  Time  3.005 ( 3.005)    Data  2.843 ( 2.843)    Loss 1.4858e+00 (1.4858e+00)Acc@1  67.97 ( 67.97)    Acc@5  85.16 ( 85.16)
Epoch: [51][2000/5005]  Time  0.339 ( 0.344)    Data  0.000 ( 0.002)    Loss 1.7110e+00 (1.5395e+00)Acc@1  61.72 ( 63.84)    Acc@5  82.81 ( 84.32)
Epoch: [51][4000/5005]  Time  0.337 ( 0.343)    Data  0.000 ( 0.001)    Loss 1.5074e+00 (1.5548e+00)Acc@1  64.45 ( 63.56)    Acc@5  87.50 ( 84.10)
Test: [  0/196] Time  3.624 ( 3.624)    Loss 9.1141e-01 (9.1141e-01)    Acc@1  76.56 ( 76.56)   Acc@5  93.36 ( 93.36)
 *   Acc@1 65.330 Acc@5 86.848
Epoch: [52][   0/5005]  Time  3.495 ( 3.495)    Data  3.352 ( 3.352)    Loss 1.3510e+00 (1.3510e+00)Acc@1  72.66 ( 72.66)    Acc@5  86.33 ( 86.33)
Epoch: [52][2000/5005]  Time  0.338 ( 0.345)    Data  0.000 ( 0.002)    Loss 1.4393e+00 (1.5459e+00)Acc@1  63.67 ( 63.73)    Acc@5  85.55 ( 84.26)
Epoch: [52][4000/5005]  Time  0.335 ( 0.343)    Data  0.000 ( 0.001)    Loss 1.5065e+00 (1.5545e+00)Acc@1  65.23 ( 63.55)    Acc@5  84.77 ( 84.11)
Test: [  0/196] Time  3.327 ( 3.327)    Loss 9.5064e-01 (9.5064e-01)    Acc@1  76.56 ( 76.56)   Acc@5  92.97 ( 92.97)
 *   Acc@1 65.484 Acc@5 87.008
Epoch: [53][   0/5005]  Time  2.615 ( 2.615)    Data  2.468 ( 2.468)    Loss 1.5380e+00 (1.5380e+00)Acc@1  64.45 ( 64.45)    Acc@5  82.81 ( 82.81)
Epoch: [53][2000/5005]  Time  0.332 ( 0.344)    Data  0.000 ( 0.002)    Loss 1.6304e+00 (1.5389e+00)Acc@1  63.28 ( 63.82)    Acc@5  83.20 ( 84.32)
Epoch: [53][4000/5005]  Time  0.337 ( 0.343)    Data  0.000 ( 0.001)    Loss 1.4756e+00 (1.5514e+00)Acc@1  67.58 ( 63.59)    Acc@5  85.94 ( 84.17)
Test: [  0/196] Time  3.304 ( 3.304)    Loss 9.7770e-01 (9.7770e-01)    Acc@1  72.27 ( 72.27)   Acc@5  93.36 ( 93.36)
 *   Acc@1 65.234 Acc@5 86.662
Epoch: [54][   0/5005]  Time  2.280 ( 2.280)    Data  2.133 ( 2.133)    Loss 1.8975e+00 (1.8975e+00)Acc@1  59.38 ( 59.38)    Acc@5  79.30 ( 79.30)
Epoch: [54][2000/5005]  Time  0.353 ( 0.344)    Data  0.000 ( 0.001)    Loss 1.4971e+00 (1.5418e+00)Acc@1  66.41 ( 63.87)    Acc@5  85.16 ( 84.26)
Epoch: [54][4000/5005]  Time  0.350 ( 0.343)    Data  0.000 ( 0.001)    Loss 1.5742e+00 (1.5484e+00)Acc@1  61.72 ( 63.73)    Acc@5  83.20 ( 84.21)
Test: [  0/196] Time  3.295 ( 3.295)    Loss 9.1056e-01 (9.1056e-01)    Acc@1  76.95 ( 76.95)   Acc@5  92.19 ( 92.19)
 *   Acc@1 65.017 Acc@5 86.632
Epoch: [55][   0/5005]  Time  2.439 ( 2.439)    Data  2.293 ( 2.293)    Loss 1.3794e+00 (1.3794e+00)Acc@1  65.62 ( 65.62)    Acc@5  88.28 ( 88.28)
Epoch: [55][2000/5005]  Time  0.339 ( 0.345)    Data  0.000 ( 0.002)    Loss 1.5854e+00 (1.5361e+00)Acc@1  61.72 ( 63.96)    Acc@5  84.38 ( 84.37)
Epoch: [55][4000/5005]  Time  0.338 ( 0.344)    Data  0.000 ( 0.001)    Loss 1.6417e+00 (1.5472e+00)Acc@1  58.98 ( 63.69)    Acc@5  81.25 ( 84.20)
Test: [  0/196] Time  3.256 ( 3.256)    Loss 8.9231e-01 (8.9231e-01)    Acc@1  76.95 ( 76.95)   Acc@5  94.14 ( 94.14)
 *   Acc@1 64.721 Acc@5 86.463
Epoch: [56][   0/5005]  Time  2.295 ( 2.295)    Data  2.151 ( 2.151)    Loss 1.4530e+00 (1.4530e+00)Acc@1  66.02 ( 66.02)    Acc@5  86.33 ( 86.33)
Epoch: [56][2000/5005]  Time  0.339 ( 0.345)    Data  0.000 ( 0.002)    Loss 1.5648e+00 (1.5369e+00)Acc@1  63.67 ( 63.93)    Acc@5  84.38 ( 84.34)
Epoch: [56][4000/5005]  Time  0.327 ( 0.344)    Data  0.000 ( 0.001)    Loss 1.5940e+00 (1.5459e+00)Acc@1  66.02 ( 63.72)    Acc@5  82.81 ( 84.21)
Test: [  0/196] Time  3.265 ( 3.265)    Loss 9.7232e-01 (9.7232e-01)    Acc@1  73.83 ( 73.83)   Acc@5  93.75 ( 93.75)
 *   Acc@1 65.524 Acc@5 86.686
Epoch: [57][   0/5005]  Time  2.489 ( 2.489)    Data  2.331 ( 2.331)    Loss 1.4667e+00 (1.4667e+00)Acc@1  70.31 ( 70.31)    Acc@5  87.11 ( 87.11)
Epoch: [57][2000/5005]  Time  0.338 ( 0.344)    Data  0.000 ( 0.001)    Loss 1.5798e+00 (1.5346e+00)Acc@1  62.11 ( 64.02)    Acc@5  84.38 ( 84.41)
Epoch: [57][4000/5005]  Time  0.352 ( 0.343)    Data  0.000 ( 0.001)    Loss 1.4263e+00 (1.5446e+00)Acc@1  66.41 ( 63.77)    Acc@5  87.11 ( 84.27)
Test: [  0/196] Time  3.142 ( 3.142)    Loss 8.5312e-01 (8.5312e-01)    Acc@1  75.78 ( 75.78)   Acc@5  94.92 ( 94.92)
 *   Acc@1 64.983 Acc@5 86.706
Epoch: [58][   0/5005]  Time  3.226 ( 3.226)    Data  3.067 ( 3.067)    Loss 1.5444e+00 (1.5444e+00)Acc@1  61.33 ( 61.33)    Acc@5  84.38 ( 84.38)
Epoch: [58][2000/5005]  Time  0.359 ( 0.344)    Data  0.000 ( 0.002)    Loss 1.3969e+00 (1.5303e+00)Acc@1  66.02 ( 64.10)    Acc@5  88.67 ( 84.42)
Epoch: [58][4000/5005]  Time  0.357 ( 0.343)    Data  0.000 ( 0.001)    Loss 1.6109e+00 (1.5406e+00)Acc@1  59.38 ( 63.87)    Acc@5  83.59 ( 84.28)
Test: [  0/196] Time  3.312 ( 3.312)    Loss 9.8650e-01 (9.8650e-01)    Acc@1  72.66 ( 72.66)   Acc@5  91.80 ( 91.80)
 *   Acc@1 65.163 Acc@5 86.473
Epoch: [59][   0/5005]  Time  2.353 ( 2.353)    Data  2.206 ( 2.206)    Loss 1.4403e+00 (1.4403e+00)Acc@1  64.45 ( 64.45)    Acc@5  86.72 ( 86.72)
Epoch: [59][2000/5005]  Time  0.353 ( 0.344)    Data  0.000 ( 0.002)    Loss 1.6644e+00 (1.5373e+00)Acc@1  63.28 ( 64.05)    Acc@5  80.86 ( 84.32)
Epoch: [59][4000/5005]  Time  0.340 ( 0.343)    Data  0.000 ( 0.001)    Loss 1.6698e+00 (1.5415e+00)Acc@1  62.11 ( 63.88)    Acc@5  82.42 ( 84.25)
Test: [  0/196] Time  3.303 ( 3.303)    Loss 1.0057e+00 (1.0057e+00)    Acc@1  71.88 ( 71.88)   Acc@5  91.41 ( 91.41)
 *   Acc@1 65.630 Acc@5 87.044
Epoch: [60][   0/5005]  Time  2.384 ( 2.384)    Data  2.246 ( 2.246)    Loss 1.5475e+00 (1.5475e+00)Acc@1  63.67 ( 63.67)    Acc@5  81.25 ( 81.25)
Epoch: [60][2000/5005]  Time  0.339 ( 0.344)    Data  0.000 ( 0.001)    Loss 1.3477e+00 (1.3841e+00)Acc@1  69.14 ( 67.42)    Acc@5  87.89 ( 86.37)
Epoch: [60][4000/5005]  Time  0.352 ( 0.343)    Data  0.000 ( 0.001)    Loss 1.3563e+00 (1.3656e+00)Acc@1  64.84 ( 67.82)    Acc@5  85.16 ( 86.60)
Test: [  0/196] Time  3.230 ( 3.230)    Loss 8.1992e-01 (8.1992e-01)    Acc@1  78.12 ( 78.12)   Acc@5  93.75 ( 93.75)
 *   Acc@1 69.505 Acc@5 89.119
Epoch: [61][   0/5005]  Time  3.237 ( 3.237)    Data  3.073 ( 3.073)    Loss 1.3589e+00 (1.3589e+00)Acc@1  67.58 ( 67.58)    Acc@5  85.94 ( 85.94)
Epoch: [61][2000/5005]  Time  0.355 ( 0.344)    Data  0.000 ( 0.002)    Loss 1.2861e+00 (1.3239e+00)Acc@1  69.92 ( 68.73)    Acc@5  88.67 ( 87.17)
Epoch: [61][4000/5005]  Time  0.334 ( 0.343)    Data  0.000 ( 0.001)    Loss 1.4330e+00 (1.3208e+00)Acc@1  69.53 ( 68.76)    Acc@5  85.94 ( 87.18)
Test: [  0/196] Time  3.252 ( 3.252)    Loss 8.3181e-01 (8.3181e-01)    Acc@1  77.34 ( 77.34)   Acc@5  94.53 ( 94.53)
 *   Acc@1 69.777 Acc@5 89.307
Epoch: [62][   0/5005]  Time  2.370 ( 2.370)    Data  2.219 ( 2.219)    Loss 1.1776e+00 (1.1776e+00)Acc@1  71.09 ( 71.09)    Acc@5  90.23 ( 90.23)
Epoch: [62][2000/5005]  Time  0.353 ( 0.344)    Data  0.000 ( 0.001)    Loss 1.2371e+00 (1.2983e+00)Acc@1  69.53 ( 69.34)    Acc@5  90.62 ( 87.50)
Epoch: [62][4000/5005]  Time  0.352 ( 0.343)    Data  0.000 ( 0.001)    Loss 1.2922e+00 (1.3018e+00)Acc@1  68.36 ( 69.25)    Acc@5  89.06 ( 87.45)
Test: [  0/196] Time  3.337 ( 3.337)    Loss 7.9264e-01 (7.9264e-01)    Acc@1  77.73 ( 77.73)   Acc@5  94.53 ( 94.53)
 *   Acc@1 70.003 Acc@5 89.453
Epoch: [63][   0/5005]  Time  3.209 ( 3.209)    Data  3.053 ( 3.053)    Loss 1.3956e+00 (1.3956e+00)Acc@1  67.97 ( 67.97)    Acc@5  83.98 ( 83.98)
Epoch: [63][2000/5005]  Time  0.359 ( 0.344)    Data  0.000 ( 0.002)    Loss 1.2895e+00 (1.2874e+00)Acc@1  69.92 ( 69.51)    Acc@5  89.06 ( 87.69)
Epoch: [63][4000/5005]  Time  0.337 ( 0.344)    Data  0.000 ( 0.001)    Loss 1.4625e+00 (1.2866e+00)Acc@1  68.36 ( 69.55)    Acc@5  84.38 ( 87.67)
Test: [  0/196] Time  3.254 ( 3.254)    Loss 8.2940e-01 (8.2940e-01)    Acc@1  75.39 ( 75.39)   Acc@5  93.75 ( 93.75)
 *   Acc@1 70.158 Acc@5 89.499
Epoch: [64][   0/5005]  Time  2.192 ( 2.192)    Data  2.039 ( 2.039)    Loss 1.4020e+00 (1.4020e+00)Acc@1  66.41 ( 66.41)    Acc@5  85.94 ( 85.94)
Epoch: [64][2000/5005]  Time  0.339 ( 0.344)    Data  0.000 ( 0.001)    Loss 1.1020e+00 (1.2801e+00)Acc@1  72.27 ( 69.75)    Acc@5  91.80 ( 87.71)
Epoch: [64][4000/5005]  Time  0.338 ( 0.343)    Data  0.000 ( 0.001)    Loss 1.2687e+00 (1.2794e+00)Acc@1  68.36 ( 69.73)    Acc@5  88.28 ( 87.70)
Test: [  0/196] Time  3.265 ( 3.265)    Loss 7.7889e-01 (7.7889e-01)    Acc@1  78.12 ( 78.12)   Acc@5  94.92 ( 94.92)
 *   Acc@1 70.236 Acc@5 89.479
Epoch: [65][   0/5005]  Time  2.524 ( 2.524)    Data  2.389 ( 2.389)    Loss 1.1243e+00 (1.1243e+00)Acc@1  73.83 ( 73.83)    Acc@5  90.23 ( 90.23)
Epoch: [65][2000/5005]  Time  0.336 ( 0.344)    Data  0.000 ( 0.002)    Loss 1.4563e+00 (1.2691e+00)Acc@1  62.11 ( 69.93)    Acc@5  85.94 ( 87.88)
Epoch: [65][4000/5005]  Time  0.335 ( 0.343)    Data  0.000 ( 0.001)    Loss 1.1358e+00 (1.2707e+00)Acc@1  71.48 ( 69.92)    Acc@5  89.84 ( 87.83)
Test: [  0/196] Time  3.208 ( 3.208)    Loss 7.8959e-01 (7.8959e-01)    Acc@1  78.12 ( 78.12)   Acc@5  93.75 ( 93.75)
 *   Acc@1 70.280 Acc@5 89.577
Epoch: [66][   0/5005]  Time  2.927 ( 2.927)    Data  2.769 ( 2.769)    Loss 1.1126e+00 (1.1126e+00)Acc@1  75.00 ( 75.00)    Acc@5  90.23 ( 90.23)
Epoch: [66][2000/5005]  Time  0.335 ( 0.344)    Data  0.000 ( 0.002)    Loss 1.2089e+00 (1.2644e+00)Acc@1  69.14 ( 70.05)    Acc@5  87.50 ( 87.90)
Epoch: [66][4000/5005]  Time  0.337 ( 0.343)    Data  0.000 ( 0.001)    Loss 1.3709e+00 (1.2620e+00)Acc@1  69.92 ( 70.10)    Acc@5  84.38 ( 87.95)
Test: [  0/196] Time  3.285 ( 3.285)    Loss 7.8573e-01 (7.8573e-01)    Acc@1  77.34 ( 77.34)   Acc@5  94.14 ( 94.14)
 *   Acc@1 70.330 Acc@5 89.635
Epoch: [67][   0/5005]  Time  2.855 ( 2.855)    Data  2.706 ( 2.706)    Loss 1.3017e+00 (1.3017e+00)Acc@1  69.53 ( 69.53)    Acc@5  88.67 ( 88.67)
Epoch: [67][2000/5005]  Time  0.337 ( 0.344)    Data  0.000 ( 0.002)    Loss 1.3029e+00 (1.2516e+00)Acc@1  69.53 ( 70.31)    Acc@5  87.89 ( 88.05)
Epoch: [67][4000/5005]  Time  0.339 ( 0.343)    Data  0.000 ( 0.001)    Loss 1.2349e+00 (1.2562e+00)Acc@1  71.48 ( 70.20)    Acc@5  89.06 ( 88.00)
Test: [  0/196] Time  3.212 ( 3.212)    Loss 7.8357e-01 (7.8357e-01)    Acc@1  76.95 ( 76.95)   Acc@5  94.53 ( 94.53)
 *   Acc@1 70.414 Acc@5 89.621
Epoch: [68][   0/5005]  Time  2.444 ( 2.444)    Data  2.275 ( 2.275)    Loss 1.1205e+00 (1.1205e+00)Acc@1  73.05 ( 73.05)    Acc@5  89.84 ( 89.84)
Epoch: [68][2000/5005]  Time  0.340 ( 0.344)    Data  0.000 ( 0.002)    Loss 1.2348e+00 (1.2503e+00)Acc@1  71.88 ( 70.40)    Acc@5  88.28 ( 88.09)
Epoch: [68][4000/5005]  Time  0.339 ( 0.343)    Data  0.000 ( 0.001)    Loss 1.2314e+00 (1.2500e+00)Acc@1  69.53 ( 70.37)    Acc@5  89.84 ( 88.08)
Test: [  0/196] Time  3.303 ( 3.303)    Loss 8.2368e-01 (8.2368e-01)    Acc@1  75.00 ( 75.00)   Acc@5  94.92 ( 94.92)
 *   Acc@1 70.372 Acc@5 89.651
Epoch: [69][   0/5005]  Time  2.945 ( 2.945)    Data  2.793 ( 2.793)    Loss 1.2927e+00 (1.2927e+00)Acc@1  69.53 ( 69.53)    Acc@5  87.89 ( 87.89)
Epoch: [69][2000/5005]  Time  0.337 ( 0.345)    Data  0.000 ( 0.002)    Loss 1.3541e+00 (1.2390e+00)Acc@1  69.14 ( 70.62)    Acc@5  87.89 ( 88.23)
Epoch: [69][4000/5005]  Time  0.338 ( 0.344)    Data  0.000 ( 0.001)    Loss 1.3067e+00 (1.2446e+00)Acc@1  68.75 ( 70.44)    Acc@5  84.38 ( 88.19)
Test: [  0/196] Time  3.310 ( 3.310)    Loss 7.5911e-01 (7.5911e-01)    Acc@1  78.12 ( 78.12)   Acc@5  94.92 ( 94.92)
 *   Acc@1 70.434 Acc@5 89.731
Epoch: [70][   0/5005]  Time  2.934 ( 2.934)    Data  2.791 ( 2.791)    Loss 1.1924e+00 (1.1924e+00)Acc@1  71.48 ( 71.48)    Acc@5  89.84 ( 89.84)
Epoch: [70][2000/5005]  Time  0.337 ( 0.344)    Data  0.000 ( 0.002)    Loss 1.1606e+00 (1.2406e+00)Acc@1  69.53 ( 70.57)    Acc@5  89.84 ( 88.21)
Epoch: [70][4000/5005]  Time  0.334 ( 0.343)    Data  0.000 ( 0.001)    Loss 1.0277e+00 (1.2408e+00)Acc@1  73.05 ( 70.53)    Acc@5  90.62 ( 88.22)
Test: [  0/196] Time  3.250 ( 3.250)    Loss 7.8402e-01 (7.8402e-01)    Acc@1  77.73 ( 77.73)   Acc@5  96.09 ( 96.09)
 *   Acc@1 70.342 Acc@5 89.615
Epoch: [71][   0/5005]  Time  2.207 ( 2.207)    Data  2.072 ( 2.072)    Loss 1.2088e+00 (1.2088e+00)Acc@1  69.92 ( 69.92)    Acc@5  87.50 ( 87.50)
Epoch: [71][2000/5005]  Time  0.341 ( 0.344)    Data  0.000 ( 0.002)    Loss 1.2509e+00 (1.2366e+00)Acc@1  71.09 ( 70.65)    Acc@5  88.28 ( 88.28)
Epoch: [71][4000/5005]  Time  0.339 ( 0.343)    Data  0.000 ( 0.001)    Loss 1.2211e+00 (1.2391e+00)Acc@1  69.92 ( 70.59)    Acc@5  88.67 ( 88.23)
Test: [  0/196] Time  3.256 ( 3.256)    Loss 7.4684e-01 (7.4684e-01)    Acc@1  78.52 ( 78.52)   Acc@5  95.70 ( 95.70)
 *   Acc@1 70.308 Acc@5 89.667
Epoch: [72][   0/5005]  Time  2.420 ( 2.420)    Data  2.270 ( 2.270)    Loss 1.6112e+00 (1.6112e+00)Acc@1  61.33 ( 61.33)    Acc@5  80.86 ( 80.86)
Epoch: [72][2000/5005]  Time  0.339 ( 0.344)    Data  0.000 ( 0.001)    Loss 1.1813e+00 (1.2366e+00)Acc@1  69.53 ( 70.61)    Acc@5  91.41 ( 88.29)
Epoch: [72][4000/5005]  Time  0.337 ( 0.343)    Data  0.000 ( 0.001)    Loss 1.2356e+00 (1.2367e+00)Acc@1  71.09 ( 70.65)    Acc@5  89.45 ( 88.28)
Test: [  0/196] Time  3.284 ( 3.284)    Loss 8.0623e-01 (8.0623e-01)    Acc@1  77.73 ( 77.73)   Acc@5  94.92 ( 94.92)
 *   Acc@1 70.548 Acc@5 89.711
Epoch: [73][   0/5005]  Time  2.892 ( 2.892)    Data  2.758 ( 2.758)    Loss 1.2874e+00 (1.2874e+00)Acc@1  66.41 ( 66.41)    Acc@5  87.89 ( 87.89)
Epoch: [73][2000/5005]  Time  0.351 ( 0.344)    Data  0.000 ( 0.002)    Loss 1.1720e+00 (1.2293e+00)Acc@1  70.70 ( 70.78)    Acc@5  87.50 ( 88.38)
Epoch: [73][4000/5005]  Time  0.373 ( 0.343)    Data  0.000 ( 0.001)    Loss 1.2518e+00 (1.2316e+00)Acc@1  73.05 ( 70.77)    Acc@5  89.06 ( 88.33)
Test: [  0/196] Time  3.312 ( 3.312)    Loss 7.8365e-01 (7.8365e-01)    Acc@1  78.52 ( 78.52)   Acc@5  94.14 ( 94.14)
 *   Acc@1 70.366 Acc@5 89.689
Epoch: [74][   0/5005]  Time  2.568 ( 2.568)    Data  2.416 ( 2.416)    Loss 1.3620e+00 (1.3620e+00)Acc@1  66.80 ( 66.80)    Acc@5  87.50 ( 87.50)
Epoch: [74][2000/5005]  Time  0.339 ( 0.344)    Data  0.000 ( 0.002)    Loss 1.2878e+00 (1.2241e+00)Acc@1  69.53 ( 70.82)    Acc@5  88.67 ( 88.41)
Epoch: [74][4000/5005]  Time  0.338 ( 0.343)    Data  0.000 ( 0.001)    Loss 1.3376e+00 (1.2266e+00)Acc@1  68.36 ( 70.81)    Acc@5  85.16 ( 88.39)
Test: [  0/196] Time  3.248 ( 3.248)    Loss 7.6887e-01 (7.6887e-01)    Acc@1  77.34 ( 77.34)   Acc@5  94.14 ( 94.14)
 *   Acc@1 70.570 Acc@5 89.707
Epoch: [75][   0/5005]  Time  2.328 ( 2.328)    Data  2.192 ( 2.192)    Loss 1.1165e+00 (1.1165e+00)Acc@1  73.44 ( 73.44)    Acc@5  91.02 ( 91.02)
Epoch: [75][2000/5005]  Time  0.337 ( 0.344)    Data  0.000 ( 0.001)    Loss 1.3326e+00 (1.2236e+00)Acc@1  69.92 ( 70.87)    Acc@5  85.55 ( 88.41)
Epoch: [75][4000/5005]  Time  0.340 ( 0.343)    Data  0.000 ( 0.001)    Loss 1.2345e+00 (1.2261e+00)Acc@1  70.31 ( 70.81)    Acc@5  88.28 ( 88.39)
Test: [  0/196] Time  3.257 ( 3.257)    Loss 7.7066e-01 (7.7066e-01)    Acc@1  76.95 ( 76.95)   Acc@5  95.70 ( 95.70)
 *   Acc@1 70.566 Acc@5 89.721
Epoch: [76][   0/5005]  Time  2.868 ( 2.868)    Data  2.736 ( 2.736)    Loss 1.3851e+00 (1.3851e+00)Acc@1  67.19 ( 67.19)    Acc@5  84.38 ( 84.38)
Epoch: [76][2000/5005]  Time  0.339 ( 0.345)    Data  0.000 ( 0.002)    Loss 1.3244e+00 (1.2189e+00)Acc@1  69.53 ( 71.02)    Acc@5  88.28 ( 88.45)
Epoch: [76][4000/5005]  Time  0.338 ( 0.344)    Data  0.000 ( 0.001)    Loss 1.0716e+00 (1.2221e+00)Acc@1  73.05 ( 70.94)    Acc@5  89.84 ( 88.43)
Test: [  0/196] Time  3.303 ( 3.303)    Loss 7.7022e-01 (7.7022e-01)    Acc@1  76.95 ( 76.95)   Acc@5  96.09 ( 96.09)
 *   Acc@1 70.600 Acc@5 89.735
Epoch: [77][   0/5005]  Time  2.701 ( 2.701)    Data  2.554 ( 2.554)    Loss 1.2153e+00 (1.2153e+00)Acc@1  69.53 ( 69.53)    Acc@5  88.67 ( 88.67)
Epoch: [77][2000/5005]  Time  0.337 ( 0.345)    Data  0.000 ( 0.002)    Loss 1.0217e+00 (1.2162e+00)Acc@1  74.61 ( 71.10)    Acc@5  91.02 ( 88.53)
Epoch: [77][4000/5005]  Time  0.333 ( 0.344)    Data  0.000 ( 0.001)    Loss 1.1823e+00 (1.2175e+00)Acc@1  73.44 ( 71.02)    Acc@5  90.62 ( 88.51)
Test: [  0/196] Time  3.265 ( 3.265)    Loss 7.9054e-01 (7.9054e-01)    Acc@1  78.91 ( 78.91)   Acc@5  95.31 ( 95.31)
 *   Acc@1 70.540 Acc@5 89.707
Epoch: [78][   0/5005]  Time  2.860 ( 2.860)    Data  2.717 ( 2.717)    Loss 1.0518e+00 (1.0518e+00)Acc@1  74.22 ( 74.22)    Acc@5  89.84 ( 89.84)
Epoch: [78][2000/5005]  Time  0.360 ( 0.344)    Data  0.000 ( 0.002)    Loss 1.2609e+00 (1.2143e+00)Acc@1  69.92 ( 71.11)    Acc@5  87.89 ( 88.53)
Epoch: [78][4000/5005]  Time  0.338 ( 0.343)    Data  0.000 ( 0.001)    Loss 1.0967e+00 (1.2157e+00)Acc@1  76.56 ( 71.05)    Acc@5  88.28 ( 88.55)
Test: [  0/196] Time  3.266 ( 3.266)    Loss 7.6478e-01 (7.6478e-01)    Acc@1  77.73 ( 77.73)   Acc@5  94.53 ( 94.53)
 *   Acc@1 70.498 Acc@5 89.695
Epoch: [79][   0/5005]  Time  2.251 ( 2.251)    Data  2.116 ( 2.116)    Loss 1.3877e+00 (1.3877e+00)Acc@1  66.80 ( 66.80)    Acc@5  86.33 ( 86.33)
Epoch: [79][2000/5005]  Time  0.341 ( 0.344)    Data  0.000 ( 0.001)    Loss 1.2263e+00 (1.2121e+00)Acc@1  70.70 ( 71.15)    Acc@5  87.50 ( 88.61)
Epoch: [79][4000/5005]  Time  0.340 ( 0.343)    Data  0.000 ( 0.001)    Loss 1.0344e+00 (1.2160e+00)Acc@1  76.56 ( 71.07)    Acc@5  90.23 ( 88.52)
Test: [  0/196] Time  3.235 ( 3.235)    Loss 7.3879e-01 (7.3879e-01)    Acc@1  78.12 ( 78.12)   Acc@5  96.09 ( 96.09)
 *   Acc@1 70.538 Acc@5 89.766
Epoch: [80][   0/5005]  Time  2.148 ( 2.148)    Data  1.988 ( 1.988)    Loss 1.1495e+00 (1.1495e+00)Acc@1  69.92 ( 69.92)    Acc@5  91.02 ( 91.02)
Epoch: [80][2000/5005]  Time  0.339 ( 0.344)    Data  0.000 ( 0.002)    Loss 1.2337e+00 (1.2077e+00)Acc@1  71.48 ( 71.20)    Acc@5  87.89 ( 88.65)
Epoch: [80][4000/5005]  Time  0.335 ( 0.344)    Data  0.000 ( 0.001)    Loss 1.2859e+00 (1.2116e+00)Acc@1  70.31 ( 71.14)    Acc@5  87.50 ( 88.58)
Test: [  0/196] Time  3.190 ( 3.190)    Loss 7.9067e-01 (7.9067e-01)    Acc@1  78.12 ( 78.12)   Acc@5  94.53 ( 94.53)
 *   Acc@1 70.562 Acc@5 89.693
Epoch: [81][   0/5005]  Time  2.685 ( 2.685)    Data  2.534 ( 2.534)    Loss 1.1594e+00 (1.1594e+00)Acc@1  70.31 ( 70.31)    Acc@5  90.23 ( 90.23)
Epoch: [81][2000/5005]  Time  0.340 ( 0.344)    Data  0.000 ( 0.002)    Loss 1.2379e+00 (1.2050e+00)Acc@1  70.70 ( 71.32)    Acc@5  86.72 ( 88.68)
Epoch: [81][4000/5005]  Time  0.338 ( 0.343)    Data  0.000 ( 0.001)    Loss 1.1556e+00 (1.2095e+00)Acc@1  71.48 ( 71.18)    Acc@5  89.84 ( 88.62)
Test: [  0/196] Time  3.290 ( 3.290)    Loss 7.3385e-01 (7.3385e-01)    Acc@1  79.69 ( 79.69)   Acc@5  96.48 ( 96.48)
 *   Acc@1 70.632 Acc@5 89.739
Epoch: [82][   0/5005]  Time  2.696 ( 2.696)    Data  2.557 ( 2.557)    Loss 1.1810e+00 (1.1810e+00)Acc@1  73.44 ( 73.44)    Acc@5  87.50 ( 87.50)
Epoch: [82][2000/5005]  Time  0.340 ( 0.344)    Data  0.000 ( 0.002)    Loss 1.2074e+00 (1.2060e+00)Acc@1  71.88 ( 71.34)    Acc@5  87.89 ( 88.62)
Epoch: [82][4000/5005]  Time  0.356 ( 0.343)    Data  0.000 ( 0.001)    Loss 1.4036e+00 (1.2087e+00)Acc@1  65.62 ( 71.25)    Acc@5  86.72 ( 88.60)
Test: [  0/196] Time  3.338 ( 3.338)    Loss 7.4256e-01 (7.4256e-01)    Acc@1  78.12 ( 78.12)   Acc@5  95.31 ( 95.31)
 *   Acc@1 70.642 Acc@5 89.731
Epoch: [83][   0/5005]  Time  2.324 ( 2.324)    Data  2.183 ( 2.183)    Loss 1.2333e+00 (1.2333e+00)Acc@1  70.31 ( 70.31)       Acc@5  89.45 ( 89.45)
Epoch: [83][2000/5005]  Time  0.335 ( 0.374)    Data  0.000 ( 0.002)    Loss 1.1852e+00 (1.2036e+00)Acc@1  68.36 ( 71.31)       Acc@5  91.41 ( 88.68)
Epoch: [83][4000/5005]  Time  0.335 ( 0.362)    Data  0.000 ( 0.001)    Loss 1.1836e+00 (1.2056e+00)Acc@1  71.48 ( 71.28)       Acc@5  88.67 ( 88.65)
Test: [  0/196] Time  3.339 ( 3.339)    Loss 7.4578e-01 (7.4578e-01)    Acc@1  78.12 ( 78.12)   Acc@5  95.70 ( 95.70)
 *   Acc@1 70.576 Acc@5 89.741
Epoch: [84][   0/5005]  Time  3.140 ( 3.140)    Data  2.979 ( 2.979)    Loss 1.1698e+00 (1.1698e+00)Acc@1  73.05 ( 73.05)       Acc@5  90.62 ( 90.62)
Epoch: [84][2000/5005]  Time  0.341 ( 0.346)    Data  0.000 ( 0.002)    Loss 1.2354e+00 (1.1968e+00)Acc@1  72.27 ( 71.49)       Acc@5  89.06 ( 88.76)
Epoch: [84][4000/5005]  Time  0.342 ( 0.345)    Data  0.000 ( 0.001)    Loss 1.2358e+00 (1.2033e+00)Acc@1  68.36 ( 71.38)       Acc@5  90.62 ( 88.66)
Test: [  0/196] Time  3.200 ( 3.200)    Loss 8.1261e-01 (8.1261e-01)    Acc@1  75.00 ( 75.00)   Acc@5  93.36 ( 93.36)
 *   Acc@1 70.606 Acc@5 89.778
Epoch: [85][   0/5005]  Time  3.011 ( 3.011)    Data  2.827 ( 2.827)    Loss 9.9929e-01 (9.9929e-01)Acc@1  78.12 ( 78.12)       Acc@5  92.97 ( 92.97)
Epoch: [85][2000/5005]  Time  0.353 ( 0.345)    Data  0.000 ( 0.002)    Loss 1.2541e+00 (1.1947e+00)Acc@1  69.53 ( 71.58)       Acc@5  88.67 ( 88.79)
Epoch: [85][4000/5005]  Time  0.342 ( 0.344)    Data  0.000 ( 0.001)    Loss 1.3535e+00 (1.2002e+00)Acc@1  68.36 ( 71.45)       Acc@5  85.94 ( 88.71)
Test: [  0/196] Time  3.196 ( 3.196)    Loss 7.2728e-01 (7.2728e-01)    Acc@1  77.73 ( 77.73)   Acc@5  95.70 ( 95.70)
 *   Acc@1 70.560 Acc@5 89.786
Epoch: [86][   0/5005]  Time  2.655 ( 2.655)    Data  2.513 ( 2.513)    Loss 1.0156e+00 (1.0156e+00)Acc@1  75.39 ( 75.39)       Acc@5  92.58 ( 92.58)
Epoch: [86][2000/5005]  Time  0.339 ( 0.345)    Data  0.000 ( 0.002)    Loss 1.2239e+00 (1.1941e+00)Acc@1  67.97 ( 71.61)       Acc@5  88.67 ( 88.76)
Epoch: [86][4000/5005]  Time  0.340 ( 0.344)    Data  0.000 ( 0.001)    Loss 1.0815e+00 (1.1979e+00)Acc@1  73.83 ( 71.47)       Acc@5  91.41 ( 88.73)
Test: [  0/196] Time  3.214 ( 3.214)    Loss 7.4112e-01 (7.4112e-01)    Acc@1  77.34 ( 77.34)   Acc@5  95.31 ( 95.31)
 *   Acc@1 70.666 Acc@5 89.737
Epoch: [87][   0/5005]  Time  2.336 ( 2.336)    Data  2.194 ( 2.194)    Loss 1.2473e+00 (1.2473e+00)Acc@1  71.09 ( 71.09)       Acc@5  89.84 ( 89.84)
Epoch: [87][2000/5005]  Time  0.352 ( 0.344)    Data  0.000 ( 0.002)    Loss 1.0278e+00 (1.1874e+00)Acc@1  78.52 ( 71.72)       Acc@5  92.58 ( 88.88)
Epoch: [87][4000/5005]  Time  0.339 ( 0.347)    Data  0.000 ( 0.001)    Loss 1.1559e+00 (1.1956e+00)   Acc@1  72.27 ( 71.51)    Acc@5  89.06 ( 88.77)
Test: [  0/196] Time  3.272 ( 3.272)    Loss 7.2146e-01 (7.2146e-01)    Acc@1  80.08 ( 80.08)   Acc@5  95.31 ( 95.31)
 *   Acc@1 70.582 Acc@5 89.745
Epoch: [88][   0/5005]  Time  3.269 ( 3.269)    Data  3.091 ( 3.091)    Loss 1.0398e+00 (1.0398e+00)   Acc@1  74.61 ( 74.61)    Acc@5  91.02 ( 91.02)
Epoch: [88][2000/5005]  Time  0.338 ( 0.349)    Data  0.000 ( 0.002)    Loss 1.1882e+00 (1.1898e+00)   Acc@1  71.09 ( 71.66)    Acc@5  87.11 ( 88.87)
Epoch: [88][4000/5005]  Time  0.337 ( 0.346)    Data  0.000 ( 0.001)    Loss 1.2175e+00 (1.1939e+00)   Acc@1  71.48 ( 71.52)    Acc@5  87.11 ( 88.79)
Test: [  0/196] Time  3.292 ( 3.292)    Loss 7.7444e-01 (7.7444e-01)    Acc@1  77.73 ( 77.73)   Acc@5  95.31 ( 95.31)
 *   Acc@1 70.616 Acc@5 89.856
Epoch: [89][   0/5005]  Time  2.940 ( 2.940)    Data  2.760 ( 2.760)    Loss 1.2219e+00 (1.2219e+00)   Acc@1  72.27 ( 72.27)    Acc@5  89.06 ( 89.06)
Epoch: [89][2000/5005]  Time  0.352 ( 0.345)    Data  0.000 ( 0.002)    Loss 1.3077e+00 (1.1899e+00)   Acc@1  70.31 ( 71.67)    Acc@5  87.50 ( 88.85)
Epoch: [89][4000/5005]  Time  0.335 ( 0.345)    Data  0.000 ( 0.001)    Loss 1.2314e+00 (1.1932e+00)   Acc@1  73.44 ( 71.61)    Acc@5  87.11 ( 88.80)
Test: [  0/196] Time  3.539 ( 3.539)    Loss 7.4391e-01 (7.4391e-01)    Acc@1  78.91 ( 78.91)   Acc@5  94.14 ( 94.14)
 *   Acc@1 70.400 Acc@5 89.790